#
# A fatal error has been detected by the Java Runtime Environment:
#
#  SIGSEGV (0xb) at pc=0x00000000, pid=10092, tid=0x62e46460
#
# JRE version: Java(TM) SE Runtime Environment (8.0_211-b12) (build 1.8.0_211-b12)
# Java VM: Java HotSpot(TM) Client VM (25.211-b12 mixed mode linux-arm )
# Problematic frame:
# C  0x00000000
#
# Failed to write core dump. Core dumps have been disabled. To enable core dumping, try "ulimit -c unlimited" before starting Java again
#
# If you would like to submit a bug report, please visit:
#   http://bugreport.java.com/bugreport/crash.jsp
# The crash happened outside the Java Virtual Machine in native code.
# See problematic frame for where to report the bug.
#

---------------  T H R E A D  ---------------

Current thread (0x650d5c00):  JavaThread "Event Thread" [_thread_in_native, id=10117, stack(0x62df7000,0x62e47000)]

siginfo: si_signo: 11 (SIGSEGV), si_code: 1 (SEGV_MAPERR), si_addr: 0x00000000

Registers:
  r0  = 0x00000000
  r1  = 0x00100000
  r2  = 0x00100000
  r3  = 0x00000000
  r4  = 0x00000000
  r5  = 0x65335c40
  r6  = 0x65335b28
  r7  = 0x00000000
  r8  = 0x62e45784
  r9  = 0x661259b0
  r10 = 0x650d5c00
  fp  = 0x62e456dc
  r12 = 0x65335c40
  sp  = 0x62e45678
  lr  = 0x6532ba34
  pc  = 0x00000000
  cpsr = 0x60000010

Top of Stack: (sp=0x62e45678)
0x62e45678:   00000000 00000000 740c3c80 62010000
0x62e45688:   62e45638 00000000 00000000 00000000
0x62e45698:   00000000 00000000 00000000 00000000
0x62e456a8:   00000000 65020000 00000000 00000000
0x62e456b8:   00100000 00100000 740bc728 6532bb24
0x62e456c8:   00000000 00000000 62e45784 650d5c00
0x62e456d8:   62e456e4 6532bb60 62e45770 7408ba2c
0x62e456e8:   00000000 00000000 66125900 00000000 

Instructions: (pc=0x00000000)
0xffffffe0:   

Register to memory mapping:

  r0  = 0x00000000
0x00000000 is an unknown value

  r1  = 0x00100000
0x00100000 is an unknown value

  r2  = 0x00100000
0x00100000 is an unknown value

  r3  = 0x00000000
0x00000000 is an unknown value

  r4  = 0x00000000
0x00000000 is an unknown value

  r5  = 0x65335c40
0x65335c40: <offset 0xcc40> in /home/pi/jdk1.8.0_211/jre/lib/arm/libglass_monocle.so at 0x65329000

  r6  = 0x65335b28
0x65335b28: <offset 0xcb28> in /home/pi/jdk1.8.0_211/jre/lib/arm/libglass_monocle.so at 0x65329000

  r7  = 0x00000000
0x00000000 is an unknown value

  r8  = 0x62e45784
0x62e45784 is pointing into the stack for thread: 0x650d5c00

  r9  = 0x661259b0
{method} {0x661259b0} '_initDispmanCursor' '(II)V' in 'com/sun/glass/ui/monocle/DispmanCursor'

  r10 = 0x650d5c00
0x650d5c00 is a thread

  fp  = 0x62e456dc
0x62e456dc is pointing into the stack for thread: 0x650d5c00

  r12 = 0x65335c40
0x65335c40: <offset 0xcc40> in /home/pi/jdk1.8.0_211/jre/lib/arm/libglass_monocle.so at 0x65329000

  sp  = 0x62e45678
0x62e45678 is pointing into the stack for thread: 0x650d5c00

  lr  = 0x6532ba34
0x6532ba34: <offset 0x2a34> in /home/pi/jdk1.8.0_211/jre/lib/arm/libglass_monocle.so at 0x65329000

  pc  = 0x00000000
0x00000000 is an unknown value



Stack: [0x62df7000,0x62e47000],  sp=0x62e45678,  free space=313k
Java frames: (J=compiled Java code, j=interpreted, Vv=VM code)
j  com.sun.glass.ui.monocle.DispmanCursor._initDispmanCursor(II)V+0
j  com.sun.glass.ui.monocle.DispmanCursor.<init>()V+9
j  com.sun.glass.ui.monocle.DispmanPlatform.createCursor()Lcom/sun/glass/ui/monocle/NativeCursor;+4
j  com.sun.glass.ui.monocle.NativePlatform.getCursor()Lcom/sun/glass/ui/monocle/NativeCursor;+9
j  com.sun.glass.ui.monocle.MonocleApplication.staticCursor_setVisible(Z)V+3
j  com.sun.glass.ui.monocle.MonocleApplication.updateDeviceFlags(Lcom/sun/glass/ui/monocle/InputDevice;Z)V+83
j  com.sun.glass.ui.monocle.MonocleApplication.lambda$new$107(Ljavafx/collections/SetChangeListener$Change;)V+18
j  com.sun.glass.ui.monocle.MonocleApplication$$Lambda$40.onChanged(Ljavafx/collections/SetChangeListener$Change;)V+5
j  com.sun.javafx.collections.SetListenerHelper$SingleChange.fireValueChangedEvent(Ljavafx/collections/SetChangeListener$Change;)V+5
j  com.sun.javafx.collections.SetListenerHelper.fireValueChangedEvent(Lcom/sun/javafx/collections/SetListenerHelper;Ljavafx/collections/SetChangeListener$Change;)V+6
j  com.sun.javafx.collections.ObservableSetWrapper.callObservers(Ljavafx/collections/SetChangeListener$Change;)V+5
j  com.sun.javafx.collections.ObservableSetWrapper.add(Ljava/lang/Object;)Z+25
j  com.sun.glass.ui.monocle.LinuxInputDeviceRegistry.addDeviceInternal(Lcom/sun/glass/ui/monocle/LinuxInputDevice;Ljava/lang/String;)Lcom/sun/glass/ui/monocle/LinuxInputDevice;+49
j  com.sun.glass.ui.monocle.LinuxInputDeviceRegistry.createDevice(Ljava/io/File;Ljava/io/File;Ljava/util/Map;)Lcom/sun/glass/ui/monocle/LinuxInputDevice;+37
j  com.sun.glass.ui.monocle.LinuxInputDeviceRegistry.lambda$new$97(Ljava/util/Map;Ljava/lang/String;Ljava/util/Map;)V+123
j  com.sun.glass.ui.monocle.LinuxInputDeviceRegistry$$Lambda$39.udevEvent(Ljava/lang/String;Ljava/util/Map;)V+10
j  com.sun.glass.ui.monocle.Udev$1.run()V+63
j  com.sun.glass.ui.monocle.RunnableProcessor.runLoop()Ljava/lang/Object;+36
j  com.sun.glass.ui.monocle.RunnableProcessor.run()V+1
j  java.lang.Thread.run()V+11
v  ~StubRoutines::call_stub

---------------  P R O C E S S  ---------------

Java Threads: ( => current thread )
  0x65808000 JavaThread "Linux input: /dev/input/mouse1" daemon [_thread_in_native, id=10122, stack(0x62da7000,0x62df7000)]
=>0x650d5c00 JavaThread "Event Thread" [_thread_in_native, id=10117, stack(0x62df7000,0x62e47000)]
  0x650d2800 JavaThread "udev monitor" daemon [_thread_in_native, id=10112, stack(0x62e47000,0x62e97000)]
  0x65200800 JavaThread "Attach Listener" daemon [_thread_in_vm, id=10111, stack(0x62e97000,0x62ee7000)]
  0x650bb000 JavaThread "QuantumRenderer-0" daemon [_thread_blocked, id=10109, stack(0x6302e000,0x6307e000)]
  0x65013400 JavaThread "Service Thread" daemon [_thread_blocked, id=10107, stack(0x64f2f000,0x64f7f000)]
  0x65011000 JavaThread "C1 CompilerThread0" daemon [_thread_in_native, id=10106, stack(0x64f80000,0x65000000)]
  0x6500f400 JavaThread "Monitor Ctrl-Break" daemon [_thread_in_native, id=10105, stack(0x6511a000,0x6516a000)]
  0x76181800 JavaThread "Signal Dispatcher" daemon [_thread_blocked, id=10104, stack(0x65336000,0x65386000)]
  0x76166400 JavaThread "Finalizer" daemon [_thread_blocked, id=10099, stack(0x65b3a000,0x65b8a000)]
  0x76164400 JavaThread "Reference Handler" daemon [_thread_blocked, id=10098, stack(0x65b8a000,0x65bda000)]
  0x76108400 JavaThread "main" [_thread_blocked, id=10093, stack(0x76237000,0x76287000)]

Other Threads:
  0x7615ec00 VMThread [stack: 0x73e1b000,0x73e9b000] [id=10095]
  0x65026000 WatcherThread [stack: 0x6307f000,0x630ff000] [id=10108]

VM state:not at safepoint (normal execution)

VM Mutex/Monitor currently owned by a thread: None

Heap:
 def new generation   total 4352K, used 2409K [0x66200000, 0x666a0000, 0x6ab40000)
  eden space 3968K,  51% used [0x66200000, 0x663fa550, 0x665e0000)
  from space 384K, 100% used [0x665e0000, 0x66640000, 0x66640000)
  to   space 384K,   0% used [0x66640000, 0x66640000, 0x666a0000)
 tenured generation   total 9600K, used 1221K [0x6ab40000, 0x6b4a0000, 0x73e00000)
   the space 9600K,  12% used [0x6ab40000, 0x6ac716e0, 0x6ac71800, 0x6b4a0000)
 Metaspace       used 3992K, capacity 4247K, committed 4248K, reserved 4400K

Card table byte_map: [0x73f8f000,0x73ffe000] byte_map_base: 0x73c5e000

Polling page: 0x76f25000

CodeCache: size=32768Kb used=783Kb max_used=783Kb free=31984Kb
 bounds [0x7407e000, 0x74146000, 0x7607e000]
 total_blobs=322 nmethods=140 adapters=114
 compilation: enabled

Compilation events (10 events):
Event: 1.463 Thread 0x65011000  136             java.io.BufferedInputStream::getBufIfOpen (21 bytes)
Event: 1.464 Thread 0x65011000 nmethod 136 0x7413fd48 code [0x7413fe40, 0x7413ff54]
Event: 1.464 Thread 0x65011000  137  s          java.io.BufferedInputStream::read (49 bytes)
Event: 1.466 Thread 0x65011000 nmethod 137 0x7413ffc8 code [0x741400d0, 0x741404c0]
Event: 1.466 Thread 0x65011000  138             java.io.DataInputStream::readFully (63 bytes)
Event: 1.467 Thread 0x65011000 nmethod 138 0x74140608 code [0x74140720, 0x7414091c]
Event: 1.467 Thread 0x65011000  139             java.io.DataInputStream::readShort (40 bytes)
Event: 1.469 Thread 0x65011000 nmethod 139 0x74140ac8 code [0x74140bd0, 0x74140d1c]
Event: 1.475 Thread 0x65011000  140             java.util.HashMap::resize (359 bytes)
Event: 1.482 Thread 0x65011000 nmethod 140 0x74140e08 code [0x74140f30, 0x74141534]

GC Heap History (4 events):
Event: 0.929 GC heap before
{Heap before GC invocations=0 (full 0):
 def new generation   total 4352K, used 3966K [0x66200000, 0x666a0000, 0x6ab40000)
  eden space 3968K,  99% used [0x66200000, 0x665df908, 0x665e0000)
  from space 384K,   0% used [0x665e0000, 0x665e0000, 0x66640000)
  to   space 384K,   0% used [0x66640000, 0x66640000, 0x666a0000)
 tenured generation   total 9600K, used 0K [0x6ab40000, 0x6b4a0000, 0x73e00000)
   the space 9600K,   0% used [0x6ab40000, 0x6ab40000, 0x6ab40200, 0x6b4a0000)
 Metaspace       used 2693K, capacity 2881K, committed 2968K, reserved 4400K
Event: 0.942 GC heap after
Heap after GC invocations=1 (full 0):
 def new generation   total 4352K, used 384K [0x66200000, 0x666a0000, 0x6ab40000)
  eden space 3968K,   0% used [0x66200000, 0x66200000, 0x665e0000)
  from space 384K, 100% used [0x66640000, 0x666a0000, 0x666a0000)
  to   space 384K,   0% used [0x665e0000, 0x665e0000, 0x66640000)
 tenured generation   total 9600K, used 381K [0x6ab40000, 0x6b4a0000, 0x73e00000)
   the space 9600K,   3% used [0x6ab40000, 0x6ab9f5e0, 0x6ab9f600, 0x6b4a0000)
 Metaspace       used 2693K, capacity 2881K, committed 2968K, reserved 4400K
}
Event: 1.340 GC heap before
{Heap before GC invocations=1 (full 0):
 def new generation   total 4352K, used 4352K [0x66200000, 0x666a0000, 0x6ab40000)
  eden space 3968K, 100% used [0x66200000, 0x665e0000, 0x665e0000)
  from space 384K, 100% used [0x66640000, 0x666a0000, 0x666a0000)
  to   space 384K,   0% used [0x665e0000, 0x665e0000, 0x66640000)
 tenured generation   total 9600K, used 381K [0x6ab40000, 0x6b4a0000, 0x73e00000)
   the space 9600K,   3% used [0x6ab40000, 0x6ab9f5e0, 0x6ab9f600, 0x6b4a0000)
 Metaspace       used 3522K, capacity 3781K, committed 3864K, reserved 4400K
Event: 1.350 GC heap after
Heap after GC invocations=2 (full 0):
 def new generation   total 4352K, used 384K [0x66200000, 0x666a0000, 0x6ab40000)
  eden space 3968K,   0% used [0x66200000, 0x66200000, 0x665e0000)
  from space 384K, 100% used [0x665e0000, 0x66640000, 0x66640000)
  to   space 384K,   0% used [0x66640000, 0x66640000, 0x666a0000)
 tenured generation   total 9600K, used 1221K [0x6ab40000, 0x6b4a0000, 0x73e00000)
   the space 9600K,  12% used [0x6ab40000, 0x6ac716e0, 0x6ac71800, 0x6b4a0000)
 Metaspace       used 3522K, capacity 3781K, committed 3864K, reserved 4400K
}

Deoptimization events (0 events):
No events

Classes redefined (0 events):
No events

Internal exceptions (10 events):
Event: 0.094 Thread 0x76108400 Exception <a 'java/lang/NoSuchMethodError': Method sun.misc.Unsafe.defineClass(Ljava/lang/String;[BII)Ljava/lang/Class; name or signature does not match> (0x66206ea0) thrown at [/HUDSON/workspace/8-2-build-glinux-arm-vfp-hflt/jdk8u211/12973/hotspot/src/sh
Event: 0.095 Thread 0x76108400 Exception <a 'java/lang/NoSuchMethodError': Method sun.misc.Unsafe.prefetchRead(Ljava/lang/Object;J)V name or signature does not match> (0x66207170) thrown at [/HUDSON/workspace/8-2-build-glinux-arm-vfp-hflt/jdk8u211/12973/hotspot/src/share/vm/prims/jni.c
Event: 0.780 Thread 0x76108400 Exception <a 'java/lang/NoSuchFieldError': method resolution failed> (0x664bb360) thrown at [/HUDSON/workspace/8-2-build-glinux-arm-vfp-hflt/jdk8u211/12973/hotspot/src/share/vm/prims/methodHandles.cpp, line 1167]
Event: 0.788 Thread 0x76108400 Exception <a 'java/lang/NoSuchFieldError': method resolution failed> (0x664c7e68) thrown at [/HUDSON/workspace/8-2-build-glinux-arm-vfp-hflt/jdk8u211/12973/hotspot/src/share/vm/prims/methodHandles.cpp, line 1167]
Event: 0.876 Thread 0x76108400 Exception <a 'java/security/PrivilegedActionException'> (0x66568338) thrown at [/HUDSON/workspace/8-2-build-glinux-arm-vfp-hflt/jdk8u211/12973/hotspot/src/share/vm/prims/jvm.cpp, line 1502]
Event: 0.876 Thread 0x76108400 Exception <a 'java/security/PrivilegedActionException'> (0x66568538) thrown at [/HUDSON/workspace/8-2-build-glinux-arm-vfp-hflt/jdk8u211/12973/hotspot/src/share/vm/prims/jvm.cpp, line 1502]
Event: 0.878 Thread 0x76108400 Exception <a 'java/security/PrivilegedActionException'> (0x6656a540) thrown at [/HUDSON/workspace/8-2-build-glinux-arm-vfp-hflt/jdk8u211/12973/hotspot/src/share/vm/prims/jvm.cpp, line 1502]
Event: 0.878 Thread 0x76108400 Exception <a 'java/security/PrivilegedActionException'> (0x6656a740) thrown at [/HUDSON/workspace/8-2-build-glinux-arm-vfp-hflt/jdk8u211/12973/hotspot/src/share/vm/prims/jvm.cpp, line 1502]
Event: 0.879 Thread 0x76108400 Exception <a 'java/lang/NullPointerException'> (0x6656b0c0) thrown at [/HUDSON/workspace/8-2-build-glinux-arm-vfp-hflt/jdk8u211/12973/hotspot/src/share/vm/interpreter/linkResolver.cpp, line 1185]
Event: 1.464 Thread 0x650d5c00 Exception <a 'java/io/FileNotFoundException'> (0x66320448) thrown at [/HUDSON/workspace/8-2-build-glinux-arm-vfp-hflt/jdk8u211/12973/hotspot/src/share/vm/prims/jni.cpp, line 710]

Events (10 events):
Event: 1.532 loading class com/sun/glass/ui/monocle/MouseState done
Event: 1.533 loading class java/util/ResourceBundle$BundleReference
Event: 1.533 loading class java/util/ResourceBundle$BundleReference done
Event: 1.534 loading class sun/util/resources/en/TimeZoneNames_en
Event: 1.534 loading class com/sun/glass/ui/monocle/IntSet
Event: 1.534 loading class com/sun/glass/ui/monocle/IntSet done
Event: 1.534 loading class sun/util/resources/en/TimeZoneNames_en done
Event: 1.535 loading class java/util/LinkedHashMap$LinkedKeySet
Event: 1.535 loading class java/util/LinkedHashMap$LinkedKeySet done
Event: 1.537 Thread 0x65808000 Thread added: 0x65808000


Dynamic libraries:
00008000-00009000 r-xp 00000000 b3:02 262073     /home/pi/jdk1.8.0_211/bin/java
00010000-00011000 r--p 00000000 b3:02 262073     /home/pi/jdk1.8.0_211/bin/java
00011000-00012000 rw-p 00001000 b3:02 262073     /home/pi/jdk1.8.0_211/bin/java
015d5000-015f6000 rw-p 00000000 00:00 0          [heap]
62da7000-62daa000 ---p 00000000 00:00 0 
62daa000-62df7000 rw-p 00000000 00:00 0 
62df7000-62dfa000 ---p 00000000 00:00 0 
62dfa000-62e47000 rw-p 00000000 00:00 0 
62e47000-62e4a000 ---p 00000000 00:00 0 
62e4a000-62e97000 rw-p 00000000 00:00 0 
62e97000-62e9a000 ---p 00000000 00:00 0 
62e9a000-62ee7000 rw-p 00000000 00:00 0 
62ee7000-63015000 r-xp 00000000 b3:02 12425      /usr/lib/arm-linux-gnueabihf/libstdc++.so.6.0.25
63015000-63025000 ---p 0012e000 b3:02 12425      /usr/lib/arm-linux-gnueabihf/libstdc++.so.6.0.25
63025000-6302a000 r--p 0012e000 b3:02 12425      /usr/lib/arm-linux-gnueabihf/libstdc++.so.6.0.25
6302a000-6302c000 rw-p 00133000 b3:02 12425      /usr/lib/arm-linux-gnueabihf/libstdc++.so.6.0.25
6302c000-6302e000 rw-p 00000000 00:00 0 
6302e000-63031000 ---p 00000000 00:00 0 
63031000-6307e000 rw-p 00000000 00:00 0 
6307e000-6307f000 ---p 00000000 00:00 0 
6307f000-64d00000 rw-p 00000000 00:00 0 
64d00000-64da5000 rw-p 00000000 00:00 0 
64da5000-64e00000 ---p 00000000 00:00 0 
64e00000-64e60000 rw-p 00000000 00:00 0 
64e60000-64f00000 ---p 00000000 00:00 0 
64f2f000-64f32000 ---p 00000000 00:00 0 
64f32000-64f7f000 rw-p 00000000 00:00 0 
64f7f000-64f80000 ---p 00000000 00:00 0 
64f80000-64f83000 ---p 00000000 00:00 0 
64f83000-65000000 rw-p 00000000 00:00 0 
65000000-650de000 rw-p 00000000 00:00 0 
650de000-65100000 ---p 00000000 00:00 0 
6511a000-6511d000 ---p 00000000 00:00 0 
6511d000-6516a000 rw-p 00000000 00:00 0 
6516a000-65200000 r--s 008be000 b3:02 262635     /home/pi/jdk1.8.0_211/jre/lib/ext/jfxrt.jar
65200000-65221000 rw-p 00000000 00:00 0 
65221000-65300000 ---p 00000000 00:00 0 
65315000-65320000 r-xp 00000000 b3:02 262664     /home/pi/jdk1.8.0_211/jre/lib/arm/libprism_sw.so
65320000-65328000 ---p 0000b000 b3:02 262664     /home/pi/jdk1.8.0_211/jre/lib/arm/libprism_sw.so
65328000-65329000 rw-p 0000b000 b3:02 262664     /home/pi/jdk1.8.0_211/jre/lib/arm/libprism_sw.so
65329000-6532e000 r-xp 00000000 b3:02 262652     /home/pi/jdk1.8.0_211/jre/lib/arm/libglass_monocle.so
6532e000-65335000 ---p 00005000 b3:02 262652     /home/pi/jdk1.8.0_211/jre/lib/arm/libglass_monocle.so
65335000-65336000 rw-p 00004000 b3:02 262652     /home/pi/jdk1.8.0_211/jre/lib/arm/libglass_monocle.so
65336000-65339000 ---p 00000000 00:00 0 
65339000-65386000 rw-p 00000000 00:00 0 
65386000-65600000 r--p 0006b000 b3:02 72465      /usr/lib/locale/locale-archive
65600000-65800000 r--p 00000000 b3:02 72465      /usr/lib/locale/locale-archive
65800000-65821000 rw-p 00000000 00:00 0 
65821000-65900000 ---p 00000000 00:00 0 
65900000-65921000 rw-p 00000000 00:00 0 
65921000-65a00000 ---p 00000000 00:00 0 
65a00000-65a21000 rw-p 00000000 00:00 0 
65a21000-65b00000 ---p 00000000 00:00 0 
65b04000-65b0e000 r-xp 00000000 b3:02 262663     /home/pi/jdk1.8.0_211/jre/lib/arm/libprism_es2_monocle.so
65b0e000-65b15000 ---p 0000a000 b3:02 262663     /home/pi/jdk1.8.0_211/jre/lib/arm/libprism_es2_monocle.so
65b15000-65b16000 rw-p 00009000 b3:02 262663     /home/pi/jdk1.8.0_211/jre/lib/arm/libprism_es2_monocle.so
65b16000-65b29000 r-xp 00000000 b3:02 262124     /home/pi/jdk1.8.0_211/jre/lib/arm/libnet.so
65b29000-65b30000 ---p 00013000 b3:02 262124     /home/pi/jdk1.8.0_211/jre/lib/arm/libnet.so
65b30000-65b31000 r--p 00012000 b3:02 262124     /home/pi/jdk1.8.0_211/jre/lib/arm/libnet.so
65b31000-65b32000 rw-p 00013000 b3:02 262124     /home/pi/jdk1.8.0_211/jre/lib/arm/libnet.so
65b32000-65b3a000 r--s 00032000 b3:02 391730     /home/pi/Downloads/pi4j-1.2/lib/pi4j-device.jar
65b3a000-65b3d000 ---p 00000000 00:00 0 
65b3d000-65b8a000 rw-p 00000000 00:00 0 
65b8a000-65b8d000 ---p 00000000 00:00 0 
65b8d000-65bda000 rw-p 00000000 00:00 0 
65bda000-65db4000 r--s 03d6d000 b3:02 262233     /home/pi/jdk1.8.0_211/jre/lib/rt.jar
65db4000-661da000 rw-p 00000000 00:00 0 
661da000-66200000 ---p 00000000 00:00 0 
66200000-666a0000 rw-p 00000000 00:00 0 
666a0000-6ab40000 ---p 00000000 00:00 0 
6ab40000-6b4a0000 rw-p 00000000 00:00 0 
6b4a0000-73e00000 ---p 00000000 00:00 0 
73e02000-73e07000 r--s 00042000 b3:02 391709     /home/pi/Downloads/pi4j-1.2/lib/pi4j-example.jar
73e07000-73e1a000 r--s 00345000 b3:02 262211     /home/pi/jdk1.8.0_211/jre/lib/resources.jar
73e1a000-73e1b000 ---p 00000000 00:00 0 
73e1b000-73f4a000 rw-p 00000000 00:00 0 
73f4a000-73f8f000 ---p 00000000 00:00 0 
73f8f000-73f92000 rw-p 00000000 00:00 0 
73f92000-73fb3000 ---p 00000000 00:00 0 
73fb3000-73fb9000 rw-p 00000000 00:00 0 
73fb9000-73ffd000 ---p 00000000 00:00 0 
73ffd000-74002000 rw-p 00000000 00:00 0 
74002000-7407e000 ---p 00000000 00:00 0 
7407e000-74146000 rwxp 00000000 00:00 0 
74146000-7607e000 ---p 00000000 00:00 0 
7607e000-76096000 r-xp 00000000 b3:02 262146     /home/pi/jdk1.8.0_211/jre/lib/arm/libzip.so
76096000-7609d000 ---p 00018000 b3:02 262146     /home/pi/jdk1.8.0_211/jre/lib/arm/libzip.so
7609d000-7609e000 r--p 00017000 b3:02 262146     /home/pi/jdk1.8.0_211/jre/lib/arm/libzip.so
7609e000-7609f000 rw-p 00018000 b3:02 262146     /home/pi/jdk1.8.0_211/jre/lib/arm/libzip.so
7609f000-760a8000 r-xp 00000000 b3:02 2037       /lib/arm-linux-gnueabihf/libnss_files-2.28.so
760a8000-760b8000 ---p 00009000 b3:02 2037       /lib/arm-linux-gnueabihf/libnss_files-2.28.so
760b8000-760b9000 r--p 00009000 b3:02 2037       /lib/arm-linux-gnueabihf/libnss_files-2.28.so
760b9000-760ba000 rw-p 0000a000 b3:02 2037       /lib/arm-linux-gnueabihf/libnss_files-2.28.so
760ba000-760c0000 rw-p 00000000 00:00 0 
760c0000-760c2000 r--s 0001b000 b3:02 254499     /home/pi/Downloads/idea-IC-192.5728.98/lib/idea_rt.jar
760c2000-760c9000 r--s 000a7000 b3:02 391787     /home/pi/Downloads/pi4j-1.2/lib/pi4j-core.jar
760c9000-760cf000 r--s 000b4000 b3:02 391820     /home/pi/Downloads/pi4j-1.2/lib/pi4j-core-sources.jar
760cf000-760d4000 r--s 000a3000 b3:02 262178     /home/pi/jdk1.8.0_211/jre/lib/jsse.jar
760d4000-760f7000 r-xp 00000000 b3:02 262115     /home/pi/jdk1.8.0_211/jre/lib/arm/libjava.so
760f7000-760fe000 ---p 00023000 b3:02 262115     /home/pi/jdk1.8.0_211/jre/lib/arm/libjava.so
760fe000-760ff000 r--p 00022000 b3:02 262115     /home/pi/jdk1.8.0_211/jre/lib/arm/libjava.so
760ff000-76100000 rw-p 00023000 b3:02 262115     /home/pi/jdk1.8.0_211/jre/lib/arm/libjava.so
76100000-76200000 rw-p 00000000 00:00 0 
76201000-76203000 r--s 00016000 b3:02 391727     /home/pi/Downloads/pi4j-1.2/lib/pi4j-gpio-extension.jar
76203000-76204000 r--s 00000000 b3:02 262182     /home/pi/jdk1.8.0_211/jre/lib/management-agent.jar
76204000-76209000 r--s 00084000 b3:02 262214     /home/pi/jdk1.8.0_211/jre/lib/jfr.jar
76209000-7620e000 r--s 002f9000 b3:02 262255     /home/pi/jdk1.8.0_211/jre/lib/charsets.jar
7620e000-76216000 r-xp 00000000 b3:02 262157     /home/pi/jdk1.8.0_211/jre/lib/arm/libinstrument.so
76216000-7621d000 ---p 00008000 b3:02 262157     /home/pi/jdk1.8.0_211/jre/lib/arm/libinstrument.so
7621d000-7621e000 r--p 00007000 b3:02 262157     /home/pi/jdk1.8.0_211/jre/lib/arm/libinstrument.so
7621e000-7621f000 rw-p 00008000 b3:02 262157     /home/pi/jdk1.8.0_211/jre/lib/arm/libinstrument.so
7621f000-76225000 r-xp 00000000 b3:02 2063       /lib/arm-linux-gnueabihf/librt-2.28.so
76225000-76234000 ---p 00006000 b3:02 2063       /lib/arm-linux-gnueabihf/librt-2.28.so
76234000-76235000 r--p 00005000 b3:02 2063       /lib/arm-linux-gnueabihf/librt-2.28.so
76235000-76236000 rw-p 00006000 b3:02 2063       /lib/arm-linux-gnueabihf/librt-2.28.so
76236000-76237000 ---p 00000000 00:00 0 
76237000-7623a000 ---p 00000000 00:00 0 
7623a000-76287000 rw-p 00000000 00:00 0 
76287000-762f8000 r-xp 00000000 b3:02 2024       /lib/arm-linux-gnueabihf/libm-2.28.so
762f8000-76307000 ---p 00071000 b3:02 2024       /lib/arm-linux-gnueabihf/libm-2.28.so
76307000-76308000 r--p 00070000 b3:02 2024       /lib/arm-linux-gnueabihf/libm-2.28.so
76308000-76309000 rw-p 00071000 b3:02 2024       /lib/arm-linux-gnueabihf/libm-2.28.so
76309000-768a0000 r-xp 00000000 b3:02 262112     /home/pi/jdk1.8.0_211/jre/lib/arm/client/libjvm.so
768a0000-768a7000 ---p 00597000 b3:02 262112     /home/pi/jdk1.8.0_211/jre/lib/arm/client/libjvm.so
768a7000-768bb000 r--p 00596000 b3:02 262112     /home/pi/jdk1.8.0_211/jre/lib/arm/client/libjvm.so
768bb000-768d4000 rw-p 005aa000 b3:02 262112     /home/pi/jdk1.8.0_211/jre/lib/arm/client/libjvm.so
768d4000-76cfb000 rw-p 00000000 00:00 0 
76cfb000-76d17000 r-xp 00000000 b3:02 2014       /lib/arm-linux-gnueabihf/libgcc_s.so.1
76d17000-76d26000 ---p 0001c000 b3:02 2014       /lib/arm-linux-gnueabihf/libgcc_s.so.1
76d26000-76d27000 r--p 0001b000 b3:02 2014       /lib/arm-linux-gnueabihf/libgcc_s.so.1
76d27000-76d28000 rw-p 0001c000 b3:02 2014       /lib/arm-linux-gnueabihf/libgcc_s.so.1
76d28000-76e60000 r-xp 00000000 b3:02 1999       /lib/arm-linux-gnueabihf/libc-2.28.so
76e60000-76e70000 ---p 00138000 b3:02 1999       /lib/arm-linux-gnueabihf/libc-2.28.so
76e70000-76e72000 r--p 00138000 b3:02 1999       /lib/arm-linux-gnueabihf/libc-2.28.so
76e72000-76e73000 rw-p 0013a000 b3:02 1999       /lib/arm-linux-gnueabihf/libc-2.28.so
76e73000-76e76000 rw-p 00000000 00:00 0 
76e76000-76e78000 r-xp 00000000 b3:02 2007       /lib/arm-linux-gnueabihf/libdl-2.28.so
76e78000-76e87000 ---p 00002000 b3:02 2007       /lib/arm-linux-gnueabihf/libdl-2.28.so
76e87000-76e88000 r--p 00001000 b3:02 2007       /lib/arm-linux-gnueabihf/libdl-2.28.so
76e88000-76e89000 rw-p 00002000 b3:02 2007       /lib/arm-linux-gnueabihf/libdl-2.28.so
76e89000-76e9e000 r-xp 00000000 b3:02 262270     /home/pi/jdk1.8.0_211/lib/arm/jli/libjli.so
76e9e000-76ea5000 ---p 00015000 b3:02 262270     /home/pi/jdk1.8.0_211/lib/arm/jli/libjli.so
76ea5000-76ea6000 r--p 00014000 b3:02 262270     /home/pi/jdk1.8.0_211/lib/arm/jli/libjli.so
76ea6000-76ea7000 rw-p 00015000 b3:02 262270     /home/pi/jdk1.8.0_211/lib/arm/jli/libjli.so
76ea7000-76ebe000 r-xp 00000000 b3:02 2059       /lib/arm-linux-gnueabihf/libpthread-2.28.so
76ebe000-76ecd000 ---p 00017000 b3:02 2059       /lib/arm-linux-gnueabihf/libpthread-2.28.so
76ecd000-76ece000 r--p 00016000 b3:02 2059       /lib/arm-linux-gnueabihf/libpthread-2.28.so
76ece000-76ecf000 rw-p 00017000 b3:02 2059       /lib/arm-linux-gnueabihf/libpthread-2.28.so
76ecf000-76ed1000 rw-p 00000000 00:00 0 
76ed1000-76ed2000 r--s 00000000 b3:02 261589     /home/pi/jdk1.8.0_211/jre/lib/jfxswt.jar
76ed2000-76edb000 r-xp 00000000 b3:02 262139     /home/pi/jdk1.8.0_211/jre/lib/arm/libverify.so
76edb000-76ee3000 ---p 00009000 b3:02 262139     /home/pi/jdk1.8.0_211/jre/lib/arm/libverify.so
76ee3000-76ee4000 r--p 00009000 b3:02 262139     /home/pi/jdk1.8.0_211/jre/lib/arm/libverify.so
76ee4000-76ee5000 rw-p 0000a000 b3:02 262139     /home/pi/jdk1.8.0_211/jre/lib/arm/libverify.so
76ee5000-76ee9000 r-xp 00000000 b3:02 11957      /usr/lib/arm-linux-gnueabihf/libarmmem-v7l.so
76ee9000-76ef8000 ---p 00004000 b3:02 11957      /usr/lib/arm-linux-gnueabihf/libarmmem-v7l.so
76ef8000-76ef9000 r--p 00003000 b3:02 11957      /usr/lib/arm-linux-gnueabihf/libarmmem-v7l.so
76ef9000-76efa000 rw-p 00004000 b3:02 11957      /usr/lib/arm-linux-gnueabihf/libarmmem-v7l.so
76efa000-76f1a000 r-xp 00000000 b3:02 1931       /lib/arm-linux-gnueabihf/ld-2.28.so
76f1a000-76f1d000 r--s 0001a000 b3:02 262188     /home/pi/jdk1.8.0_211/jre/lib/jce.jar
76f1d000-76f25000 rw-s 00000000 b3:02 275817     /tmp/hsperfdata_root/10092
76f25000-76f26000 r--p 00000000 00:00 0 
76f26000-76f2a000 rw-p 00000000 00:00 0 
76f2a000-76f2b000 r--p 00020000 b3:02 1931       /lib/arm-linux-gnueabihf/ld-2.28.so
76f2b000-76f2c000 rw-p 00021000 b3:02 1931       /lib/arm-linux-gnueabihf/ld-2.28.so
7eef0000-7ef11000 rw-p 00000000 00:00 0          [stack]
7efdd000-7efde000 r-xp 00000000 00:00 0          [sigpage]
7efde000-7efdf000 r--p 00000000 00:00 0          [vvar]
7efdf000-7efe0000 r-xp 00000000 00:00 0          [vdso]
ffff0000-ffff1000 r-xp 00000000 00:00 0          [vectors]

VM Arguments:
jvm_args: -javaagent:/home/pi/Downloads/idea-IC-192.5728.98/lib/idea_rt.jar=34929:/home/pi/Downloads/idea-IC-192.5728.98/bin -Dfile.encoding=UTF-8 
java_command: sample.Main
java_class_path (initial): /home/pi/jdk1.8.0_211/jre/lib/charsets.jar:/home/pi/jdk1.8.0_211/jre/lib/ext/cldrdata.jar:/home/pi/jdk1.8.0_211/jre/lib/ext/dnsns.jar:/home/pi/jdk1.8.0_211/jre/lib/ext/jaccess.jar:/home/pi/jdk1.8.0_211/jre/lib/ext/jfxrt.jar:/home/pi/jdk1.8.0_211/jre/lib/ext/localedata.jar:/home/pi/jdk1.8.0_211/jre/lib/ext/nashorn.jar:/home/pi/jdk1.8.0_211/jre/lib/ext/sunec.jar:/home/pi/jdk1.8.0_211/jre/lib/ext/sunjce_provider.jar:/home/pi/jdk1.8.0_211/jre/lib/ext/sunpkcs11.jar:/home/pi/jdk1.8.0_211/jre/lib/ext/zipfs.jar:/home/pi/jdk1.8.0_211/jre/lib/jce.jar:/home/pi/jdk1.8.0_211/jre/lib/jfr.jar:/home/pi/jdk1.8.0_211/jre/lib/jfxswt.jar:/home/pi/jdk1.8.0_211/jre/lib/jsse.jar:/home/pi/jdk1.8.0_211/jre/lib/management-agent.jar:/home/pi/jdk1.8.0_211/jre/lib/resources.jar:/home/pi/jdk1.8.0_211/jre/lib/rt.jar:/home/pi/Documents/Drink/out/production/Drink:/home/pi/Downloads/pi4j-1.2/lib/pi4j-core-sources.jar:/home/pi/Downloads/pi4j-1.2/lib/pi4j-core.jar:/home/pi/Downloads/pi4j-1.2/lib/pi4j-device.jar:/home/pi/Downloads/pi4j-1.2/lib/pi4j-example.jar:/home/pi/Downloads/pi4j-1.2/lib/pi4j-gpio-extension.jar:/home/pi/Downloads/idea-IC-192.5728.98/lib/idea_rt.jar
Launcher Type: SUN_STANDARD

Environment Variables:
PATH=/usr/local/sbin:/usr/local/bin:/usr/sbin:/usr/bin:/sbin:/bin
SHELL=/bin/bash
DISPLAY=:0.0

Signal Handlers:
SIGSEGV: [libjvm.so+0x51776c], sa_mask[0]=11111111011111111101111111111110, sa_flags=SA_RESTART|SA_SIGINFO
SIGBUS: [libjvm.so+0x51776c], sa_mask[0]=11111111011111111101111111111110, sa_flags=SA_RESTART|SA_SIGINFO
SIGFPE: [libjvm.so+0x40b3cc], sa_mask[0]=11111111011111111101111111111110, sa_flags=SA_RESTART|SA_SIGINFO
SIGPIPE: [libjvm.so+0x40b3cc], sa_mask[0]=11111111011111111101111111111110, sa_flags=SA_RESTART|SA_SIGINFO
SIGXFSZ: [libjvm.so+0x40b3cc], sa_mask[0]=11111111011111111101111111111110, sa_flags=SA_RESTART|SA_SIGINFO
SIGILL: [libjvm.so+0x40b3cc], sa_mask[0]=11111111011111111101111111111110, sa_flags=SA_RESTART|SA_SIGINFO
SIGUSR1: SIG_DFL, sa_mask[0]=00000000000000000000000000000000, sa_flags=none
SIGUSR2: [libjvm.so+0x40b530], sa_mask[0]=00100000000000000000000000000000, sa_flags=SA_RESTART|SA_SIGINFO
SIGHUP: [libjvm.so+0x40b964], sa_mask[0]=11111111011111111101111111111110, sa_flags=SA_RESTART|SA_SIGINFO
SIGINT: [libjvm.so+0x40b964], sa_mask[0]=11111111011111111101111111111110, sa_flags=SA_RESTART|SA_SIGINFO
SIGTERM: [libjvm.so+0x40b964], sa_mask[0]=11111111011111111101111111111110, sa_flags=SA_RESTART|SA_SIGINFO
SIGQUIT: [libjvm.so+0x40b964], sa_mask[0]=11111111011111111101111111111110, sa_flags=SA_RESTART|SA_SIGINFO


---------------  S Y S T E M  ---------------

OS:PRETTY_NAME="Raspbian GNU/Linux 10 (buster)"
NAME="Raspbian GNU/Linux"
VERSION_ID="10"
VERSION="10 (buster)"
VERSION_CODENAME=buster
ID=raspbian
ID_LIKE=debian
HOME_URL="http://www.raspbian.org/"
SUPPORT_URL="http://www.raspbian.org/RaspbianForums"
BUG_REPORT_URL="http://www.raspbian.org/RaspbianBugs"

uname:Linux 4.19.50-v7+ #896 SMP Thu Jun 20 16:11:44 BST 2019 armv7l
libc:glibc 2.28 NPTL 2.28 
rlimit: STACK 8192k, CORE 0k, NPROC 6924, NOFILE 1048576, AS infinity
load average:0.74 0.82 0.87

/proc/meminfo:
MemTotal:         895524 kB
MemFree:          112108 kB
MemAvailable:     178564 kB
Buffers:            6104 kB
Cached:           100652 kB
SwapCached:         1092 kB
Active:           337396 kB
Inactive:         374404 kB
Active(anon):     266304 kB
Inactive(anon):   342532 kB
Active(file):      71092 kB
Inactive(file):    31872 kB
Unevictable:          16 kB
Mlocked:              16 kB
SwapTotal:        102396 kB
SwapFree:           1352 kB
Dirty:              2364 kB
Writeback:             0 kB
AnonPages:        604228 kB
Mapped:            39916 kB
Shmem:              3748 kB
Slab:              50928 kB
SReclaimable:      17088 kB
SUnreclaim:        33840 kB
KernelStack:        2248 kB
PageTables:         5356 kB
NFS_Unstable:          0 kB
Bounce:                0 kB
WritebackTmp:          0 kB
CommitLimit:      550156 kB
Committed_AS:    1448456 kB
VmallocTotal:    1163264 kB
VmallocUsed:           0 kB
VmallocChunk:          0 kB
Percpu:              656 kB
CmaTotal:           8192 kB
CmaFree:            6016 kB

container (cgroup) information:
container_type: cgroupv1
cpu_cpuset_cpus: 0-3
cpu_memory_nodes: 0
active_processor_count: 4
cpu_quota: -2
cpu_period: -2
cpu_shares: -1
memory_limit_in_bytes: -1
memory_and_swap_limit_in_bytes: -2
memory_soft_limit_in_bytes: -1
memory_usage_in_bytes: 712548352
memory_max_usage_in_bytes: 812232704


CPU:total 4 (initial active 4) (ARMv7), vfp

/proc/cpuinfo:
processor	: 0
model name	: ARMv7 Processor rev 4 (v7l)
BogoMIPS	: 89.60
Features	: half thumb fastmult vfp edsp neon vfpv3 tls vfpv4 idiva idivt vfpd32 lpae evtstrm crc32 
CPU implementer	: 0x41
CPU architecture: 7
CPU variant	: 0x0
CPU part	: 0xd03
CPU revision	: 4

processor	: 1
model name	: ARMv7 Processor rev 4 (v7l)
BogoMIPS	: 89.60
Features	: half thumb fastmult vfp edsp neon vfpv3 tls vfpv4 idiva idivt vfpd32 lpae evtstrm crc32 
CPU implementer	: 0x41
CPU architecture: 7
CPU variant	: 0x0
CPU part	: 0xd03
CPU revision	: 4

processor	: 2
model name	: ARMv7 Processor rev 4 (v7l)
BogoMIPS	: 89.60
Features	: half thumb fastmult vfp edsp neon vfpv3 tls vfpv4 idiva idivt vfpd32 lpae evtstrm crc32 
CPU implementer	: 0x41
CPU architecture: 7
CPU variant	: 0x0
CPU part	: 0xd03
CPU revision	: 4

processor	: 3
model name	: ARMv7 Processor rev 4 (v7l)
BogoMIPS	: 89.60
Features	: half thumb fastmult vfp edsp neon vfpv3 tls vfpv4 idiva idivt vfpd32 lpae evtstrm crc32 
CPU implementer	: 0x41
CPU architecture: 7
CPU variant	: 0x0
CPU part	: 0xd03
CPU revision	: 4

Hardware	: BCM2835
Revision	: a020d3
Serial		: 00000000a70cf4d8


Memory: 4k page, physical 895524k(112108k free), swap 102396k(1352k free)

vm_info: Java HotSpot(TM) Client VM (25.211-b12) for linux-arm-vfp-hflt JRE (1.8.0_211-b12), built on Apr  1 2019 22:36:07 by "fedora" with gcc 4.7.2 20120910 (prerelease)

time: Sun Nov 10 16:29:10 2019
timezone: CET
elapsed time: 1 seconds (0d 0h 0m 1s)

