#
# A fatal error has been detected by the Java Runtime Environment:
#
#  SIGSEGV (0xb) at pc=0x00000000, pid=1409, tid=0x62cff460
#
# JRE version: Java(TM) SE Runtime Environment (8.0_211-b12) (build 1.8.0_211-b12)
# Java VM: Java HotSpot(TM) Client VM (25.211-b12 mixed mode linux-arm )
# Problematic frame:
# C  0x00000000
#
# Failed to write core dump. Core dumps have been disabled. To enable core dumping, try "ulimit -c unlimited" before starting Java again
#
# If you would like to submit a bug report, please visit:
#   http://bugreport.java.com/bugreport/crash.jsp
# The crash happened outside the Java Virtual Machine in native code.
# See problematic frame for where to report the bug.
#

---------------  T H R E A D  ---------------

Current thread (0x650cdc00):  JavaThread "Event Thread" [_thread_in_native, id=1438, stack(0x62cb0000,0x62d00000)]

siginfo: si_signo: 11 (SIGSEGV), si_code: 1 (SEGV_MAPERR), si_addr: 0x00000000

Registers:
  r0  = 0x00000000
  r1  = 0x00100000
  r2  = 0x00100000
  r3  = 0x00000000
  r4  = 0x00000000
  r5  = 0x65119c40
  r6  = 0x65119b28
  r7  = 0x00000000
  r8  = 0x62cfe784
  r9  = 0x6616d9b0
  r10 = 0x650cdc00
  fp  = 0x62cfe6dc
  r12 = 0x65119c40
  sp  = 0x62cfe678
  lr  = 0x6510fa34
  pc  = 0x00000000
  cpsr = 0x60000010

Top of Stack: (sp=0x62cfe678)
0x62cfe678:   00000000 00000000 7409bc80 62010000
0x62cfe688:   62cfe638 00000000 00000000 00000000
0x62cfe698:   00000000 00000000 00000000 00000000
0x62cfe6a8:   00000000 65020000 00000000 00000000
0x62cfe6b8:   00100000 00100000 74094764 6510fb24
0x62cfe6c8:   00000000 00000000 62cfe784 650cdc00
0x62cfe6d8:   62cfe6e4 6510fb60 62cfe770 74063a2c
0x62cfe6e8:   00000000 00000000 6616d900 00000000 

Instructions: (pc=0x00000000)
0xffffffe0:   

Register to memory mapping:

  r0  = 0x00000000
0x00000000 is an unknown value

  r1  = 0x00100000
0x00100000 is an unknown value

  r2  = 0x00100000
0x00100000 is an unknown value

  r3  = 0x00000000
0x00000000 is an unknown value

  r4  = 0x00000000
0x00000000 is an unknown value

  r5  = 0x65119c40
0x65119c40: <offset 0xcc40> in /home/pi/jdk1.8.0_211/jre/lib/arm/libglass_monocle.so at 0x6510d000

  r6  = 0x65119b28
0x65119b28: <offset 0xcb28> in /home/pi/jdk1.8.0_211/jre/lib/arm/libglass_monocle.so at 0x6510d000

  r7  = 0x00000000
0x00000000 is an unknown value

  r8  = 0x62cfe784
0x62cfe784 is pointing into the stack for thread: 0x650cdc00

  r9  = 0x6616d9b0
{method} {0x6616d9b0} '_initDispmanCursor' '(II)V' in 'com/sun/glass/ui/monocle/DispmanCursor'

  r10 = 0x650cdc00
0x650cdc00 is a thread

  fp  = 0x62cfe6dc
0x62cfe6dc is pointing into the stack for thread: 0x650cdc00

  r12 = 0x65119c40
0x65119c40: <offset 0xcc40> in /home/pi/jdk1.8.0_211/jre/lib/arm/libglass_monocle.so at 0x6510d000

  sp  = 0x62cfe678
0x62cfe678 is pointing into the stack for thread: 0x650cdc00

  lr  = 0x6510fa34
0x6510fa34: <offset 0x2a34> in /home/pi/jdk1.8.0_211/jre/lib/arm/libglass_monocle.so at 0x6510d000

  pc  = 0x00000000
0x00000000 is an unknown value



Stack: [0x62cb0000,0x62d00000],  sp=0x62cfe678,  free space=313k
Java frames: (J=compiled Java code, j=interpreted, Vv=VM code)
j  com.sun.glass.ui.monocle.DispmanCursor._initDispmanCursor(II)V+0
j  com.sun.glass.ui.monocle.DispmanCursor.<init>()V+9
j  com.sun.glass.ui.monocle.DispmanPlatform.createCursor()Lcom/sun/glass/ui/monocle/NativeCursor;+4
j  com.sun.glass.ui.monocle.NativePlatform.getCursor()Lcom/sun/glass/ui/monocle/NativeCursor;+9
j  com.sun.glass.ui.monocle.MonocleApplication.staticCursor_setVisible(Z)V+3
j  com.sun.glass.ui.monocle.MonocleApplication.updateDeviceFlags(Lcom/sun/glass/ui/monocle/InputDevice;Z)V+83
j  com.sun.glass.ui.monocle.MonocleApplication.lambda$new$107(Ljavafx/collections/SetChangeListener$Change;)V+18
j  com.sun.glass.ui.monocle.MonocleApplication$$Lambda$40.onChanged(Ljavafx/collections/SetChangeListener$Change;)V+5
j  com.sun.javafx.collections.SetListenerHelper$SingleChange.fireValueChangedEvent(Ljavafx/collections/SetChangeListener$Change;)V+5
j  com.sun.javafx.collections.SetListenerHelper.fireValueChangedEvent(Lcom/sun/javafx/collections/SetListenerHelper;Ljavafx/collections/SetChangeListener$Change;)V+6
j  com.sun.javafx.collections.ObservableSetWrapper.callObservers(Ljavafx/collections/SetChangeListener$Change;)V+5
j  com.sun.javafx.collections.ObservableSetWrapper.add(Ljava/lang/Object;)Z+25
j  com.sun.glass.ui.monocle.LinuxInputDeviceRegistry.addDeviceInternal(Lcom/sun/glass/ui/monocle/LinuxInputDevice;Ljava/lang/String;)Lcom/sun/glass/ui/monocle/LinuxInputDevice;+49
j  com.sun.glass.ui.monocle.LinuxInputDeviceRegistry.createDevice(Ljava/io/File;Ljava/io/File;Ljava/util/Map;)Lcom/sun/glass/ui/monocle/LinuxInputDevice;+37
j  com.sun.glass.ui.monocle.LinuxInputDeviceRegistry.lambda$new$97(Ljava/util/Map;Ljava/lang/String;Ljava/util/Map;)V+123
j  com.sun.glass.ui.monocle.LinuxInputDeviceRegistry$$Lambda$39.udevEvent(Ljava/lang/String;Ljava/util/Map;)V+10
j  com.sun.glass.ui.monocle.Udev$1.run()V+63
j  com.sun.glass.ui.monocle.RunnableProcessor.runLoop()Ljava/lang/Object;+36
j  com.sun.glass.ui.monocle.RunnableProcessor.run()V+1
j  java.lang.Thread.run()V+11
v  ~StubRoutines::call_stub

---------------  P R O C E S S  ---------------

Java Threads: ( => current thread )
  0x65808000 JavaThread "Linux input: /dev/input/mouse1" daemon [_thread_in_native, id=1443, stack(0x62c60000,0x62cb0000)]
=>0x650cdc00 JavaThread "Event Thread" [_thread_in_native, id=1438, stack(0x62cb0000,0x62d00000)]
  0x650cac00 JavaThread "udev monitor" daemon [_thread_in_native, id=1433, stack(0x62e47000,0x62e97000)]
  0x650b3400 JavaThread "QuantumRenderer-0" daemon [_thread_blocked, id=1432, stack(0x62fde000,0x6302e000)]
  0x65200800 JavaThread "Attach Listener" daemon [_thread_blocked, id=1431, stack(0x6302e000,0x6307e000)]
  0x65015400 JavaThread "Service Thread" daemon [_thread_blocked, id=1429, stack(0x64f2f000,0x64f7f000)]
  0x65011000 JavaThread "C1 CompilerThread0" daemon [_thread_blocked, id=1428, stack(0x64f80000,0x65000000)]
  0x6500f400 JavaThread "Monitor Ctrl-Break" daemon [_thread_in_native, id=1427, stack(0x6511a000,0x6516a000)]
  0x76181800 JavaThread "Signal Dispatcher" daemon [_thread_blocked, id=1422, stack(0x65336000,0x65386000)]
  0x76166400 JavaThread "Finalizer" daemon [_thread_blocked, id=1418, stack(0x65b09000,0x65b59000)]
  0x76164400 JavaThread "Reference Handler" daemon [_thread_blocked, id=1416, stack(0x73e23000,0x73e73000)]
  0x76108400 JavaThread "main" [_thread_blocked, id=1412, stack(0x7620d000,0x7625d000)]

Other Threads:
  0x7615ec00 VMThread [stack: 0x65b5a000,0x65bda000] [id=1414]
  0x65027400 WatcherThread [stack: 0x64c80000,0x64d00000] [id=1430]

VM state:not at safepoint (normal execution)

VM Mutex/Monitor currently owned by a thread: None

Heap:
 def new generation   total 4352K, used 2590K [0x66200000, 0x666a0000, 0x6ab40000)
  eden space 3968K,  55% used [0x66200000, 0x664278d8, 0x665e0000)
  from space 384K, 100% used [0x665e0000, 0x66640000, 0x66640000)
  to   space 384K,   0% used [0x66640000, 0x66640000, 0x666a0000)
 tenured generation   total 9600K, used 1312K [0x6ab40000, 0x6b4a0000, 0x73e00000)
   the space 9600K,  13% used [0x6ab40000, 0x6ac880d8, 0x6ac88200, 0x6b4a0000)
 Metaspace       used 3989K, capacity 4247K, committed 4248K, reserved 4400K

Card table byte_map: [0x73f67000,0x73fd6000] byte_map_base: 0x73c36000

Polling page: 0x76efb000

CodeCache: size=32768Kb used=828Kb max_used=828Kb free=31939Kb
 bounds [0x74056000, 0x74126000, 0x76056000]
 total_blobs=327 nmethods=145 adapters=114
 compilation: enabled

Compilation events (10 events):
Event: 2.516 Thread 0x65011000  141             java.nio.Buffer::nextGetIndex (31 bytes)
Event: 2.517 Thread 0x65011000 nmethod 141 0x74121808 code [0x74121900, 0x741219f4]
Event: 2.517 Thread 0x65011000  142             java.nio.DirectByteBuffer::ix (10 bytes)
Event: 2.518 Thread 0x65011000 nmethod 142 0x74121a88 code [0x74121b60, 0x74121bf8]
Event: 2.518 Thread 0x65011000  143   !         com.sun.glass.ui.monocle.Udev::readEvent (350 bytes)
Event: 2.528 Thread 0x65011000 nmethod 143 0x74121c48 code [0x74121e80, 0x741235e8]
Event: 2.528 Thread 0x65011000  144             java.util.HashMap$Node::<init> (26 bytes)
Event: 2.529 Thread 0x65011000 nmethod 144 0x74124cc8 code [0x74124da0, 0x74124e68]
Event: 2.544 Thread 0x65011000  145             java.lang.StringBuilder::<init> (7 bytes)
Event: 2.545 Thread 0x65011000 nmethod 145 0x74124fc8 code [0x741250b0, 0x741251b8]

GC Heap History (4 events):
Event: 1.650 GC heap before
{Heap before GC invocations=0 (full 0):
 def new generation   total 4352K, used 3966K [0x66200000, 0x666a0000, 0x6ab40000)
  eden space 3968K,  99% used [0x66200000, 0x665df908, 0x665e0000)
  from space 384K,   0% used [0x665e0000, 0x665e0000, 0x66640000)
  to   space 384K,   0% used [0x66640000, 0x66640000, 0x666a0000)
 tenured generation   total 9600K, used 0K [0x6ab40000, 0x6b4a0000, 0x73e00000)
   the space 9600K,   0% used [0x6ab40000, 0x6ab40000, 0x6ab40200, 0x6b4a0000)
 Metaspace       used 2693K, capacity 2881K, committed 2968K, reserved 4400K
Event: 1.663 GC heap after
Heap after GC invocations=1 (full 0):
 def new generation   total 4352K, used 384K [0x66200000, 0x666a0000, 0x6ab40000)
  eden space 3968K,   0% used [0x66200000, 0x66200000, 0x665e0000)
  from space 384K, 100% used [0x66640000, 0x666a0000, 0x666a0000)
  to   space 384K,   0% used [0x665e0000, 0x665e0000, 0x66640000)
 tenured generation   total 9600K, used 381K [0x6ab40000, 0x6b4a0000, 0x73e00000)
   the space 9600K,   3% used [0x6ab40000, 0x6ab9f5e0, 0x6ab9f600, 0x6b4a0000)
 Metaspace       used 2693K, capacity 2881K, committed 2968K, reserved 4400K
}
Event: 2.311 GC heap before
{Heap before GC invocations=1 (full 0):
 def new generation   total 4352K, used 4352K [0x66200000, 0x666a0000, 0x6ab40000)
  eden space 3968K, 100% used [0x66200000, 0x665e0000, 0x665e0000)
  from space 384K, 100% used [0x66640000, 0x666a0000, 0x666a0000)
  to   space 384K,   0% used [0x665e0000, 0x665e0000, 0x66640000)
 tenured generation   total 9600K, used 381K [0x6ab40000, 0x6b4a0000, 0x73e00000)
   the space 9600K,   3% used [0x6ab40000, 0x6ab9f5e0, 0x6ab9f600, 0x6b4a0000)
 Metaspace       used 3647K, capacity 3884K, committed 3992K, reserved 4400K
Event: 2.324 GC heap after
Heap after GC invocations=2 (full 0):
 def new generation   total 4352K, used 384K [0x66200000, 0x666a0000, 0x6ab40000)
  eden space 3968K,   0% used [0x66200000, 0x66200000, 0x665e0000)
  from space 384K, 100% used [0x665e0000, 0x66640000, 0x66640000)
  to   space 384K,   0% used [0x66640000, 0x66640000, 0x666a0000)
 tenured generation   total 9600K, used 1312K [0x6ab40000, 0x6b4a0000, 0x73e00000)
   the space 9600K,  13% used [0x6ab40000, 0x6ac880d8, 0x6ac88200, 0x6b4a0000)
 Metaspace       used 3647K, capacity 3884K, committed 3992K, reserved 4400K
}

Deoptimization events (0 events):
No events

Classes redefined (0 events):
No events

Internal exceptions (10 events):
Event: 0.282 Thread 0x76108400 Exception <a 'java/lang/NoSuchMethodError': Method sun.misc.Unsafe.defineClass(Ljava/lang/String;[BII)Ljava/lang/Class; name or signature does not match> (0x66206ea0) thrown at [/HUDSON/workspace/8-2-build-glinux-arm-vfp-hflt/jdk8u211/12973/hotspot/src/sh
Event: 0.282 Thread 0x76108400 Exception <a 'java/lang/NoSuchMethodError': Method sun.misc.Unsafe.prefetchRead(Ljava/lang/Object;J)V name or signature does not match> (0x66207170) thrown at [/HUDSON/workspace/8-2-build-glinux-arm-vfp-hflt/jdk8u211/12973/hotspot/src/share/vm/prims/jni.c
Event: 1.431 Thread 0x76108400 Exception <a 'java/lang/NoSuchFieldError': method resolution failed> (0x664bb360) thrown at [/HUDSON/workspace/8-2-build-glinux-arm-vfp-hflt/jdk8u211/12973/hotspot/src/share/vm/prims/methodHandles.cpp, line 1167]
Event: 1.440 Thread 0x76108400 Exception <a 'java/lang/NoSuchFieldError': method resolution failed> (0x664c7e68) thrown at [/HUDSON/workspace/8-2-build-glinux-arm-vfp-hflt/jdk8u211/12973/hotspot/src/share/vm/prims/methodHandles.cpp, line 1167]
Event: 1.561 Thread 0x76108400 Exception <a 'java/security/PrivilegedActionException'> (0x66568338) thrown at [/HUDSON/workspace/8-2-build-glinux-arm-vfp-hflt/jdk8u211/12973/hotspot/src/share/vm/prims/jvm.cpp, line 1502]
Event: 1.561 Thread 0x76108400 Exception <a 'java/security/PrivilegedActionException'> (0x66568538) thrown at [/HUDSON/workspace/8-2-build-glinux-arm-vfp-hflt/jdk8u211/12973/hotspot/src/share/vm/prims/jvm.cpp, line 1502]
Event: 1.563 Thread 0x76108400 Exception <a 'java/security/PrivilegedActionException'> (0x6656a540) thrown at [/HUDSON/workspace/8-2-build-glinux-arm-vfp-hflt/jdk8u211/12973/hotspot/src/share/vm/prims/jvm.cpp, line 1502]
Event: 1.563 Thread 0x76108400 Exception <a 'java/security/PrivilegedActionException'> (0x6656a740) thrown at [/HUDSON/workspace/8-2-build-glinux-arm-vfp-hflt/jdk8u211/12973/hotspot/src/share/vm/prims/jvm.cpp, line 1502]
Event: 1.569 Thread 0x76108400 Exception <a 'java/lang/NullPointerException'> (0x6656b0c0) thrown at [/HUDSON/workspace/8-2-build-glinux-arm-vfp-hflt/jdk8u211/12973/hotspot/src/share/vm/interpreter/linkResolver.cpp, line 1185]
Event: 2.543 Thread 0x650cdc00 Exception <a 'java/io/FileNotFoundException'> (0x663b7040) thrown at [/HUDSON/workspace/8-2-build-glinux-arm-vfp-hflt/jdk8u211/12973/hotspot/src/share/vm/prims/jni.cpp, line 710]

Events (10 events):
Event: 2.552 loading class com/sun/glass/ui/monocle/C done
Event: 2.618 loading class com/sun/glass/ui/monocle/LinuxMouseProcessor
Event: 2.618 loading class com/sun/glass/ui/monocle/LinuxMouseProcessor done
Event: 2.620 loading class com/sun/glass/ui/monocle/MouseInput
Event: 2.620 loading class com/sun/glass/ui/monocle/MouseInput done
Event: 2.624 loading class com/sun/glass/ui/monocle/MouseState
Event: 2.624 loading class com/sun/glass/ui/monocle/MouseState done
Event: 2.628 loading class com/sun/glass/ui/monocle/IntSet
Event: 2.628 loading class com/sun/glass/ui/monocle/IntSet done
Event: 2.632 Thread 0x65808000 Thread added: 0x65808000


Dynamic libraries:
00008000-00009000 r-xp 00000000 b3:02 262073     /home/pi/jdk1.8.0_211/bin/java
00010000-00011000 r--p 00000000 b3:02 262073     /home/pi/jdk1.8.0_211/bin/java
00011000-00012000 rw-p 00001000 b3:02 262073     /home/pi/jdk1.8.0_211/bin/java
01115000-01136000 rw-p 00000000 00:00 0          [heap]
62c60000-62c63000 ---p 00000000 00:00 0 
62c63000-62cb0000 rw-p 00000000 00:00 0 
62cb0000-62cb3000 ---p 00000000 00:00 0 
62cb3000-62d00000 rw-p 00000000 00:00 0 
62d00000-62d3a000 rw-p 00000000 00:00 0 
62d3a000-62e00000 ---p 00000000 00:00 0 
62e47000-62e4a000 ---p 00000000 00:00 0 
62e4a000-62e97000 rw-p 00000000 00:00 0 
62e97000-62fc5000 r-xp 00000000 b3:02 12425      /usr/lib/arm-linux-gnueabihf/libstdc++.so.6.0.25
62fc5000-62fd5000 ---p 0012e000 b3:02 12425      /usr/lib/arm-linux-gnueabihf/libstdc++.so.6.0.25
62fd5000-62fda000 r--p 0012e000 b3:02 12425      /usr/lib/arm-linux-gnueabihf/libstdc++.so.6.0.25
62fda000-62fdc000 rw-p 00133000 b3:02 12425      /usr/lib/arm-linux-gnueabihf/libstdc++.so.6.0.25
62fdc000-62fde000 rw-p 00000000 00:00 0 
62fde000-62fe1000 ---p 00000000 00:00 0 
62fe1000-6302e000 rw-p 00000000 00:00 0 
6302e000-63031000 ---p 00000000 00:00 0 
63031000-64c7f000 rw-p 00000000 00:00 0 
64c7f000-64c80000 ---p 00000000 00:00 0 
64c80000-64d00000 rw-p 00000000 00:00 0 
64d00000-64dfb000 rw-p 00000000 00:00 0 
64dfb000-64e00000 ---p 00000000 00:00 0 
64e00000-64e46000 rw-p 00000000 00:00 0 
64e46000-64f00000 ---p 00000000 00:00 0 
64f1b000-64f26000 r-xp 00000000 b3:02 262664     /home/pi/jdk1.8.0_211/jre/lib/arm/libprism_sw.so
64f26000-64f2e000 ---p 0000b000 b3:02 262664     /home/pi/jdk1.8.0_211/jre/lib/arm/libprism_sw.so
64f2e000-64f2f000 rw-p 0000b000 b3:02 262664     /home/pi/jdk1.8.0_211/jre/lib/arm/libprism_sw.so
64f2f000-64f32000 ---p 00000000 00:00 0 
64f32000-64f7f000 rw-p 00000000 00:00 0 
64f7f000-64f80000 ---p 00000000 00:00 0 
64f80000-64f83000 ---p 00000000 00:00 0 
64f83000-65000000 rw-p 00000000 00:00 0 
65000000-650d6000 rw-p 00000000 00:00 0 
650d6000-65100000 ---p 00000000 00:00 0 
6510d000-65112000 r-xp 00000000 b3:02 262652     /home/pi/jdk1.8.0_211/jre/lib/arm/libglass_monocle.so
65112000-65119000 ---p 00005000 b3:02 262652     /home/pi/jdk1.8.0_211/jre/lib/arm/libglass_monocle.so
65119000-6511a000 rw-p 00004000 b3:02 262652     /home/pi/jdk1.8.0_211/jre/lib/arm/libglass_monocle.so
6511a000-6511d000 ---p 00000000 00:00 0 
6511d000-6516a000 rw-p 00000000 00:00 0 
6516a000-65200000 r--s 008be000 b3:02 262635     /home/pi/jdk1.8.0_211/jre/lib/ext/jfxrt.jar
65200000-65223000 rw-p 00000000 00:00 0 
65223000-65300000 ---p 00000000 00:00 0 
65308000-65312000 r-xp 00000000 b3:02 262663     /home/pi/jdk1.8.0_211/jre/lib/arm/libprism_es2_monocle.so
65312000-65319000 ---p 0000a000 b3:02 262663     /home/pi/jdk1.8.0_211/jre/lib/arm/libprism_es2_monocle.so
65319000-6531a000 rw-p 00009000 b3:02 262663     /home/pi/jdk1.8.0_211/jre/lib/arm/libprism_es2_monocle.so
6531a000-6532d000 r-xp 00000000 b3:02 262124     /home/pi/jdk1.8.0_211/jre/lib/arm/libnet.so
6532d000-65334000 ---p 00013000 b3:02 262124     /home/pi/jdk1.8.0_211/jre/lib/arm/libnet.so
65334000-65335000 r--p 00012000 b3:02 262124     /home/pi/jdk1.8.0_211/jre/lib/arm/libnet.so
65335000-65336000 rw-p 00013000 b3:02 262124     /home/pi/jdk1.8.0_211/jre/lib/arm/libnet.so
65336000-65339000 ---p 00000000 00:00 0 
65339000-65386000 rw-p 00000000 00:00 0 
65386000-65600000 r--p 0006b000 b3:02 72465      /usr/lib/locale/locale-archive
65600000-65800000 r--p 00000000 b3:02 72465      /usr/lib/locale/locale-archive
65800000-65821000 rw-p 00000000 00:00 0 
65821000-65900000 ---p 00000000 00:00 0 
65900000-65921000 rw-p 00000000 00:00 0 
65921000-65a00000 ---p 00000000 00:00 0 
65a00000-65a21000 rw-p 00000000 00:00 0 
65a21000-65b00000 ---p 00000000 00:00 0 
65b09000-65b0c000 ---p 00000000 00:00 0 
65b0c000-65b59000 rw-p 00000000 00:00 0 
65b59000-65b5a000 ---p 00000000 00:00 0 
65b5a000-65bda000 rw-p 00000000 00:00 0 
65bda000-65db4000 r--s 03d6d000 b3:02 262233     /home/pi/jdk1.8.0_211/jre/lib/rt.jar
65db4000-661da000 rw-p 00000000 00:00 0 
661da000-66200000 ---p 00000000 00:00 0 
66200000-666a0000 rw-p 00000000 00:00 0 
666a0000-6ab40000 ---p 00000000 00:00 0 
6ab40000-6b4a0000 rw-p 00000000 00:00 0 
6b4a0000-73e00000 ---p 00000000 00:00 0 
73e01000-73e03000 r--s 0001b000 b3:02 254499     /home/pi/Downloads/idea-IC-192.5728.98/lib/idea_rt.jar
73e03000-73e08000 r--s 00042000 b3:02 391709     /home/pi/Downloads/pi4j-1.2/lib/pi4j-example.jar
73e08000-73e10000 r--s 00032000 b3:02 391730     /home/pi/Downloads/pi4j-1.2/lib/pi4j-device.jar
73e10000-73e23000 r--s 00345000 b3:02 262211     /home/pi/jdk1.8.0_211/jre/lib/resources.jar
73e23000-73e26000 ---p 00000000 00:00 0 
73e26000-73f22000 rw-p 00000000 00:00 0 
73f22000-73f67000 ---p 00000000 00:00 0 
73f67000-73f6a000 rw-p 00000000 00:00 0 
73f6a000-73f8b000 ---p 00000000 00:00 0 
73f8b000-73f91000 rw-p 00000000 00:00 0 
73f91000-73fd5000 ---p 00000000 00:00 0 
73fd5000-73fda000 rw-p 00000000 00:00 0 
73fda000-74056000 ---p 00000000 00:00 0 
74056000-74126000 rwxp 00000000 00:00 0 
74126000-76056000 ---p 00000000 00:00 0 
76056000-7606e000 r-xp 00000000 b3:02 262146     /home/pi/jdk1.8.0_211/jre/lib/arm/libzip.so
7606e000-76075000 ---p 00018000 b3:02 262146     /home/pi/jdk1.8.0_211/jre/lib/arm/libzip.so
76075000-76076000 r--p 00017000 b3:02 262146     /home/pi/jdk1.8.0_211/jre/lib/arm/libzip.so
76076000-76077000 rw-p 00018000 b3:02 262146     /home/pi/jdk1.8.0_211/jre/lib/arm/libzip.so
76077000-76080000 r-xp 00000000 b3:02 2037       /lib/arm-linux-gnueabihf/libnss_files-2.28.so
76080000-76090000 ---p 00009000 b3:02 2037       /lib/arm-linux-gnueabihf/libnss_files-2.28.so
76090000-76091000 r--p 00009000 b3:02 2037       /lib/arm-linux-gnueabihf/libnss_files-2.28.so
76091000-76092000 rw-p 0000a000 b3:02 2037       /lib/arm-linux-gnueabihf/libnss_files-2.28.so
76092000-76098000 rw-p 00000000 00:00 0 
76098000-7609a000 r--s 00016000 b3:02 391727     /home/pi/Downloads/pi4j-1.2/lib/pi4j-gpio-extension.jar
7609a000-760a1000 r--s 000a7000 b3:02 391787     /home/pi/Downloads/pi4j-1.2/lib/pi4j-core.jar
760a1000-760a7000 r--s 000b4000 b3:02 391820     /home/pi/Downloads/pi4j-1.2/lib/pi4j-core-sources.jar
760a7000-760ac000 r--s 000a3000 b3:02 262178     /home/pi/jdk1.8.0_211/jre/lib/jsse.jar
760ac000-760b4000 r-xp 00000000 b3:02 262157     /home/pi/jdk1.8.0_211/jre/lib/arm/libinstrument.so
760b4000-760bb000 ---p 00008000 b3:02 262157     /home/pi/jdk1.8.0_211/jre/lib/arm/libinstrument.so
760bb000-760bc000 r--p 00007000 b3:02 262157     /home/pi/jdk1.8.0_211/jre/lib/arm/libinstrument.so
760bc000-760bd000 rw-p 00008000 b3:02 262157     /home/pi/jdk1.8.0_211/jre/lib/arm/libinstrument.so
760bd000-760e0000 r-xp 00000000 b3:02 262115     /home/pi/jdk1.8.0_211/jre/lib/arm/libjava.so
760e0000-760e7000 ---p 00023000 b3:02 262115     /home/pi/jdk1.8.0_211/jre/lib/arm/libjava.so
760e7000-760e8000 r--p 00022000 b3:02 262115     /home/pi/jdk1.8.0_211/jre/lib/arm/libjava.so
760e8000-760e9000 rw-p 00023000 b3:02 262115     /home/pi/jdk1.8.0_211/jre/lib/arm/libjava.so
760e9000-760ef000 r-xp 00000000 b3:02 2063       /lib/arm-linux-gnueabihf/librt-2.28.so
760ef000-760fe000 ---p 00006000 b3:02 2063       /lib/arm-linux-gnueabihf/librt-2.28.so
760fe000-760ff000 r--p 00005000 b3:02 2063       /lib/arm-linux-gnueabihf/librt-2.28.so
760ff000-76100000 rw-p 00006000 b3:02 2063       /lib/arm-linux-gnueabihf/librt-2.28.so
76100000-76200000 rw-p 00000000 00:00 0 
76201000-76202000 r--s 00000000 b3:02 262182     /home/pi/jdk1.8.0_211/jre/lib/management-agent.jar
76202000-76207000 r--s 00084000 b3:02 262214     /home/pi/jdk1.8.0_211/jre/lib/jfr.jar
76207000-7620c000 r--s 002f9000 b3:02 262255     /home/pi/jdk1.8.0_211/jre/lib/charsets.jar
7620c000-7620d000 ---p 00000000 00:00 0 
7620d000-76210000 ---p 00000000 00:00 0 
76210000-7625d000 rw-p 00000000 00:00 0 
7625d000-762ce000 r-xp 00000000 b3:02 2024       /lib/arm-linux-gnueabihf/libm-2.28.so
762ce000-762dd000 ---p 00071000 b3:02 2024       /lib/arm-linux-gnueabihf/libm-2.28.so
762dd000-762de000 r--p 00070000 b3:02 2024       /lib/arm-linux-gnueabihf/libm-2.28.so
762de000-762df000 rw-p 00071000 b3:02 2024       /lib/arm-linux-gnueabihf/libm-2.28.so
762df000-76876000 r-xp 00000000 b3:02 262112     /home/pi/jdk1.8.0_211/jre/lib/arm/client/libjvm.so
76876000-7687d000 ---p 00597000 b3:02 262112     /home/pi/jdk1.8.0_211/jre/lib/arm/client/libjvm.so
7687d000-76891000 r--p 00596000 b3:02 262112     /home/pi/jdk1.8.0_211/jre/lib/arm/client/libjvm.so
76891000-768aa000 rw-p 005aa000 b3:02 262112     /home/pi/jdk1.8.0_211/jre/lib/arm/client/libjvm.so
768aa000-76cd1000 rw-p 00000000 00:00 0 
76cd1000-76ced000 r-xp 00000000 b3:02 2014       /lib/arm-linux-gnueabihf/libgcc_s.so.1
76ced000-76cfc000 ---p 0001c000 b3:02 2014       /lib/arm-linux-gnueabihf/libgcc_s.so.1
76cfc000-76cfd000 r--p 0001b000 b3:02 2014       /lib/arm-linux-gnueabihf/libgcc_s.so.1
76cfd000-76cfe000 rw-p 0001c000 b3:02 2014       /lib/arm-linux-gnueabihf/libgcc_s.so.1
76cfe000-76e36000 r-xp 00000000 b3:02 1999       /lib/arm-linux-gnueabihf/libc-2.28.so
76e36000-76e46000 ---p 00138000 b3:02 1999       /lib/arm-linux-gnueabihf/libc-2.28.so
76e46000-76e48000 r--p 00138000 b3:02 1999       /lib/arm-linux-gnueabihf/libc-2.28.so
76e48000-76e49000 rw-p 0013a000 b3:02 1999       /lib/arm-linux-gnueabihf/libc-2.28.so
76e49000-76e4c000 rw-p 00000000 00:00 0 
76e4c000-76e4e000 r-xp 00000000 b3:02 2007       /lib/arm-linux-gnueabihf/libdl-2.28.so
76e4e000-76e5d000 ---p 00002000 b3:02 2007       /lib/arm-linux-gnueabihf/libdl-2.28.so
76e5d000-76e5e000 r--p 00001000 b3:02 2007       /lib/arm-linux-gnueabihf/libdl-2.28.so
76e5e000-76e5f000 rw-p 00002000 b3:02 2007       /lib/arm-linux-gnueabihf/libdl-2.28.so
76e5f000-76e74000 r-xp 00000000 b3:02 262270     /home/pi/jdk1.8.0_211/lib/arm/jli/libjli.so
76e74000-76e7b000 ---p 00015000 b3:02 262270     /home/pi/jdk1.8.0_211/lib/arm/jli/libjli.so
76e7b000-76e7c000 r--p 00014000 b3:02 262270     /home/pi/jdk1.8.0_211/lib/arm/jli/libjli.so
76e7c000-76e7d000 rw-p 00015000 b3:02 262270     /home/pi/jdk1.8.0_211/lib/arm/jli/libjli.so
76e7d000-76e94000 r-xp 00000000 b3:02 2059       /lib/arm-linux-gnueabihf/libpthread-2.28.so
76e94000-76ea3000 ---p 00017000 b3:02 2059       /lib/arm-linux-gnueabihf/libpthread-2.28.so
76ea3000-76ea4000 r--p 00016000 b3:02 2059       /lib/arm-linux-gnueabihf/libpthread-2.28.so
76ea4000-76ea5000 rw-p 00017000 b3:02 2059       /lib/arm-linux-gnueabihf/libpthread-2.28.so
76ea5000-76ea7000 rw-p 00000000 00:00 0 
76ea7000-76ea8000 r--s 00000000 b3:02 261589     /home/pi/jdk1.8.0_211/jre/lib/jfxswt.jar
76ea8000-76eb1000 r-xp 00000000 b3:02 262139     /home/pi/jdk1.8.0_211/jre/lib/arm/libverify.so
76eb1000-76eb9000 ---p 00009000 b3:02 262139     /home/pi/jdk1.8.0_211/jre/lib/arm/libverify.so
76eb9000-76eba000 r--p 00009000 b3:02 262139     /home/pi/jdk1.8.0_211/jre/lib/arm/libverify.so
76eba000-76ebb000 rw-p 0000a000 b3:02 262139     /home/pi/jdk1.8.0_211/jre/lib/arm/libverify.so
76ebb000-76ebf000 r-xp 00000000 b3:02 11957      /usr/lib/arm-linux-gnueabihf/libarmmem-v7l.so
76ebf000-76ece000 ---p 00004000 b3:02 11957      /usr/lib/arm-linux-gnueabihf/libarmmem-v7l.so
76ece000-76ecf000 r--p 00003000 b3:02 11957      /usr/lib/arm-linux-gnueabihf/libarmmem-v7l.so
76ecf000-76ed0000 rw-p 00004000 b3:02 11957      /usr/lib/arm-linux-gnueabihf/libarmmem-v7l.so
76ed0000-76ef0000 r-xp 00000000 b3:02 1931       /lib/arm-linux-gnueabihf/ld-2.28.so
76ef0000-76ef3000 r--s 0001a000 b3:02 262188     /home/pi/jdk1.8.0_211/jre/lib/jce.jar
76ef3000-76efb000 rw-s 00000000 b3:02 275803     /tmp/hsperfdata_root/1409
76efb000-76efc000 r--p 00000000 00:00 0 
76efc000-76f00000 rw-p 00000000 00:00 0 
76f00000-76f01000 r--p 00020000 b3:02 1931       /lib/arm-linux-gnueabihf/ld-2.28.so
76f01000-76f02000 rw-p 00021000 b3:02 1931       /lib/arm-linux-gnueabihf/ld-2.28.so
7eabf000-7eae0000 rw-p 00000000 00:00 0          [stack]
7ef0a000-7ef0b000 r-xp 00000000 00:00 0          [sigpage]
7ef0b000-7ef0c000 r--p 00000000 00:00 0          [vvar]
7ef0c000-7ef0d000 r-xp 00000000 00:00 0          [vdso]
ffff0000-ffff1000 r-xp 00000000 00:00 0          [vectors]

VM Arguments:
jvm_args: -javaagent:/home/pi/Downloads/idea-IC-192.5728.98/lib/idea_rt.jar=33177:/home/pi/Downloads/idea-IC-192.5728.98/bin -Dfile.encoding=UTF-8 
java_command: sample.Main
java_class_path (initial): /home/pi/jdk1.8.0_211/jre/lib/charsets.jar:/home/pi/jdk1.8.0_211/jre/lib/ext/cldrdata.jar:/home/pi/jdk1.8.0_211/jre/lib/ext/dnsns.jar:/home/pi/jdk1.8.0_211/jre/lib/ext/jaccess.jar:/home/pi/jdk1.8.0_211/jre/lib/ext/jfxrt.jar:/home/pi/jdk1.8.0_211/jre/lib/ext/localedata.jar:/home/pi/jdk1.8.0_211/jre/lib/ext/nashorn.jar:/home/pi/jdk1.8.0_211/jre/lib/ext/sunec.jar:/home/pi/jdk1.8.0_211/jre/lib/ext/sunjce_provider.jar:/home/pi/jdk1.8.0_211/jre/lib/ext/sunpkcs11.jar:/home/pi/jdk1.8.0_211/jre/lib/ext/zipfs.jar:/home/pi/jdk1.8.0_211/jre/lib/jce.jar:/home/pi/jdk1.8.0_211/jre/lib/jfr.jar:/home/pi/jdk1.8.0_211/jre/lib/jfxswt.jar:/home/pi/jdk1.8.0_211/jre/lib/jsse.jar:/home/pi/jdk1.8.0_211/jre/lib/management-agent.jar:/home/pi/jdk1.8.0_211/jre/lib/resources.jar:/home/pi/jdk1.8.0_211/jre/lib/rt.jar:/home/pi/Documents/Drink/out/production/Drink:/home/pi/Downloads/pi4j-1.2/lib/pi4j-core-sources.jar:/home/pi/Downloads/pi4j-1.2/lib/pi4j-core.jar:/home/pi/Downloads/pi4j-1.2/lib/pi4j-device.jar:/home/pi/Downloads/pi4j-1.2/lib/pi4j-example.jar:/home/pi/Downloads/pi4j-1.2/lib/pi4j-gpio-extension.jar:/home/pi/Downloads/idea-IC-192.5728.98/lib/idea_rt.jar
Launcher Type: SUN_STANDARD

Environment Variables:
PATH=/usr/local/sbin:/usr/local/bin:/usr/sbin:/usr/bin:/sbin:/bin
SHELL=/bin/bash
DISPLAY=:0.0

Signal Handlers:
SIGSEGV: [libjvm.so+0x51776c], sa_mask[0]=11111111011111111101111111111110, sa_flags=SA_RESTART|SA_SIGINFO
SIGBUS: [libjvm.so+0x51776c], sa_mask[0]=11111111011111111101111111111110, sa_flags=SA_RESTART|SA_SIGINFO
SIGFPE: [libjvm.so+0x40b3cc], sa_mask[0]=11111111011111111101111111111110, sa_flags=SA_RESTART|SA_SIGINFO
SIGPIPE: [libjvm.so+0x40b3cc], sa_mask[0]=11111111011111111101111111111110, sa_flags=SA_RESTART|SA_SIGINFO
SIGXFSZ: [libjvm.so+0x40b3cc], sa_mask[0]=11111111011111111101111111111110, sa_flags=SA_RESTART|SA_SIGINFO
SIGILL: [libjvm.so+0x40b3cc], sa_mask[0]=11111111011111111101111111111110, sa_flags=SA_RESTART|SA_SIGINFO
SIGUSR1: SIG_DFL, sa_mask[0]=00000000000000000000000000000000, sa_flags=none
SIGUSR2: [libjvm.so+0x40b530], sa_mask[0]=00100000000000000000000000000000, sa_flags=SA_RESTART|SA_SIGINFO
SIGHUP: [libjvm.so+0x40b964], sa_mask[0]=11111111011111111101111111111110, sa_flags=SA_RESTART|SA_SIGINFO
SIGINT: [libjvm.so+0x40b964], sa_mask[0]=11111111011111111101111111111110, sa_flags=SA_RESTART|SA_SIGINFO
SIGTERM: [libjvm.so+0x40b964], sa_mask[0]=11111111011111111101111111111110, sa_flags=SA_RESTART|SA_SIGINFO
SIGQUIT: [libjvm.so+0x40b964], sa_mask[0]=11111111011111111101111111111110, sa_flags=SA_RESTART|SA_SIGINFO


---------------  S Y S T E M  ---------------

OS:PRETTY_NAME="Raspbian GNU/Linux 10 (buster)"
NAME="Raspbian GNU/Linux"
VERSION_ID="10"
VERSION="10 (buster)"
VERSION_CODENAME=buster
ID=raspbian
ID_LIKE=debian
HOME_URL="http://www.raspbian.org/"
SUPPORT_URL="http://www.raspbian.org/RaspbianForums"
BUG_REPORT_URL="http://www.raspbian.org/RaspbianBugs"

uname:Linux 4.19.50-v7+ #896 SMP Thu Jun 20 16:11:44 BST 2019 armv7l
libc:glibc 2.28 NPTL 2.28 
rlimit: STACK 8192k, CORE 0k, NPROC 6924, NOFILE 1048576, AS infinity
load average:0.00 0.07 0.35

/proc/meminfo:
MemTotal:         895524 kB
MemFree:           35140 kB
MemAvailable:     180108 kB
Buffers:            8288 kB
Cached:           178388 kB
SwapCached:         1088 kB
Active:           518844 kB
Inactive:         273792 kB
Active(anon):     391568 kB
Inactive(anon):   219056 kB
Active(file):     127276 kB
Inactive(file):    54736 kB
Unevictable:          16 kB
Mlocked:              16 kB
SwapTotal:        102396 kB
SwapFree:          89084 kB
Dirty:               140 kB
Writeback:             0 kB
AnonPages:        605732 kB
Mapped:            67776 kB
Shmem:              4488 kB
Slab:              46656 kB
SReclaimable:      16016 kB
SUnreclaim:        30640 kB
KernelStack:        2352 kB
PageTables:         5392 kB
NFS_Unstable:          0 kB
Bounce:                0 kB
WritebackTmp:          0 kB
CommitLimit:      550156 kB
Committed_AS:    1452376 kB
VmallocTotal:    1163264 kB
VmallocUsed:           0 kB
VmallocChunk:          0 kB
Percpu:              656 kB
CmaTotal:           8192 kB
CmaFree:            4700 kB

container (cgroup) information:
container_type: cgroupv1
cpu_cpuset_cpus: 0-3
cpu_memory_nodes: 0
active_processor_count: 4
cpu_quota: -2
cpu_period: -2
cpu_shares: -1
memory_limit_in_bytes: -1
memory_and_swap_limit_in_bytes: -2
memory_soft_limit_in_bytes: -1
memory_usage_in_bytes: 738418688
memory_max_usage_in_bytes: 764555264


CPU:total 4 (initial active 4) (ARMv7), vfp

/proc/cpuinfo:
processor	: 0
model name	: ARMv7 Processor rev 4 (v7l)
BogoMIPS	: 89.60
Features	: half thumb fastmult vfp edsp neon vfpv3 tls vfpv4 idiva idivt vfpd32 lpae evtstrm crc32 
CPU implementer	: 0x41
CPU architecture: 7
CPU variant	: 0x0
CPU part	: 0xd03
CPU revision	: 4

processor	: 1
model name	: ARMv7 Processor rev 4 (v7l)
BogoMIPS	: 89.60
Features	: half thumb fastmult vfp edsp neon vfpv3 tls vfpv4 idiva idivt vfpd32 lpae evtstrm crc32 
CPU implementer	: 0x41
CPU architecture: 7
CPU variant	: 0x0
CPU part	: 0xd03
CPU revision	: 4

processor	: 2
model name	: ARMv7 Processor rev 4 (v7l)
BogoMIPS	: 89.60
Features	: half thumb fastmult vfp edsp neon vfpv3 tls vfpv4 idiva idivt vfpd32 lpae evtstrm crc32 
CPU implementer	: 0x41
CPU architecture: 7
CPU variant	: 0x0
CPU part	: 0xd03
CPU revision	: 4

processor	: 3
model name	: ARMv7 Processor rev 4 (v7l)
BogoMIPS	: 89.60
Features	: half thumb fastmult vfp edsp neon vfpv3 tls vfpv4 idiva idivt vfpd32 lpae evtstrm crc32 
CPU implementer	: 0x41
CPU architecture: 7
CPU variant	: 0x0
CPU part	: 0xd03
CPU revision	: 4

Hardware	: BCM2835
Revision	: a020d3
Serial		: 00000000a70cf4d8


Memory: 4k page, physical 895524k(35140k free), swap 102396k(89084k free)

vm_info: Java HotSpot(TM) Client VM (25.211-b12) for linux-arm-vfp-hflt JRE (1.8.0_211-b12), built on Apr  1 2019 22:36:07 by "fedora" with gcc 4.7.2 20120910 (prerelease)

time: Sat Nov 23 09:19:59 2019
timezone: CET
elapsed time: 2 seconds (0d 0h 0m 2s)

