#
# A fatal error has been detected by the Java Runtime Environment:
#
#  SIGSEGV (0xb) at pc=0x00000000, pid=1479, tid=0x62e96460
#
# JRE version: Java(TM) SE Runtime Environment (8.0_211-b12) (build 1.8.0_211-b12)
# Java VM: Java HotSpot(TM) Client VM (25.211-b12 mixed mode linux-arm )
# Problematic frame:
# C  0x00000000
#
# Failed to write core dump. Core dumps have been disabled. To enable core dumping, try "ulimit -c unlimited" before starting Java again
#
# If you would like to submit a bug report, please visit:
#   http://bugreport.java.com/bugreport/crash.jsp
# The crash happened outside the Java Virtual Machine in native code.
# See problematic frame for where to report the bug.
#

---------------  T H R E A D  ---------------

Current thread (0x650e6800):  JavaThread "Event Thread" [_thread_in_native, id=1504, stack(0x62e47000,0x62e97000)]

siginfo: si_signo: 11 (SIGSEGV), si_code: 1 (SEGV_MAPERR), si_addr: 0x00000000

Registers:
  r0  = 0x00000000
  r1  = 0x00100000
  r2  = 0x00100000
  r3  = 0x00000000
  r4  = 0x00000000
  r5  = 0x64f2ec40
  r6  = 0x64f2eb28
  r7  = 0x00000000
  r8  = 0x62e95784
  r9  = 0x6626b508
  r10 = 0x650e6800
  fp  = 0x62e956dc
  r12 = 0x64f2ec40
  sp  = 0x62e95678
  lr  = 0x64f24a34
  pc  = 0x00000000
  cpsr = 0x60000010

Top of Stack: (sp=0x62e95678)
0x62e95678:   00000000 00000000 740dec80 62010000
0x62e95688:   62e95638 00000000 00000000 00000000
0x62e95698:   00000000 00000000 00000000 00000000
0x62e956a8:   00000000 64020000 00000000 00000000
0x62e956b8:   00100000 00100000 740d7728 64f24b24
0x62e956c8:   00000000 00000000 62e95784 650e6800
0x62e956d8:   62e956e4 64f24b60 62e95770 740a6a2c
0x62e956e8:   00000000 00000000 6626b500 00000000 

Instructions: (pc=0x00000000)
0xffffffe0:   

Register to memory mapping:

  r0  = 0x00000000
0x00000000 is an unknown value

  r1  = 0x00100000
0x00100000 is an unknown value

  r2  = 0x00100000
0x00100000 is an unknown value

  r3  = 0x00000000
0x00000000 is an unknown value

  r4  = 0x00000000
0x00000000 is an unknown value

  r5  = 0x64f2ec40
0x64f2ec40: <offset 0xcc40> in /home/pi/jdk1.8.0_211/jre/lib/arm/libglass_monocle.so at 0x64f22000

  r6  = 0x64f2eb28
0x64f2eb28: <offset 0xcb28> in /home/pi/jdk1.8.0_211/jre/lib/arm/libglass_monocle.so at 0x64f22000

  r7  = 0x00000000
0x00000000 is an unknown value

  r8  = 0x62e95784
0x62e95784 is pointing into the stack for thread: 0x650e6800

  r9  = 0x6626b508
{method} {0x6626b508} '_initDispmanCursor' '(II)V' in 'com/sun/glass/ui/monocle/DispmanCursor'

  r10 = 0x650e6800
0x650e6800 is a thread

  fp  = 0x62e956dc
0x62e956dc is pointing into the stack for thread: 0x650e6800

  r12 = 0x64f2ec40
0x64f2ec40: <offset 0xcc40> in /home/pi/jdk1.8.0_211/jre/lib/arm/libglass_monocle.so at 0x64f22000

  sp  = 0x62e95678
0x62e95678 is pointing into the stack for thread: 0x650e6800

  lr  = 0x64f24a34
0x64f24a34: <offset 0x2a34> in /home/pi/jdk1.8.0_211/jre/lib/arm/libglass_monocle.so at 0x64f22000

  pc  = 0x00000000
0x00000000 is an unknown value



Stack: [0x62e47000,0x62e97000],  sp=0x62e95678,  free space=313k
Java frames: (J=compiled Java code, j=interpreted, Vv=VM code)
j  com.sun.glass.ui.monocle.DispmanCursor._initDispmanCursor(II)V+0
j  com.sun.glass.ui.monocle.DispmanCursor.<init>()V+9
j  com.sun.glass.ui.monocle.DispmanPlatform.createCursor()Lcom/sun/glass/ui/monocle/NativeCursor;+4
j  com.sun.glass.ui.monocle.NativePlatform.getCursor()Lcom/sun/glass/ui/monocle/NativeCursor;+9
j  com.sun.glass.ui.monocle.MonocleApplication.staticCursor_setVisible(Z)V+3
j  com.sun.glass.ui.monocle.MonocleApplication.updateDeviceFlags(Lcom/sun/glass/ui/monocle/InputDevice;Z)V+83
j  com.sun.glass.ui.monocle.MonocleApplication.lambda$new$107(Ljavafx/collections/SetChangeListener$Change;)V+18
j  com.sun.glass.ui.monocle.MonocleApplication$$Lambda$40.onChanged(Ljavafx/collections/SetChangeListener$Change;)V+5
j  com.sun.javafx.collections.SetListenerHelper$SingleChange.fireValueChangedEvent(Ljavafx/collections/SetChangeListener$Change;)V+5
j  com.sun.javafx.collections.SetListenerHelper.fireValueChangedEvent(Lcom/sun/javafx/collections/SetListenerHelper;Ljavafx/collections/SetChangeListener$Change;)V+6
j  com.sun.javafx.collections.ObservableSetWrapper.callObservers(Ljavafx/collections/SetChangeListener$Change;)V+5
j  com.sun.javafx.collections.ObservableSetWrapper.add(Ljava/lang/Object;)Z+25
j  com.sun.glass.ui.monocle.LinuxInputDeviceRegistry.addDeviceInternal(Lcom/sun/glass/ui/monocle/LinuxInputDevice;Ljava/lang/String;)Lcom/sun/glass/ui/monocle/LinuxInputDevice;+49
j  com.sun.glass.ui.monocle.LinuxInputDeviceRegistry.createDevice(Ljava/io/File;Ljava/io/File;Ljava/util/Map;)Lcom/sun/glass/ui/monocle/LinuxInputDevice;+37
j  com.sun.glass.ui.monocle.LinuxInputDeviceRegistry.lambda$new$97(Ljava/util/Map;Ljava/lang/String;Ljava/util/Map;)V+123
j  com.sun.glass.ui.monocle.LinuxInputDeviceRegistry$$Lambda$39.udevEvent(Ljava/lang/String;Ljava/util/Map;)V+10
j  com.sun.glass.ui.monocle.Udev$1.run()V+63
j  com.sun.glass.ui.monocle.RunnableProcessor.runLoop()Ljava/lang/Object;+36
j  com.sun.glass.ui.monocle.RunnableProcessor.run()V+1
j  java.lang.Thread.run()V+11
v  ~StubRoutines::call_stub

---------------  P R O C E S S  ---------------

Java Threads: ( => current thread )
  0x65808000 JavaThread "Linux input: /dev/input/mouse1" daemon [_thread_in_native, id=1509, stack(0x62df7000,0x62e47000)]
=>0x650e6800 JavaThread "Event Thread" [_thread_in_native, id=1504, stack(0x62e47000,0x62e97000)]
  0x650e3800 JavaThread "udev monitor" daemon [_thread_in_native, id=1499, stack(0x62e97000,0x62ee7000)]
  0x65200800 JavaThread "Attach Listener" daemon [_thread_blocked, id=1498, stack(0x62ee7000,0x62f37000)]
  0x650cbc00 JavaThread "QuantumRenderer-0" daemon [_thread_blocked, id=1497, stack(0x64f2f000,0x64f7f000)]
  0x65013400 JavaThread "Service Thread" daemon [_thread_blocked, id=1495, stack(0x6511a000,0x6516a000)]
  0x65011000 JavaThread "C1 CompilerThread0" daemon [_thread_in_native, id=1494, stack(0x64f80000,0x65000000)]
  0x6500f400 JavaThread "Monitor Ctrl-Break" daemon [_thread_in_native, id=1493, stack(0x65327000,0x65377000)]
  0x76181800 JavaThread "Signal Dispatcher" daemon [_thread_blocked, id=1490, stack(0x65b06000,0x65b56000)]
  0x76166400 JavaThread "Finalizer" daemon [_thread_blocked, id=1487, stack(0x65b56000,0x65ba6000)]
  0x76164400 JavaThread "Reference Handler" daemon [_thread_blocked, id=1486, stack(0x65ba6000,0x65bf6000)]
  0x76108400 JavaThread "main" [_thread_blocked, id=1480, stack(0x76249000,0x76299000)]

Other Threads:
  0x7615ec00 VMThread [stack: 0x65bf7000,0x65c77000] [id=1483]
  0x65036000 WatcherThread [stack: 0x64c80000,0x64d00000] [id=1496]

VM state:not at safepoint (normal execution)

VM Mutex/Monitor currently owned by a thread: None

Heap:
 def new generation   total 4352K, used 2476K [0x66400000, 0x668a0000, 0x6ad40000)
  eden space 3968K,  52% used [0x66400000, 0x6660b3a0, 0x667e0000)
  from space 384K, 100% used [0x667e0000, 0x66840000, 0x66840000)
  to   space 384K,   0% used [0x66840000, 0x66840000, 0x668a0000)
 tenured generation   total 9600K, used 1221K [0x6ad40000, 0x6b6a0000, 0x74000000)
   the space 9600K,  12% used [0x6ad40000, 0x6ae716b8, 0x6ae71800, 0x6b6a0000)
 Metaspace       used 3993K, capacity 4247K, committed 4248K, reserved 4400K

Card table byte_map: [0x66391000,0x66400000] byte_map_base: 0x6605f000

Polling page: 0x76f37000

CodeCache: size=32768Kb used=787Kb max_used=787Kb free=31980Kb
 bounds [0x74099000, 0x74161000, 0x76099000]
 total_blobs=324 nmethods=142 adapters=114
 compilation: enabled

Compilation events (10 events):
Event: 1.564 Thread 0x65011000 nmethod 138 0x7415b808 code [0x7415b910, 0x7415ba5c]
Event: 1.572 Thread 0x65011000  139             java.util.HashMap::resize (359 bytes)
Event: 1.575 Thread 0x65011000 nmethod 139 0x7415bc48 code [0x7415bd70, 0x7415c374]
Event: 1.619 Thread 0x65011000  140             java.util.HashMap::putVal (300 bytes)
Event: 1.623 Thread 0x65011000 nmethod 140 0x7415cac8 code [0x7415cc40, 0x7415d110]
Event: 1.623 Thread 0x65011000  141             java.util.HashMap::put (13 bytes)
Event: 1.624 Thread 0x65011000 nmethod 141 0x7415d688 code [0x7415d780, 0x7415d890]
Event: 1.625 Thread 0x65011000  142             java.util.HashMap$Node::<init> (26 bytes)
Event: 1.625 Thread 0x65011000 nmethod 142 0x7415d948 code [0x7415da20, 0x7415dae8]
Event: 1.630 Thread 0x65011000  143             java.util.Properties::saveConvert (434 bytes)

GC Heap History (4 events):
Event: 0.958 GC heap before
{Heap before GC invocations=0 (full 0):
 def new generation   total 4352K, used 3968K [0x66400000, 0x668a0000, 0x6ad40000)
  eden space 3968K, 100% used [0x66400000, 0x667e0000, 0x667e0000)
  from space 384K,   0% used [0x667e0000, 0x667e0000, 0x66840000)
  to   space 384K,   0% used [0x66840000, 0x66840000, 0x668a0000)
 tenured generation   total 9600K, used 0K [0x6ad40000, 0x6b6a0000, 0x74000000)
   the space 9600K,   0% used [0x6ad40000, 0x6ad40000, 0x6ad40200, 0x6b6a0000)
 Metaspace       used 2693K, capacity 2881K, committed 2968K, reserved 4400K
Event: 0.970 GC heap after
Heap after GC invocations=1 (full 0):
 def new generation   total 4352K, used 384K [0x66400000, 0x668a0000, 0x6ad40000)
  eden space 3968K,   0% used [0x66400000, 0x66400000, 0x667e0000)
  from space 384K, 100% used [0x66840000, 0x668a0000, 0x668a0000)
  to   space 384K,   0% used [0x667e0000, 0x667e0000, 0x66840000)
 tenured generation   total 9600K, used 382K [0x6ad40000, 0x6b6a0000, 0x74000000)
   the space 9600K,   3% used [0x6ad40000, 0x6ad9fb98, 0x6ad9fc00, 0x6b6a0000)
 Metaspace       used 2693K, capacity 2881K, committed 2968K, reserved 4400K
}
Event: 1.440 GC heap before
{Heap before GC invocations=1 (full 0):
 def new generation   total 4352K, used 4352K [0x66400000, 0x668a0000, 0x6ad40000)
  eden space 3968K, 100% used [0x66400000, 0x667e0000, 0x667e0000)
  from space 384K, 100% used [0x66840000, 0x668a0000, 0x668a0000)
  to   space 384K,   0% used [0x667e0000, 0x667e0000, 0x66840000)
 tenured generation   total 9600K, used 382K [0x6ad40000, 0x6b6a0000, 0x74000000)
   the space 9600K,   3% used [0x6ad40000, 0x6ad9fb98, 0x6ad9fc00, 0x6b6a0000)
 Metaspace       used 3523K, capacity 3781K, committed 3864K, reserved 4400K
Event: 1.450 GC heap after
Heap after GC invocations=2 (full 0):
 def new generation   total 4352K, used 384K [0x66400000, 0x668a0000, 0x6ad40000)
  eden space 3968K,   0% used [0x66400000, 0x66400000, 0x667e0000)
  from space 384K, 100% used [0x667e0000, 0x66840000, 0x66840000)
  to   space 384K,   0% used [0x66840000, 0x66840000, 0x668a0000)
 tenured generation   total 9600K, used 1221K [0x6ad40000, 0x6b6a0000, 0x74000000)
   the space 9600K,  12% used [0x6ad40000, 0x6ae716b8, 0x6ae71800, 0x6b6a0000)
 Metaspace       used 3523K, capacity 3781K, committed 3864K, reserved 4400K
}

Deoptimization events (0 events):
No events

Classes redefined (0 events):
No events

Internal exceptions (10 events):
Event: 0.102 Thread 0x76108400 Exception <a 'java/lang/NoSuchMethodError': Method sun.misc.Unsafe.defineClass(Ljava/lang/String;[BII)Ljava/lang/Class; name or signature does not match> (0x66406ea0) thrown at [/HUDSON/workspace/8-2-build-glinux-arm-vfp-hflt/jdk8u211/12973/hotspot/src/sh
Event: 0.102 Thread 0x76108400 Exception <a 'java/lang/NoSuchMethodError': Method sun.misc.Unsafe.prefetchRead(Ljava/lang/Object;J)V name or signature does not match> (0x66407170) thrown at [/HUDSON/workspace/8-2-build-glinux-arm-vfp-hflt/jdk8u211/12973/hotspot/src/share/vm/prims/jni.c
Event: 0.814 Thread 0x76108400 Exception <a 'java/lang/NoSuchFieldError': method resolution failed> (0x666bb0b0) thrown at [/HUDSON/workspace/8-2-build-glinux-arm-vfp-hflt/jdk8u211/12973/hotspot/src/share/vm/prims/methodHandles.cpp, line 1167]
Event: 0.821 Thread 0x76108400 Exception <a 'java/lang/NoSuchFieldError': method resolution failed> (0x666c7ae0) thrown at [/HUDSON/workspace/8-2-build-glinux-arm-vfp-hflt/jdk8u211/12973/hotspot/src/share/vm/prims/methodHandles.cpp, line 1167]
Event: 0.905 Thread 0x76108400 Exception <a 'java/security/PrivilegedActionException'> (0x667681a8) thrown at [/HUDSON/workspace/8-2-build-glinux-arm-vfp-hflt/jdk8u211/12973/hotspot/src/share/vm/prims/jvm.cpp, line 1502]
Event: 0.905 Thread 0x76108400 Exception <a 'java/security/PrivilegedActionException'> (0x667683a8) thrown at [/HUDSON/workspace/8-2-build-glinux-arm-vfp-hflt/jdk8u211/12973/hotspot/src/share/vm/prims/jvm.cpp, line 1502]
Event: 0.907 Thread 0x76108400 Exception <a 'java/security/PrivilegedActionException'> (0x6676a3b0) thrown at [/HUDSON/workspace/8-2-build-glinux-arm-vfp-hflt/jdk8u211/12973/hotspot/src/share/vm/prims/jvm.cpp, line 1502]
Event: 0.907 Thread 0x76108400 Exception <a 'java/security/PrivilegedActionException'> (0x6676a5b0) thrown at [/HUDSON/workspace/8-2-build-glinux-arm-vfp-hflt/jdk8u211/12973/hotspot/src/share/vm/prims/jvm.cpp, line 1502]
Event: 0.908 Thread 0x76108400 Exception <a 'java/lang/NullPointerException'> (0x6676af30) thrown at [/HUDSON/workspace/8-2-build-glinux-arm-vfp-hflt/jdk8u211/12973/hotspot/src/share/vm/interpreter/linkResolver.cpp, line 1185]
Event: 1.570 Thread 0x650e6800 Exception <a 'java/io/FileNotFoundException'> (0x6651d290) thrown at [/HUDSON/workspace/8-2-build-glinux-arm-vfp-hflt/jdk8u211/12973/hotspot/src/share/vm/prims/jni.cpp, line 710]

Events (10 events):
Event: 1.620 loading class sun/util/locale/provider/LocaleResources$ResourceReference done
Event: 1.648 loading class com/sun/glass/ui/monocle/LinuxMouseProcessor
Event: 1.648 loading class com/sun/glass/ui/monocle/LinuxMouseProcessor done
Event: 1.651 loading class com/sun/glass/ui/monocle/MouseInput
Event: 1.651 loading class com/sun/glass/ui/monocle/MouseInput done
Event: 1.655 loading class com/sun/glass/ui/monocle/MouseState
Event: 1.655 loading class com/sun/glass/ui/monocle/MouseState done
Event: 1.657 loading class com/sun/glass/ui/monocle/IntSet
Event: 1.657 loading class com/sun/glass/ui/monocle/IntSet done
Event: 1.660 Thread 0x65808000 Thread added: 0x65808000


Dynamic libraries:
00008000-00009000 r-xp 00000000 b3:02 262073     /home/pi/jdk1.8.0_211/bin/java
00010000-00011000 r--p 00000000 b3:02 262073     /home/pi/jdk1.8.0_211/bin/java
00011000-00012000 rw-p 00001000 b3:02 262073     /home/pi/jdk1.8.0_211/bin/java
0133b000-0135c000 rw-p 00000000 00:00 0          [heap]
62df7000-62dfa000 ---p 00000000 00:00 0 
62dfa000-62e47000 rw-p 00000000 00:00 0 
62e47000-62e4a000 ---p 00000000 00:00 0 
62e4a000-62e97000 rw-p 00000000 00:00 0 
62e97000-62e9a000 ---p 00000000 00:00 0 
62e9a000-62ee7000 rw-p 00000000 00:00 0 
62ee7000-62eea000 ---p 00000000 00:00 0 
62eea000-62f37000 rw-p 00000000 00:00 0 
62f37000-63065000 r-xp 00000000 b3:02 12425      /usr/lib/arm-linux-gnueabihf/libstdc++.so.6.0.25
63065000-63075000 ---p 0012e000 b3:02 12425      /usr/lib/arm-linux-gnueabihf/libstdc++.so.6.0.25
63075000-6307a000 r--p 0012e000 b3:02 12425      /usr/lib/arm-linux-gnueabihf/libstdc++.so.6.0.25
6307a000-6307c000 rw-p 00133000 b3:02 12425      /usr/lib/arm-linux-gnueabihf/libstdc++.so.6.0.25
6307c000-64c7f000 rw-p 00000000 00:00 0 
64c7f000-64c80000 ---p 00000000 00:00 0 
64c80000-64d00000 rw-p 00000000 00:00 0 
64d00000-64dcd000 rw-p 00000000 00:00 0 
64dcd000-64e00000 ---p 00000000 00:00 0 
64e00000-64e67000 rw-p 00000000 00:00 0 
64e67000-64f00000 ---p 00000000 00:00 0 
64f0e000-64f19000 r-xp 00000000 b3:02 262664     /home/pi/jdk1.8.0_211/jre/lib/arm/libprism_sw.so
64f19000-64f21000 ---p 0000b000 b3:02 262664     /home/pi/jdk1.8.0_211/jre/lib/arm/libprism_sw.so
64f21000-64f22000 rw-p 0000b000 b3:02 262664     /home/pi/jdk1.8.0_211/jre/lib/arm/libprism_sw.so
64f22000-64f27000 r-xp 00000000 b3:02 262652     /home/pi/jdk1.8.0_211/jre/lib/arm/libglass_monocle.so
64f27000-64f2e000 ---p 00005000 b3:02 262652     /home/pi/jdk1.8.0_211/jre/lib/arm/libglass_monocle.so
64f2e000-64f2f000 rw-p 00004000 b3:02 262652     /home/pi/jdk1.8.0_211/jre/lib/arm/libglass_monocle.so
64f2f000-64f32000 ---p 00000000 00:00 0 
64f32000-64f7f000 rw-p 00000000 00:00 0 
64f7f000-64f80000 ---p 00000000 00:00 0 
64f80000-64f83000 ---p 00000000 00:00 0 
64f83000-65000000 rw-p 00000000 00:00 0 
65000000-650ef000 rw-p 00000000 00:00 0 
650ef000-65100000 ---p 00000000 00:00 0 
65108000-65112000 r-xp 00000000 b3:02 262663     /home/pi/jdk1.8.0_211/jre/lib/arm/libprism_es2_monocle.so
65112000-65119000 ---p 0000a000 b3:02 262663     /home/pi/jdk1.8.0_211/jre/lib/arm/libprism_es2_monocle.so
65119000-6511a000 rw-p 00009000 b3:02 262663     /home/pi/jdk1.8.0_211/jre/lib/arm/libprism_es2_monocle.so
6511a000-6511d000 ---p 00000000 00:00 0 
6511d000-6516a000 rw-p 00000000 00:00 0 
6516a000-65200000 r--s 008be000 b3:02 262635     /home/pi/jdk1.8.0_211/jre/lib/ext/jfxrt.jar
65200000-65221000 rw-p 00000000 00:00 0 
65221000-65300000 ---p 00000000 00:00 0 
6530b000-6531e000 r-xp 00000000 b3:02 262124     /home/pi/jdk1.8.0_211/jre/lib/arm/libnet.so
6531e000-65325000 ---p 00013000 b3:02 262124     /home/pi/jdk1.8.0_211/jre/lib/arm/libnet.so
65325000-65326000 r--p 00012000 b3:02 262124     /home/pi/jdk1.8.0_211/jre/lib/arm/libnet.so
65326000-65327000 rw-p 00013000 b3:02 262124     /home/pi/jdk1.8.0_211/jre/lib/arm/libnet.so
65327000-6532a000 ---p 00000000 00:00 0 
6532a000-65377000 rw-p 00000000 00:00 0 
65377000-6537f000 r--s 00032000 b3:02 391730     /home/pi/Downloads/pi4j-1.2/lib/pi4j-device.jar
6537f000-65386000 r--s 000a7000 b3:02 391787     /home/pi/Downloads/pi4j-1.2/lib/pi4j-core.jar
65386000-65600000 r--p 0006b000 b3:02 72465      /usr/lib/locale/locale-archive
65600000-65800000 r--p 00000000 b3:02 72465      /usr/lib/locale/locale-archive
65800000-65833000 rw-p 00000000 00:00 0 
65833000-65900000 ---p 00000000 00:00 0 
65900000-65921000 rw-p 00000000 00:00 0 
65921000-65a00000 ---p 00000000 00:00 0 
65a00000-65a21000 rw-p 00000000 00:00 0 
65a21000-65b00000 ---p 00000000 00:00 0 
65b04000-65b06000 r--s 0001b000 b3:02 254499     /home/pi/Downloads/idea-IC-192.5728.98/lib/idea_rt.jar
65b06000-65b09000 ---p 00000000 00:00 0 
65b09000-65b56000 rw-p 00000000 00:00 0 
65b56000-65b59000 ---p 00000000 00:00 0 
65b59000-65ba6000 rw-p 00000000 00:00 0 
65ba6000-65ba9000 ---p 00000000 00:00 0 
65ba9000-65bf6000 rw-p 00000000 00:00 0 
65bf6000-65bf7000 ---p 00000000 00:00 0 
65bf7000-65cc6000 rw-p 00000000 00:00 0 
65cc6000-65ea0000 r--s 03d6d000 b3:02 262233     /home/pi/jdk1.8.0_211/jre/lib/rt.jar
65ea0000-66321000 rw-p 00000000 00:00 0 
66321000-66347000 ---p 00000000 00:00 0 
66347000-6634c000 rw-p 00000000 00:00 0 
6634c000-66391000 ---p 00000000 00:00 0 
66391000-66394000 rw-p 00000000 00:00 0 
66394000-663b5000 ---p 00000000 00:00 0 
663b5000-663bb000 rw-p 00000000 00:00 0 
663bb000-663ff000 ---p 00000000 00:00 0 
663ff000-668a0000 rw-p 00000000 00:00 0 
668a0000-6ad40000 ---p 00000000 00:00 0 
6ad40000-6b6a0000 rw-p 00000000 00:00 0 
6b6a0000-74000000 ---p 00000000 00:00 0 
74001000-74006000 r--s 00042000 b3:02 391709     /home/pi/Downloads/pi4j-1.2/lib/pi4j-example.jar
74006000-74019000 r--s 00345000 b3:02 262211     /home/pi/jdk1.8.0_211/jre/lib/resources.jar
74019000-7401d000 rw-p 00000000 00:00 0 
7401d000-74099000 ---p 00000000 00:00 0 
74099000-74169000 rwxp 00000000 00:00 0 
74169000-76099000 ---p 00000000 00:00 0 
76099000-760b1000 r-xp 00000000 b3:02 262146     /home/pi/jdk1.8.0_211/jre/lib/arm/libzip.so
760b1000-760b8000 ---p 00018000 b3:02 262146     /home/pi/jdk1.8.0_211/jre/lib/arm/libzip.so
760b8000-760b9000 r--p 00017000 b3:02 262146     /home/pi/jdk1.8.0_211/jre/lib/arm/libzip.so
760b9000-760ba000 rw-p 00018000 b3:02 262146     /home/pi/jdk1.8.0_211/jre/lib/arm/libzip.so
760ba000-760c3000 r-xp 00000000 b3:02 2037       /lib/arm-linux-gnueabihf/libnss_files-2.28.so
760c3000-760d3000 ---p 00009000 b3:02 2037       /lib/arm-linux-gnueabihf/libnss_files-2.28.so
760d3000-760d4000 r--p 00009000 b3:02 2037       /lib/arm-linux-gnueabihf/libnss_files-2.28.so
760d4000-760d5000 rw-p 0000a000 b3:02 2037       /lib/arm-linux-gnueabihf/libnss_files-2.28.so
760d5000-760db000 rw-p 00000000 00:00 0 
760dc000-760de000 r--s 00016000 b3:02 391727     /home/pi/Downloads/pi4j-1.2/lib/pi4j-gpio-extension.jar
760de000-760e4000 r--s 000b4000 b3:02 391820     /home/pi/Downloads/pi4j-1.2/lib/pi4j-core-sources.jar
760e4000-760e5000 r--s 00000000 b3:02 262182     /home/pi/jdk1.8.0_211/jre/lib/management-agent.jar
760e5000-760ea000 r--s 000a3000 b3:02 262178     /home/pi/jdk1.8.0_211/jre/lib/jsse.jar
760ea000-760ef000 r--s 00084000 b3:02 262214     /home/pi/jdk1.8.0_211/jre/lib/jfr.jar
760ef000-760f7000 r-xp 00000000 b3:02 262157     /home/pi/jdk1.8.0_211/jre/lib/arm/libinstrument.so
760f7000-760fe000 ---p 00008000 b3:02 262157     /home/pi/jdk1.8.0_211/jre/lib/arm/libinstrument.so
760fe000-760ff000 r--p 00007000 b3:02 262157     /home/pi/jdk1.8.0_211/jre/lib/arm/libinstrument.so
760ff000-76100000 rw-p 00008000 b3:02 262157     /home/pi/jdk1.8.0_211/jre/lib/arm/libinstrument.so
76100000-76200000 rw-p 00000000 00:00 0 
76200000-76205000 r--s 002f9000 b3:02 262255     /home/pi/jdk1.8.0_211/jre/lib/charsets.jar
76205000-76228000 r-xp 00000000 b3:02 262115     /home/pi/jdk1.8.0_211/jre/lib/arm/libjava.so
76228000-7622f000 ---p 00023000 b3:02 262115     /home/pi/jdk1.8.0_211/jre/lib/arm/libjava.so
7622f000-76230000 r--p 00022000 b3:02 262115     /home/pi/jdk1.8.0_211/jre/lib/arm/libjava.so
76230000-76231000 rw-p 00023000 b3:02 262115     /home/pi/jdk1.8.0_211/jre/lib/arm/libjava.so
76231000-76237000 r-xp 00000000 b3:02 2063       /lib/arm-linux-gnueabihf/librt-2.28.so
76237000-76246000 ---p 00006000 b3:02 2063       /lib/arm-linux-gnueabihf/librt-2.28.so
76246000-76247000 r--p 00005000 b3:02 2063       /lib/arm-linux-gnueabihf/librt-2.28.so
76247000-76248000 rw-p 00006000 b3:02 2063       /lib/arm-linux-gnueabihf/librt-2.28.so
76248000-76249000 ---p 00000000 00:00 0 
76249000-7624c000 ---p 00000000 00:00 0 
7624c000-76299000 rw-p 00000000 00:00 0 
76299000-7630a000 r-xp 00000000 b3:02 2024       /lib/arm-linux-gnueabihf/libm-2.28.so
7630a000-76319000 ---p 00071000 b3:02 2024       /lib/arm-linux-gnueabihf/libm-2.28.so
76319000-7631a000 r--p 00070000 b3:02 2024       /lib/arm-linux-gnueabihf/libm-2.28.so
7631a000-7631b000 rw-p 00071000 b3:02 2024       /lib/arm-linux-gnueabihf/libm-2.28.so
7631b000-768b2000 r-xp 00000000 b3:02 262112     /home/pi/jdk1.8.0_211/jre/lib/arm/client/libjvm.so
768b2000-768b9000 ---p 00597000 b3:02 262112     /home/pi/jdk1.8.0_211/jre/lib/arm/client/libjvm.so
768b9000-768cd000 r--p 00596000 b3:02 262112     /home/pi/jdk1.8.0_211/jre/lib/arm/client/libjvm.so
768cd000-768e6000 rw-p 005aa000 b3:02 262112     /home/pi/jdk1.8.0_211/jre/lib/arm/client/libjvm.so
768e6000-76d0d000 rw-p 00000000 00:00 0 
76d0d000-76d29000 r-xp 00000000 b3:02 2014       /lib/arm-linux-gnueabihf/libgcc_s.so.1
76d29000-76d38000 ---p 0001c000 b3:02 2014       /lib/arm-linux-gnueabihf/libgcc_s.so.1
76d38000-76d39000 r--p 0001b000 b3:02 2014       /lib/arm-linux-gnueabihf/libgcc_s.so.1
76d39000-76d3a000 rw-p 0001c000 b3:02 2014       /lib/arm-linux-gnueabihf/libgcc_s.so.1
76d3a000-76e72000 r-xp 00000000 b3:02 1999       /lib/arm-linux-gnueabihf/libc-2.28.so
76e72000-76e82000 ---p 00138000 b3:02 1999       /lib/arm-linux-gnueabihf/libc-2.28.so
76e82000-76e84000 r--p 00138000 b3:02 1999       /lib/arm-linux-gnueabihf/libc-2.28.so
76e84000-76e85000 rw-p 0013a000 b3:02 1999       /lib/arm-linux-gnueabihf/libc-2.28.so
76e85000-76e88000 rw-p 00000000 00:00 0 
76e88000-76e8a000 r-xp 00000000 b3:02 2007       /lib/arm-linux-gnueabihf/libdl-2.28.so
76e8a000-76e99000 ---p 00002000 b3:02 2007       /lib/arm-linux-gnueabihf/libdl-2.28.so
76e99000-76e9a000 r--p 00001000 b3:02 2007       /lib/arm-linux-gnueabihf/libdl-2.28.so
76e9a000-76e9b000 rw-p 00002000 b3:02 2007       /lib/arm-linux-gnueabihf/libdl-2.28.so
76e9b000-76eb0000 r-xp 00000000 b3:02 262270     /home/pi/jdk1.8.0_211/lib/arm/jli/libjli.so
76eb0000-76eb7000 ---p 00015000 b3:02 262270     /home/pi/jdk1.8.0_211/lib/arm/jli/libjli.so
76eb7000-76eb8000 r--p 00014000 b3:02 262270     /home/pi/jdk1.8.0_211/lib/arm/jli/libjli.so
76eb8000-76eb9000 rw-p 00015000 b3:02 262270     /home/pi/jdk1.8.0_211/lib/arm/jli/libjli.so
76eb9000-76ed0000 r-xp 00000000 b3:02 2059       /lib/arm-linux-gnueabihf/libpthread-2.28.so
76ed0000-76edf000 ---p 00017000 b3:02 2059       /lib/arm-linux-gnueabihf/libpthread-2.28.so
76edf000-76ee0000 r--p 00016000 b3:02 2059       /lib/arm-linux-gnueabihf/libpthread-2.28.so
76ee0000-76ee1000 rw-p 00017000 b3:02 2059       /lib/arm-linux-gnueabihf/libpthread-2.28.so
76ee1000-76ee3000 rw-p 00000000 00:00 0 
76ee3000-76ee4000 r--s 00000000 b3:02 261589     /home/pi/jdk1.8.0_211/jre/lib/jfxswt.jar
76ee4000-76eed000 r-xp 00000000 b3:02 262139     /home/pi/jdk1.8.0_211/jre/lib/arm/libverify.so
76eed000-76ef5000 ---p 00009000 b3:02 262139     /home/pi/jdk1.8.0_211/jre/lib/arm/libverify.so
76ef5000-76ef6000 r--p 00009000 b3:02 262139     /home/pi/jdk1.8.0_211/jre/lib/arm/libverify.so
76ef6000-76ef7000 rw-p 0000a000 b3:02 262139     /home/pi/jdk1.8.0_211/jre/lib/arm/libverify.so
76ef7000-76efb000 r-xp 00000000 b3:02 11957      /usr/lib/arm-linux-gnueabihf/libarmmem-v7l.so
76efb000-76f0a000 ---p 00004000 b3:02 11957      /usr/lib/arm-linux-gnueabihf/libarmmem-v7l.so
76f0a000-76f0b000 r--p 00003000 b3:02 11957      /usr/lib/arm-linux-gnueabihf/libarmmem-v7l.so
76f0b000-76f0c000 rw-p 00004000 b3:02 11957      /usr/lib/arm-linux-gnueabihf/libarmmem-v7l.so
76f0c000-76f2c000 r-xp 00000000 b3:02 1931       /lib/arm-linux-gnueabihf/ld-2.28.so
76f2c000-76f2f000 r--s 0001a000 b3:02 262188     /home/pi/jdk1.8.0_211/jre/lib/jce.jar
76f2f000-76f37000 rw-s 00000000 b3:02 275803     /tmp/hsperfdata_root/1479
76f37000-76f38000 r--p 00000000 00:00 0 
76f38000-76f3c000 rw-p 00000000 00:00 0 
76f3c000-76f3d000 r--p 00020000 b3:02 1931       /lib/arm-linux-gnueabihf/ld-2.28.so
76f3d000-76f3e000 rw-p 00021000 b3:02 1931       /lib/arm-linux-gnueabihf/ld-2.28.so
7ece6000-7ed07000 rw-p 00000000 00:00 0          [stack]
7ed19000-7ed1a000 r-xp 00000000 00:00 0          [sigpage]
7ed1a000-7ed1b000 r--p 00000000 00:00 0          [vvar]
7ed1b000-7ed1c000 r-xp 00000000 00:00 0          [vdso]
ffff0000-ffff1000 r-xp 00000000 00:00 0          [vectors]

VM Arguments:
jvm_args: -javaagent:/home/pi/Downloads/idea-IC-192.5728.98/lib/idea_rt.jar=33469:/home/pi/Downloads/idea-IC-192.5728.98/bin -Dfile.encoding=UTF-8 
java_command: sample.Main
java_class_path (initial): /home/pi/jdk1.8.0_211/jre/lib/charsets.jar:/home/pi/jdk1.8.0_211/jre/lib/ext/cldrdata.jar:/home/pi/jdk1.8.0_211/jre/lib/ext/dnsns.jar:/home/pi/jdk1.8.0_211/jre/lib/ext/jaccess.jar:/home/pi/jdk1.8.0_211/jre/lib/ext/jfxrt.jar:/home/pi/jdk1.8.0_211/jre/lib/ext/localedata.jar:/home/pi/jdk1.8.0_211/jre/lib/ext/nashorn.jar:/home/pi/jdk1.8.0_211/jre/lib/ext/sunec.jar:/home/pi/jdk1.8.0_211/jre/lib/ext/sunjce_provider.jar:/home/pi/jdk1.8.0_211/jre/lib/ext/sunpkcs11.jar:/home/pi/jdk1.8.0_211/jre/lib/ext/zipfs.jar:/home/pi/jdk1.8.0_211/jre/lib/jce.jar:/home/pi/jdk1.8.0_211/jre/lib/jfr.jar:/home/pi/jdk1.8.0_211/jre/lib/jfxswt.jar:/home/pi/jdk1.8.0_211/jre/lib/jsse.jar:/home/pi/jdk1.8.0_211/jre/lib/management-agent.jar:/home/pi/jdk1.8.0_211/jre/lib/resources.jar:/home/pi/jdk1.8.0_211/jre/lib/rt.jar:/home/pi/Documents/Drink/out/production/Drink:/home/pi/Downloads/pi4j-1.2/lib/pi4j-core-sources.jar:/home/pi/Downloads/pi4j-1.2/lib/pi4j-core.jar:/home/pi/Downloads/pi4j-1.2/lib/pi4j-device.jar:/home/pi/Downloads/pi4j-1.2/lib/pi4j-example.jar:/home/pi/Downloads/pi4j-1.2/lib/pi4j-gpio-extension.jar:/home/pi/Downloads/idea-IC-192.5728.98/lib/idea_rt.jar
Launcher Type: SUN_STANDARD

Environment Variables:
PATH=/usr/local/sbin:/usr/local/bin:/usr/sbin:/usr/bin:/sbin:/bin
SHELL=/bin/bash
DISPLAY=:0.0

Signal Handlers:
SIGSEGV: [libjvm.so+0x51776c], sa_mask[0]=11111111011111111101111111111110, sa_flags=SA_RESTART|SA_SIGINFO
SIGBUS: [libjvm.so+0x51776c], sa_mask[0]=11111111011111111101111111111110, sa_flags=SA_RESTART|SA_SIGINFO
SIGFPE: [libjvm.so+0x40b3cc], sa_mask[0]=11111111011111111101111111111110, sa_flags=SA_RESTART|SA_SIGINFO
SIGPIPE: [libjvm.so+0x40b3cc], sa_mask[0]=11111111011111111101111111111110, sa_flags=SA_RESTART|SA_SIGINFO
SIGXFSZ: [libjvm.so+0x40b3cc], sa_mask[0]=11111111011111111101111111111110, sa_flags=SA_RESTART|SA_SIGINFO
SIGILL: [libjvm.so+0x40b3cc], sa_mask[0]=11111111011111111101111111111110, sa_flags=SA_RESTART|SA_SIGINFO
SIGUSR1: SIG_DFL, sa_mask[0]=00000000000000000000000000000000, sa_flags=none
SIGUSR2: [libjvm.so+0x40b530], sa_mask[0]=00100000000000000000000000000000, sa_flags=SA_RESTART|SA_SIGINFO
SIGHUP: [libjvm.so+0x40b964], sa_mask[0]=11111111011111111101111111111110, sa_flags=SA_RESTART|SA_SIGINFO
SIGINT: [libjvm.so+0x40b964], sa_mask[0]=11111111011111111101111111111110, sa_flags=SA_RESTART|SA_SIGINFO
SIGTERM: [libjvm.so+0x40b964], sa_mask[0]=11111111011111111101111111111110, sa_flags=SA_RESTART|SA_SIGINFO
SIGQUIT: [libjvm.so+0x40b964], sa_mask[0]=11111111011111111101111111111110, sa_flags=SA_RESTART|SA_SIGINFO


---------------  S Y S T E M  ---------------

OS:PRETTY_NAME="Raspbian GNU/Linux 10 (buster)"
NAME="Raspbian GNU/Linux"
VERSION_ID="10"
VERSION="10 (buster)"
VERSION_CODENAME=buster
ID=raspbian
ID_LIKE=debian
HOME_URL="http://www.raspbian.org/"
SUPPORT_URL="http://www.raspbian.org/RaspbianForums"
BUG_REPORT_URL="http://www.raspbian.org/RaspbianBugs"

uname:Linux 4.19.50-v7+ #896 SMP Thu Jun 20 16:11:44 BST 2019 armv7l
libc:glibc 2.28 NPTL 2.28 
rlimit: STACK 8192k, CORE 0k, NPROC 6924, NOFILE 1048576, AS infinity
load average:1.48 0.42 0.45

/proc/meminfo:
MemTotal:         895524 kB
MemFree:           79952 kB
MemAvailable:     182568 kB
Buffers:            4176 kB
Cached:           139336 kB
SwapCached:         3364 kB
Active:           420640 kB
Inactive:         327260 kB
Active(anon):     348668 kB
Inactive(anon):   259668 kB
Active(file):      71972 kB
Inactive(file):    67592 kB
Unevictable:          16 kB
Mlocked:              16 kB
SwapTotal:        102396 kB
SwapFree:          75260 kB
Dirty:              1136 kB
Writeback:             0 kB
AnonPages:        601804 kB
Mapped:            53312 kB
Shmem:              3924 kB
Slab:              47128 kB
SReclaimable:      16208 kB
SUnreclaim:        30920 kB
KernelStack:        2408 kB
PageTables:         5248 kB
NFS_Unstable:          0 kB
Bounce:                0 kB
WritebackTmp:          0 kB
CommitLimit:      550156 kB
Committed_AS:    1462060 kB
VmallocTotal:    1163264 kB
VmallocUsed:           0 kB
VmallocChunk:          0 kB
Percpu:              656 kB
CmaTotal:           8192 kB
CmaFree:            5552 kB

container (cgroup) information:
container_type: cgroupv1
cpu_cpuset_cpus: 0-3
cpu_memory_nodes: 0
active_processor_count: 4
cpu_quota: -2
cpu_period: -2
cpu_shares: -1
memory_limit_in_bytes: -1
memory_and_swap_limit_in_bytes: -2
memory_soft_limit_in_bytes: -1
memory_usage_in_bytes: 707493888
memory_max_usage_in_bytes: 766038016


CPU:total 4 (initial active 4) (ARMv7), vfp

/proc/cpuinfo:
processor	: 0
model name	: ARMv7 Processor rev 4 (v7l)
BogoMIPS	: 89.60
Features	: half thumb fastmult vfp edsp neon vfpv3 tls vfpv4 idiva idivt vfpd32 lpae evtstrm crc32 
CPU implementer	: 0x41
CPU architecture: 7
CPU variant	: 0x0
CPU part	: 0xd03
CPU revision	: 4

processor	: 1
model name	: ARMv7 Processor rev 4 (v7l)
BogoMIPS	: 89.60
Features	: half thumb fastmult vfp edsp neon vfpv3 tls vfpv4 idiva idivt vfpd32 lpae evtstrm crc32 
CPU implementer	: 0x41
CPU architecture: 7
CPU variant	: 0x0
CPU part	: 0xd03
CPU revision	: 4

processor	: 2
model name	: ARMv7 Processor rev 4 (v7l)
BogoMIPS	: 89.60
Features	: half thumb fastmult vfp edsp neon vfpv3 tls vfpv4 idiva idivt vfpd32 lpae evtstrm crc32 
CPU implementer	: 0x41
CPU architecture: 7
CPU variant	: 0x0
CPU part	: 0xd03
CPU revision	: 4

processor	: 3
model name	: ARMv7 Processor rev 4 (v7l)
BogoMIPS	: 89.60
Features	: half thumb fastmult vfp edsp neon vfpv3 tls vfpv4 idiva idivt vfpd32 lpae evtstrm crc32 
CPU implementer	: 0x41
CPU architecture: 7
CPU variant	: 0x0
CPU part	: 0xd03
CPU revision	: 4

Hardware	: BCM2835
Revision	: a020d3
Serial		: 00000000a70cf4d8


Memory: 4k page, physical 895524k(79952k free), swap 102396k(75260k free)

vm_info: Java HotSpot(TM) Client VM (25.211-b12) for linux-arm-vfp-hflt JRE (1.8.0_211-b12), built on Apr  1 2019 22:36:07 by "fedora" with gcc 4.7.2 20120910 (prerelease)

time: Sat Nov 23 09:20:24 2019
timezone: CET
elapsed time: 1 seconds (0d 0h 0m 1s)

