#
# A fatal error has been detected by the Java Runtime Environment:
#
#  SIGSEGV (0xb) at pc=0x00000000, pid=1275, tid=0x62cff460
#
# JRE version: Java(TM) SE Runtime Environment (8.0_211-b12) (build 1.8.0_211-b12)
# Java VM: Java HotSpot(TM) Client VM (25.211-b12 mixed mode linux-arm )
# Problematic frame:
# C  0x00000000
#
# Failed to write core dump. Core dumps have been disabled. To enable core dumping, try "ulimit -c unlimited" before starting Java again
#
# If you would like to submit a bug report, please visit:
#   http://bugreport.java.com/bugreport/crash.jsp
# The crash happened outside the Java Virtual Machine in native code.
# See problematic frame for where to report the bug.
#

---------------  T H R E A D  ---------------

Current thread (0x62b00800):  JavaThread "Event Thread" [_thread_in_native, id=1299, stack(0x62cb0000,0x62d00000)]

siginfo: si_signo: 11 (SIGSEGV), si_code: 1 (SEGV_MAPERR), si_addr: 0x00000000

Registers:
  r0  = 0x00000000
  r1  = 0x00100000
  r2  = 0x00100000
  r3  = 0x00000000
  r4  = 0x00000000
  r5  = 0x65319c40
  r6  = 0x65319b28
  r7  = 0x00000000
  r8  = 0x62cfe784
  r9  = 0x6612d9b0
  r10 = 0x62b00800
  fp  = 0x62cfe6dc
  r12 = 0x65319c40
  sp  = 0x62cfe678
  lr  = 0x6530fa34
  pc  = 0x00000000
  cpsr = 0x60000010

Top of Stack: (sp=0x62cfe678)
0x62cfe678:   00000000 00000000 740b2c80 62010000
0x62cfe688:   62cfe638 00000000 00000000 00000000
0x62cfe698:   00000000 00000000 00000000 00000000
0x62cfe6a8:   00000000 65020000 00000000 00000000
0x62cfe6b8:   00100000 00100000 740ab764 6530fb24
0x62cfe6c8:   00000000 00000000 62cfe784 62b00800
0x62cfe6d8:   62cfe6e4 6530fb60 62cfe770 7407aa2c
0x62cfe6e8:   00000000 00000000 6612d900 00000000 

Instructions: (pc=0x00000000)
0xffffffe0:   

Register to memory mapping:

  r0  = 0x00000000
0x00000000 is an unknown value

  r1  = 0x00100000
0x00100000 is an unknown value

  r2  = 0x00100000
0x00100000 is an unknown value

  r3  = 0x00000000
0x00000000 is an unknown value

  r4  = 0x00000000
0x00000000 is an unknown value

  r5  = 0x65319c40
0x65319c40: <offset 0xcc40> in /home/pi/jdk1.8.0_211/jre/lib/arm/libglass_monocle.so at 0x6530d000

  r6  = 0x65319b28
0x65319b28: <offset 0xcb28> in /home/pi/jdk1.8.0_211/jre/lib/arm/libglass_monocle.so at 0x6530d000

  r7  = 0x00000000
0x00000000 is an unknown value

  r8  = 0x62cfe784
0x62cfe784 is pointing into the stack for thread: 0x62b00800

  r9  = 0x6612d9b0
{method} {0x6612d9b0} '_initDispmanCursor' '(II)V' in 'com/sun/glass/ui/monocle/DispmanCursor'

  r10 = 0x62b00800
0x62b00800 is a thread

  fp  = 0x62cfe6dc
0x62cfe6dc is pointing into the stack for thread: 0x62b00800

  r12 = 0x65319c40
0x65319c40: <offset 0xcc40> in /home/pi/jdk1.8.0_211/jre/lib/arm/libglass_monocle.so at 0x6530d000

  sp  = 0x62cfe678
0x62cfe678 is pointing into the stack for thread: 0x62b00800

  lr  = 0x6530fa34
0x6530fa34: <offset 0x2a34> in /home/pi/jdk1.8.0_211/jre/lib/arm/libglass_monocle.so at 0x6530d000

  pc  = 0x00000000
0x00000000 is an unknown value



Stack: [0x62cb0000,0x62d00000],  sp=0x62cfe678,  free space=313k
Java frames: (J=compiled Java code, j=interpreted, Vv=VM code)
j  com.sun.glass.ui.monocle.DispmanCursor._initDispmanCursor(II)V+0
j  com.sun.glass.ui.monocle.DispmanCursor.<init>()V+9
j  com.sun.glass.ui.monocle.DispmanPlatform.createCursor()Lcom/sun/glass/ui/monocle/NativeCursor;+4
j  com.sun.glass.ui.monocle.NativePlatform.getCursor()Lcom/sun/glass/ui/monocle/NativeCursor;+9
j  com.sun.glass.ui.monocle.MonocleApplication.staticCursor_setVisible(Z)V+3
j  com.sun.glass.ui.monocle.MonocleApplication.updateDeviceFlags(Lcom/sun/glass/ui/monocle/InputDevice;Z)V+83
j  com.sun.glass.ui.monocle.MonocleApplication.lambda$new$107(Ljavafx/collections/SetChangeListener$Change;)V+18
j  com.sun.glass.ui.monocle.MonocleApplication$$Lambda$40.onChanged(Ljavafx/collections/SetChangeListener$Change;)V+5
j  com.sun.javafx.collections.SetListenerHelper$SingleChange.fireValueChangedEvent(Ljavafx/collections/SetChangeListener$Change;)V+5
j  com.sun.javafx.collections.SetListenerHelper.fireValueChangedEvent(Lcom/sun/javafx/collections/SetListenerHelper;Ljavafx/collections/SetChangeListener$Change;)V+6
j  com.sun.javafx.collections.ObservableSetWrapper.callObservers(Ljavafx/collections/SetChangeListener$Change;)V+5
j  com.sun.javafx.collections.ObservableSetWrapper.add(Ljava/lang/Object;)Z+25
j  com.sun.glass.ui.monocle.LinuxInputDeviceRegistry.addDeviceInternal(Lcom/sun/glass/ui/monocle/LinuxInputDevice;Ljava/lang/String;)Lcom/sun/glass/ui/monocle/LinuxInputDevice;+49
j  com.sun.glass.ui.monocle.LinuxInputDeviceRegistry.createDevice(Ljava/io/File;Ljava/io/File;Ljava/util/Map;)Lcom/sun/glass/ui/monocle/LinuxInputDevice;+37
j  com.sun.glass.ui.monocle.LinuxInputDeviceRegistry.lambda$new$97(Ljava/util/Map;Ljava/lang/String;Ljava/util/Map;)V+123
j  com.sun.glass.ui.monocle.LinuxInputDeviceRegistry$$Lambda$39.udevEvent(Ljava/lang/String;Ljava/util/Map;)V+10
j  com.sun.glass.ui.monocle.Udev$1.run()V+63
j  com.sun.glass.ui.monocle.RunnableProcessor.runLoop()Ljava/lang/Object;+36
j  com.sun.glass.ui.monocle.RunnableProcessor.run()V+1
j  java.lang.Thread.run()V+11
v  ~StubRoutines::call_stub

---------------  P R O C E S S  ---------------

Java Threads: ( => current thread )
  0x65808000 JavaThread "Linux input: /dev/input/mouse1" daemon [_thread_in_native, id=1302, stack(0x62c60000,0x62cb0000)]
=>0x62b00800 JavaThread "Event Thread" [_thread_in_native, id=1299, stack(0x62cb0000,0x62d00000)]
  0x650f6000 JavaThread "udev monitor" daemon [_thread_in_native, id=1294, stack(0x62e47000,0x62e97000)]
  0x650ac400 JavaThread "QuantumRenderer-0" daemon [_thread_blocked, id=1293, stack(0x62fde000,0x6302e000)]
  0x65200800 JavaThread "Attach Listener" daemon [_thread_blocked, id=1292, stack(0x6302e000,0x6307e000)]
  0x65013800 JavaThread "Service Thread" daemon [_thread_blocked, id=1290, stack(0x64f2f000,0x64f7f000)]
  0x65011000 JavaThread "C1 CompilerThread0" daemon [_thread_blocked, id=1289, stack(0x64f80000,0x65000000)]
  0x6500f400 JavaThread "Monitor Ctrl-Break" daemon [_thread_in_native, id=1288, stack(0x6511a000,0x6516a000)]
  0x76181800 JavaThread "Signal Dispatcher" daemon [_thread_blocked, id=1283, stack(0x65336000,0x65386000)]
  0x76166400 JavaThread "Finalizer" daemon [_thread_blocked, id=1282, stack(0x65b3a000,0x65b8a000)]
  0x76164400 JavaThread "Reference Handler" daemon [_thread_blocked, id=1280, stack(0x65b8a000,0x65bda000)]
  0x76108400 JavaThread "main" [_thread_blocked, id=1276, stack(0x7621e000,0x7626e000)]

Other Threads:
  0x7615ec00 VMThread [stack: 0x73e0a000,0x73e8a000] [id=1278]
  0x6501e400 WatcherThread [stack: 0x6307f000,0x630ff000] [id=1291]

VM state:not at safepoint (normal execution)

VM Mutex/Monitor currently owned by a thread: None

Heap:
 def new generation   total 4352K, used 2548K [0x66200000, 0x666a0000, 0x6ab40000)
  eden space 3968K,  54% used [0x66200000, 0x6641d3f8, 0x665e0000)
  from space 384K, 100% used [0x665e0000, 0x66640000, 0x66640000)
  to   space 384K,   0% used [0x66640000, 0x66640000, 0x666a0000)
 tenured generation   total 9600K, used 1302K [0x6ab40000, 0x6b4a0000, 0x73e00000)
   the space 9600K,  13% used [0x6ab40000, 0x6ac85870, 0x6ac85a00, 0x6b4a0000)
 Metaspace       used 3994K, capacity 4247K, committed 4248K, reserved 4400K

Card table byte_map: [0x73f7e000,0x73fed000] byte_map_base: 0x73c4d000

Polling page: 0x76f0c000

CodeCache: size=32768Kb used=828Kb max_used=828Kb free=31939Kb
 bounds [0x7406d000, 0x7413d000, 0x7606d000]
 total_blobs=327 nmethods=145 adapters=114
 compilation: enabled

Compilation events (10 events):
Event: 2.151 Thread 0x65011000  141             java.nio.Buffer::nextGetIndex (31 bytes)
Event: 2.152 Thread 0x65011000 nmethod 141 0x74138808 code [0x74138900, 0x741389f4]
Event: 2.152 Thread 0x65011000  142             java.nio.DirectByteBuffer::ix (10 bytes)
Event: 2.153 Thread 0x65011000 nmethod 142 0x74138a88 code [0x74138b60, 0x74138bf8]
Event: 2.153 Thread 0x65011000  143   !         com.sun.glass.ui.monocle.Udev::readEvent (350 bytes)
Event: 2.161 Thread 0x65011000 nmethod 143 0x74138c48 code [0x74138e80, 0x7413a5e8]
Event: 2.161 Thread 0x65011000  144             java.util.HashMap$Node::<init> (26 bytes)
Event: 2.162 Thread 0x65011000 nmethod 144 0x7413bcc8 code [0x7413bda0, 0x7413be68]
Event: 2.186 Thread 0x65011000  145             java.lang.StringBuilder::<init> (7 bytes)
Event: 2.188 Thread 0x65011000 nmethod 145 0x7413bfc8 code [0x7413c0b0, 0x7413c1b8]

GC Heap History (4 events):
Event: 1.450 GC heap before
{Heap before GC invocations=0 (full 0):
 def new generation   total 4352K, used 3966K [0x66200000, 0x666a0000, 0x6ab40000)
  eden space 3968K,  99% used [0x66200000, 0x665df908, 0x665e0000)
  from space 384K,   0% used [0x665e0000, 0x665e0000, 0x66640000)
  to   space 384K,   0% used [0x66640000, 0x66640000, 0x666a0000)
 tenured generation   total 9600K, used 0K [0x6ab40000, 0x6b4a0000, 0x73e00000)
   the space 9600K,   0% used [0x6ab40000, 0x6ab40000, 0x6ab40200, 0x6b4a0000)
 Metaspace       used 2693K, capacity 2881K, committed 2968K, reserved 4400K
Event: 1.465 GC heap after
Heap after GC invocations=1 (full 0):
 def new generation   total 4352K, used 384K [0x66200000, 0x666a0000, 0x6ab40000)
  eden space 3968K,   0% used [0x66200000, 0x66200000, 0x665e0000)
  from space 384K, 100% used [0x66640000, 0x666a0000, 0x666a0000)
  to   space 384K,   0% used [0x665e0000, 0x665e0000, 0x66640000)
 tenured generation   total 9600K, used 381K [0x6ab40000, 0x6b4a0000, 0x73e00000)
   the space 9600K,   3% used [0x6ab40000, 0x6ab9f5e0, 0x6ab9f600, 0x6b4a0000)
 Metaspace       used 2693K, capacity 2881K, committed 2968K, reserved 4400K
}
Event: 1.986 GC heap before
{Heap before GC invocations=1 (full 0):
 def new generation   total 4352K, used 4349K [0x66200000, 0x666a0000, 0x6ab40000)
  eden space 3968K,  99% used [0x66200000, 0x665df648, 0x665e0000)
  from space 384K, 100% used [0x66640000, 0x666a0000, 0x666a0000)
  to   space 384K,   0% used [0x665e0000, 0x665e0000, 0x66640000)
 tenured generation   total 9600K, used 381K [0x6ab40000, 0x6b4a0000, 0x73e00000)
   the space 9600K,   3% used [0x6ab40000, 0x6ab9f5e0, 0x6ab9f600, 0x6b4a0000)
 Metaspace       used 3631K, capacity 3867K, committed 3992K, reserved 4400K
Event: 1.998 GC heap after
Heap after GC invocations=2 (full 0):
 def new generation   total 4352K, used 384K [0x66200000, 0x666a0000, 0x6ab40000)
  eden space 3968K,   0% used [0x66200000, 0x66200000, 0x665e0000)
  from space 384K, 100% used [0x665e0000, 0x66640000, 0x66640000)
  to   space 384K,   0% used [0x66640000, 0x66640000, 0x666a0000)
 tenured generation   total 9600K, used 1302K [0x6ab40000, 0x6b4a0000, 0x73e00000)
   the space 9600K,  13% used [0x6ab40000, 0x6ac85870, 0x6ac85a00, 0x6b4a0000)
 Metaspace       used 3631K, capacity 3867K, committed 3992K, reserved 4400K
}

Deoptimization events (0 events):
No events

Classes redefined (0 events):
No events

Internal exceptions (10 events):
Event: 0.264 Thread 0x76108400 Exception <a 'java/lang/NoSuchMethodError': Method sun.misc.Unsafe.defineClass(Ljava/lang/String;[BII)Ljava/lang/Class; name or signature does not match> (0x66206ea0) thrown at [/HUDSON/workspace/8-2-build-glinux-arm-vfp-hflt/jdk8u211/12973/hotspot/src/sh
Event: 0.264 Thread 0x76108400 Exception <a 'java/lang/NoSuchMethodError': Method sun.misc.Unsafe.prefetchRead(Ljava/lang/Object;J)V name or signature does not match> (0x66207170) thrown at [/HUDSON/workspace/8-2-build-glinux-arm-vfp-hflt/jdk8u211/12973/hotspot/src/share/vm/prims/jni.c
Event: 1.240 Thread 0x76108400 Exception <a 'java/lang/NoSuchFieldError': method resolution failed> (0x664bb360) thrown at [/HUDSON/workspace/8-2-build-glinux-arm-vfp-hflt/jdk8u211/12973/hotspot/src/share/vm/prims/methodHandles.cpp, line 1167]
Event: 1.247 Thread 0x76108400 Exception <a 'java/lang/NoSuchFieldError': method resolution failed> (0x664c7e68) thrown at [/HUDSON/workspace/8-2-build-glinux-arm-vfp-hflt/jdk8u211/12973/hotspot/src/share/vm/prims/methodHandles.cpp, line 1167]
Event: 1.364 Thread 0x76108400 Exception <a 'java/security/PrivilegedActionException'> (0x66568338) thrown at [/HUDSON/workspace/8-2-build-glinux-arm-vfp-hflt/jdk8u211/12973/hotspot/src/share/vm/prims/jvm.cpp, line 1502]
Event: 1.364 Thread 0x76108400 Exception <a 'java/security/PrivilegedActionException'> (0x66568538) thrown at [/HUDSON/workspace/8-2-build-glinux-arm-vfp-hflt/jdk8u211/12973/hotspot/src/share/vm/prims/jvm.cpp, line 1502]
Event: 1.365 Thread 0x76108400 Exception <a 'java/security/PrivilegedActionException'> (0x6656a540) thrown at [/HUDSON/workspace/8-2-build-glinux-arm-vfp-hflt/jdk8u211/12973/hotspot/src/share/vm/prims/jvm.cpp, line 1502]
Event: 1.365 Thread 0x76108400 Exception <a 'java/security/PrivilegedActionException'> (0x6656a740) thrown at [/HUDSON/workspace/8-2-build-glinux-arm-vfp-hflt/jdk8u211/12973/hotspot/src/share/vm/prims/jvm.cpp, line 1502]
Event: 1.370 Thread 0x76108400 Exception <a 'java/lang/NullPointerException'> (0x6656b0c0) thrown at [/HUDSON/workspace/8-2-build-glinux-arm-vfp-hflt/jdk8u211/12973/hotspot/src/share/vm/interpreter/linkResolver.cpp, line 1185]
Event: 2.180 Thread 0x62b00800 Exception <a 'java/io/FileNotFoundException'> (0x663acb60) thrown at [/HUDSON/workspace/8-2-build-glinux-arm-vfp-hflt/jdk8u211/12973/hotspot/src/share/vm/prims/jni.cpp, line 710]

Events (10 events):
Event: 2.189 loading class com/sun/glass/ui/monocle/C done
Event: 2.250 loading class com/sun/glass/ui/monocle/LinuxMouseProcessor
Event: 2.250 loading class com/sun/glass/ui/monocle/LinuxMouseProcessor done
Event: 2.252 loading class com/sun/glass/ui/monocle/MouseInput
Event: 2.252 loading class com/sun/glass/ui/monocle/MouseInput done
Event: 2.257 loading class com/sun/glass/ui/monocle/MouseState
Event: 2.257 loading class com/sun/glass/ui/monocle/MouseState done
Event: 2.259 loading class com/sun/glass/ui/monocle/IntSet
Event: 2.259 loading class com/sun/glass/ui/monocle/IntSet done
Event: 2.262 Thread 0x65808000 Thread added: 0x65808000


Dynamic libraries:
00008000-00009000 r-xp 00000000 b3:02 262073     /home/pi/jdk1.8.0_211/bin/java
00010000-00011000 r--p 00000000 b3:02 262073     /home/pi/jdk1.8.0_211/bin/java
00011000-00012000 rw-p 00001000 b3:02 262073     /home/pi/jdk1.8.0_211/bin/java
00f2d000-00f4e000 rw-p 00000000 00:00 0          [heap]
62b00000-62b29000 rw-p 00000000 00:00 0 
62b29000-62c00000 ---p 00000000 00:00 0 
62c60000-62c63000 ---p 00000000 00:00 0 
62c63000-62cb0000 rw-p 00000000 00:00 0 
62cb0000-62cb3000 ---p 00000000 00:00 0 
62cb3000-62d00000 rw-p 00000000 00:00 0 
62d00000-62d29000 rw-p 00000000 00:00 0 
62d29000-62e00000 ---p 00000000 00:00 0 
62e47000-62e4a000 ---p 00000000 00:00 0 
62e4a000-62e97000 rw-p 00000000 00:00 0 
62e97000-62fc5000 r-xp 00000000 b3:02 12425      /usr/lib/arm-linux-gnueabihf/libstdc++.so.6.0.25
62fc5000-62fd5000 ---p 0012e000 b3:02 12425      /usr/lib/arm-linux-gnueabihf/libstdc++.so.6.0.25
62fd5000-62fda000 r--p 0012e000 b3:02 12425      /usr/lib/arm-linux-gnueabihf/libstdc++.so.6.0.25
62fda000-62fdc000 rw-p 00133000 b3:02 12425      /usr/lib/arm-linux-gnueabihf/libstdc++.so.6.0.25
62fdc000-62fde000 rw-p 00000000 00:00 0 
62fde000-62fe1000 ---p 00000000 00:00 0 
62fe1000-6302e000 rw-p 00000000 00:00 0 
6302e000-63031000 ---p 00000000 00:00 0 
63031000-6307e000 rw-p 00000000 00:00 0 
6307e000-6307f000 ---p 00000000 00:00 0 
6307f000-64d00000 rw-p 00000000 00:00 0 
64d00000-64dfb000 rw-p 00000000 00:00 0 
64dfb000-64e00000 ---p 00000000 00:00 0 
64e00000-64e49000 rw-p 00000000 00:00 0 
64e49000-64f00000 ---p 00000000 00:00 0 
64f2f000-64f32000 ---p 00000000 00:00 0 
64f32000-64f7f000 rw-p 00000000 00:00 0 
64f7f000-64f80000 ---p 00000000 00:00 0 
64f80000-64f83000 ---p 00000000 00:00 0 
64f83000-65000000 rw-p 00000000 00:00 0 
65000000-650f9000 rw-p 00000000 00:00 0 
650f9000-65100000 ---p 00000000 00:00 0 
65106000-65111000 r-xp 00000000 b3:02 262664     /home/pi/jdk1.8.0_211/jre/lib/arm/libprism_sw.so
65111000-65119000 ---p 0000b000 b3:02 262664     /home/pi/jdk1.8.0_211/jre/lib/arm/libprism_sw.so
65119000-6511a000 rw-p 0000b000 b3:02 262664     /home/pi/jdk1.8.0_211/jre/lib/arm/libprism_sw.so
6511a000-6511d000 ---p 00000000 00:00 0 
6511d000-6516a000 rw-p 00000000 00:00 0 
6516a000-65200000 r--s 008be000 b3:02 262635     /home/pi/jdk1.8.0_211/jre/lib/ext/jfxrt.jar
65200000-65226000 rw-p 00000000 00:00 0 
65226000-65300000 ---p 00000000 00:00 0 
6530d000-65312000 r-xp 00000000 b3:02 262652     /home/pi/jdk1.8.0_211/jre/lib/arm/libglass_monocle.so
65312000-65319000 ---p 00005000 b3:02 262652     /home/pi/jdk1.8.0_211/jre/lib/arm/libglass_monocle.so
65319000-6531a000 rw-p 00004000 b3:02 262652     /home/pi/jdk1.8.0_211/jre/lib/arm/libglass_monocle.so
6531a000-6532d000 r-xp 00000000 b3:02 262124     /home/pi/jdk1.8.0_211/jre/lib/arm/libnet.so
6532d000-65334000 ---p 00013000 b3:02 262124     /home/pi/jdk1.8.0_211/jre/lib/arm/libnet.so
65334000-65335000 r--p 00012000 b3:02 262124     /home/pi/jdk1.8.0_211/jre/lib/arm/libnet.so
65335000-65336000 rw-p 00013000 b3:02 262124     /home/pi/jdk1.8.0_211/jre/lib/arm/libnet.so
65336000-65339000 ---p 00000000 00:00 0 
65339000-65386000 rw-p 00000000 00:00 0 
65386000-65600000 r--p 0006b000 b3:02 72465      /usr/lib/locale/locale-archive
65600000-65800000 r--p 00000000 b3:02 72465      /usr/lib/locale/locale-archive
65800000-65821000 rw-p 00000000 00:00 0 
65821000-65900000 ---p 00000000 00:00 0 
65900000-65921000 rw-p 00000000 00:00 0 
65921000-65a00000 ---p 00000000 00:00 0 
65a00000-65a21000 rw-p 00000000 00:00 0 
65a21000-65b00000 ---p 00000000 00:00 0 
65b08000-65b12000 r-xp 00000000 b3:02 262663     /home/pi/jdk1.8.0_211/jre/lib/arm/libprism_es2_monocle.so
65b12000-65b19000 ---p 0000a000 b3:02 262663     /home/pi/jdk1.8.0_211/jre/lib/arm/libprism_es2_monocle.so
65b19000-65b1a000 rw-p 00009000 b3:02 262663     /home/pi/jdk1.8.0_211/jre/lib/arm/libprism_es2_monocle.so
65b1a000-65b1f000 r--s 00042000 b3:02 391709     /home/pi/Downloads/pi4j-1.2/lib/pi4j-example.jar
65b1f000-65b27000 r--s 00032000 b3:02 391730     /home/pi/Downloads/pi4j-1.2/lib/pi4j-device.jar
65b27000-65b3a000 r--s 00345000 b3:02 262211     /home/pi/jdk1.8.0_211/jre/lib/resources.jar
65b3a000-65b3d000 ---p 00000000 00:00 0 
65b3d000-65b8a000 rw-p 00000000 00:00 0 
65b8a000-65b8d000 ---p 00000000 00:00 0 
65b8d000-65bda000 rw-p 00000000 00:00 0 
65bda000-65db4000 r--s 03d6d000 b3:02 262233     /home/pi/jdk1.8.0_211/jre/lib/rt.jar
65db4000-661da000 rw-p 00000000 00:00 0 
661da000-66200000 ---p 00000000 00:00 0 
66200000-666a0000 rw-p 00000000 00:00 0 
666a0000-6ab40000 ---p 00000000 00:00 0 
6ab40000-6b4a0000 rw-p 00000000 00:00 0 
6b4a0000-73e00000 ---p 00000000 00:00 0 
73e02000-73e09000 r--s 000a7000 b3:02 391787     /home/pi/Downloads/pi4j-1.2/lib/pi4j-core.jar
73e09000-73e0a000 ---p 00000000 00:00 0 
73e0a000-73f39000 rw-p 00000000 00:00 0 
73f39000-73f7e000 ---p 00000000 00:00 0 
73f7e000-73f81000 rw-p 00000000 00:00 0 
73f81000-73fa2000 ---p 00000000 00:00 0 
73fa2000-73fa8000 rw-p 00000000 00:00 0 
73fa8000-73fec000 ---p 00000000 00:00 0 
73fec000-73ff1000 rw-p 00000000 00:00 0 
73ff1000-7406d000 ---p 00000000 00:00 0 
7406d000-7413d000 rwxp 00000000 00:00 0 
7413d000-7606d000 ---p 00000000 00:00 0 
7606d000-76085000 r-xp 00000000 b3:02 262146     /home/pi/jdk1.8.0_211/jre/lib/arm/libzip.so
76085000-7608c000 ---p 00018000 b3:02 262146     /home/pi/jdk1.8.0_211/jre/lib/arm/libzip.so
7608c000-7608d000 r--p 00017000 b3:02 262146     /home/pi/jdk1.8.0_211/jre/lib/arm/libzip.so
7608d000-7608e000 rw-p 00018000 b3:02 262146     /home/pi/jdk1.8.0_211/jre/lib/arm/libzip.so
7608e000-76097000 r-xp 00000000 b3:02 2037       /lib/arm-linux-gnueabihf/libnss_files-2.28.so
76097000-760a7000 ---p 00009000 b3:02 2037       /lib/arm-linux-gnueabihf/libnss_files-2.28.so
760a7000-760a8000 r--p 00009000 b3:02 2037       /lib/arm-linux-gnueabihf/libnss_files-2.28.so
760a8000-760a9000 rw-p 0000a000 b3:02 2037       /lib/arm-linux-gnueabihf/libnss_files-2.28.so
760a9000-760af000 rw-p 00000000 00:00 0 
760af000-760b1000 r--s 0001b000 b3:02 254499     /home/pi/Downloads/idea-IC-192.5728.98/lib/idea_rt.jar
760b1000-760b3000 r--s 00016000 b3:02 391727     /home/pi/Downloads/pi4j-1.2/lib/pi4j-gpio-extension.jar
760b3000-760b9000 r--s 000b4000 b3:02 391820     /home/pi/Downloads/pi4j-1.2/lib/pi4j-core-sources.jar
760b9000-760be000 r--s 000a3000 b3:02 262178     /home/pi/jdk1.8.0_211/jre/lib/jsse.jar
760be000-760c3000 r--s 00084000 b3:02 262214     /home/pi/jdk1.8.0_211/jre/lib/jfr.jar
760c3000-760cb000 r-xp 00000000 b3:02 262157     /home/pi/jdk1.8.0_211/jre/lib/arm/libinstrument.so
760cb000-760d2000 ---p 00008000 b3:02 262157     /home/pi/jdk1.8.0_211/jre/lib/arm/libinstrument.so
760d2000-760d3000 r--p 00007000 b3:02 262157     /home/pi/jdk1.8.0_211/jre/lib/arm/libinstrument.so
760d3000-760d4000 rw-p 00008000 b3:02 262157     /home/pi/jdk1.8.0_211/jre/lib/arm/libinstrument.so
760d4000-760f7000 r-xp 00000000 b3:02 262115     /home/pi/jdk1.8.0_211/jre/lib/arm/libjava.so
760f7000-760fe000 ---p 00023000 b3:02 262115     /home/pi/jdk1.8.0_211/jre/lib/arm/libjava.so
760fe000-760ff000 r--p 00022000 b3:02 262115     /home/pi/jdk1.8.0_211/jre/lib/arm/libjava.so
760ff000-76100000 rw-p 00023000 b3:02 262115     /home/pi/jdk1.8.0_211/jre/lib/arm/libjava.so
76100000-76200000 rw-p 00000000 00:00 0 
76200000-76201000 r--s 00000000 b3:02 262182     /home/pi/jdk1.8.0_211/jre/lib/management-agent.jar
76201000-76206000 r--s 002f9000 b3:02 262255     /home/pi/jdk1.8.0_211/jre/lib/charsets.jar
76206000-7620c000 r-xp 00000000 b3:02 2063       /lib/arm-linux-gnueabihf/librt-2.28.so
7620c000-7621b000 ---p 00006000 b3:02 2063       /lib/arm-linux-gnueabihf/librt-2.28.so
7621b000-7621c000 r--p 00005000 b3:02 2063       /lib/arm-linux-gnueabihf/librt-2.28.so
7621c000-7621d000 rw-p 00006000 b3:02 2063       /lib/arm-linux-gnueabihf/librt-2.28.so
7621d000-7621e000 ---p 00000000 00:00 0 
7621e000-76221000 ---p 00000000 00:00 0 
76221000-7626e000 rw-p 00000000 00:00 0 
7626e000-762df000 r-xp 00000000 b3:02 2024       /lib/arm-linux-gnueabihf/libm-2.28.so
762df000-762ee000 ---p 00071000 b3:02 2024       /lib/arm-linux-gnueabihf/libm-2.28.so
762ee000-762ef000 r--p 00070000 b3:02 2024       /lib/arm-linux-gnueabihf/libm-2.28.so
762ef000-762f0000 rw-p 00071000 b3:02 2024       /lib/arm-linux-gnueabihf/libm-2.28.so
762f0000-76887000 r-xp 00000000 b3:02 262112     /home/pi/jdk1.8.0_211/jre/lib/arm/client/libjvm.so
76887000-7688e000 ---p 00597000 b3:02 262112     /home/pi/jdk1.8.0_211/jre/lib/arm/client/libjvm.so
7688e000-768a2000 r--p 00596000 b3:02 262112     /home/pi/jdk1.8.0_211/jre/lib/arm/client/libjvm.so
768a2000-768bb000 rw-p 005aa000 b3:02 262112     /home/pi/jdk1.8.0_211/jre/lib/arm/client/libjvm.so
768bb000-76ce2000 rw-p 00000000 00:00 0 
76ce2000-76cfe000 r-xp 00000000 b3:02 2014       /lib/arm-linux-gnueabihf/libgcc_s.so.1
76cfe000-76d0d000 ---p 0001c000 b3:02 2014       /lib/arm-linux-gnueabihf/libgcc_s.so.1
76d0d000-76d0e000 r--p 0001b000 b3:02 2014       /lib/arm-linux-gnueabihf/libgcc_s.so.1
76d0e000-76d0f000 rw-p 0001c000 b3:02 2014       /lib/arm-linux-gnueabihf/libgcc_s.so.1
76d0f000-76e47000 r-xp 00000000 b3:02 1999       /lib/arm-linux-gnueabihf/libc-2.28.so
76e47000-76e57000 ---p 00138000 b3:02 1999       /lib/arm-linux-gnueabihf/libc-2.28.so
76e57000-76e59000 r--p 00138000 b3:02 1999       /lib/arm-linux-gnueabihf/libc-2.28.so
76e59000-76e5a000 rw-p 0013a000 b3:02 1999       /lib/arm-linux-gnueabihf/libc-2.28.so
76e5a000-76e5d000 rw-p 00000000 00:00 0 
76e5d000-76e5f000 r-xp 00000000 b3:02 2007       /lib/arm-linux-gnueabihf/libdl-2.28.so
76e5f000-76e6e000 ---p 00002000 b3:02 2007       /lib/arm-linux-gnueabihf/libdl-2.28.so
76e6e000-76e6f000 r--p 00001000 b3:02 2007       /lib/arm-linux-gnueabihf/libdl-2.28.so
76e6f000-76e70000 rw-p 00002000 b3:02 2007       /lib/arm-linux-gnueabihf/libdl-2.28.so
76e70000-76e85000 r-xp 00000000 b3:02 262270     /home/pi/jdk1.8.0_211/lib/arm/jli/libjli.so
76e85000-76e8c000 ---p 00015000 b3:02 262270     /home/pi/jdk1.8.0_211/lib/arm/jli/libjli.so
76e8c000-76e8d000 r--p 00014000 b3:02 262270     /home/pi/jdk1.8.0_211/lib/arm/jli/libjli.so
76e8d000-76e8e000 rw-p 00015000 b3:02 262270     /home/pi/jdk1.8.0_211/lib/arm/jli/libjli.so
76e8e000-76ea5000 r-xp 00000000 b3:02 2059       /lib/arm-linux-gnueabihf/libpthread-2.28.so
76ea5000-76eb4000 ---p 00017000 b3:02 2059       /lib/arm-linux-gnueabihf/libpthread-2.28.so
76eb4000-76eb5000 r--p 00016000 b3:02 2059       /lib/arm-linux-gnueabihf/libpthread-2.28.so
76eb5000-76eb6000 rw-p 00017000 b3:02 2059       /lib/arm-linux-gnueabihf/libpthread-2.28.so
76eb6000-76eb8000 rw-p 00000000 00:00 0 
76eb8000-76eb9000 r--s 00000000 b3:02 261589     /home/pi/jdk1.8.0_211/jre/lib/jfxswt.jar
76eb9000-76ec2000 r-xp 00000000 b3:02 262139     /home/pi/jdk1.8.0_211/jre/lib/arm/libverify.so
76ec2000-76eca000 ---p 00009000 b3:02 262139     /home/pi/jdk1.8.0_211/jre/lib/arm/libverify.so
76eca000-76ecb000 r--p 00009000 b3:02 262139     /home/pi/jdk1.8.0_211/jre/lib/arm/libverify.so
76ecb000-76ecc000 rw-p 0000a000 b3:02 262139     /home/pi/jdk1.8.0_211/jre/lib/arm/libverify.so
76ecc000-76ed0000 r-xp 00000000 b3:02 11957      /usr/lib/arm-linux-gnueabihf/libarmmem-v7l.so
76ed0000-76edf000 ---p 00004000 b3:02 11957      /usr/lib/arm-linux-gnueabihf/libarmmem-v7l.so
76edf000-76ee0000 r--p 00003000 b3:02 11957      /usr/lib/arm-linux-gnueabihf/libarmmem-v7l.so
76ee0000-76ee1000 rw-p 00004000 b3:02 11957      /usr/lib/arm-linux-gnueabihf/libarmmem-v7l.so
76ee1000-76f01000 r-xp 00000000 b3:02 1931       /lib/arm-linux-gnueabihf/ld-2.28.so
76f01000-76f04000 r--s 0001a000 b3:02 262188     /home/pi/jdk1.8.0_211/jre/lib/jce.jar
76f04000-76f0c000 rw-s 00000000 b3:02 275803     /tmp/hsperfdata_root/1275
76f0c000-76f0d000 r--p 00000000 00:00 0 
76f0d000-76f11000 rw-p 00000000 00:00 0 
76f11000-76f12000 r--p 00020000 b3:02 1931       /lib/arm-linux-gnueabihf/ld-2.28.so
76f12000-76f13000 rw-p 00021000 b3:02 1931       /lib/arm-linux-gnueabihf/ld-2.28.so
7ec63000-7ec84000 rw-p 00000000 00:00 0          [stack]
7edff000-7ee00000 r-xp 00000000 00:00 0          [sigpage]
7ee00000-7ee01000 r--p 00000000 00:00 0          [vvar]
7ee01000-7ee02000 r-xp 00000000 00:00 0          [vdso]
ffff0000-ffff1000 r-xp 00000000 00:00 0          [vectors]

VM Arguments:
jvm_args: -javaagent:/home/pi/Downloads/idea-IC-192.5728.98/lib/idea_rt.jar=39765:/home/pi/Downloads/idea-IC-192.5728.98/bin -Dfile.encoding=UTF-8 
java_command: sample.Main
java_class_path (initial): /home/pi/jdk1.8.0_211/jre/lib/charsets.jar:/home/pi/jdk1.8.0_211/jre/lib/ext/cldrdata.jar:/home/pi/jdk1.8.0_211/jre/lib/ext/dnsns.jar:/home/pi/jdk1.8.0_211/jre/lib/ext/jaccess.jar:/home/pi/jdk1.8.0_211/jre/lib/ext/jfxrt.jar:/home/pi/jdk1.8.0_211/jre/lib/ext/localedata.jar:/home/pi/jdk1.8.0_211/jre/lib/ext/nashorn.jar:/home/pi/jdk1.8.0_211/jre/lib/ext/sunec.jar:/home/pi/jdk1.8.0_211/jre/lib/ext/sunjce_provider.jar:/home/pi/jdk1.8.0_211/jre/lib/ext/sunpkcs11.jar:/home/pi/jdk1.8.0_211/jre/lib/ext/zipfs.jar:/home/pi/jdk1.8.0_211/jre/lib/jce.jar:/home/pi/jdk1.8.0_211/jre/lib/jfr.jar:/home/pi/jdk1.8.0_211/jre/lib/jfxswt.jar:/home/pi/jdk1.8.0_211/jre/lib/jsse.jar:/home/pi/jdk1.8.0_211/jre/lib/management-agent.jar:/home/pi/jdk1.8.0_211/jre/lib/resources.jar:/home/pi/jdk1.8.0_211/jre/lib/rt.jar:/home/pi/Documents/Drink/out/production/Drink:/home/pi/Downloads/pi4j-1.2/lib/pi4j-core-sources.jar:/home/pi/Downloads/pi4j-1.2/lib/pi4j-core.jar:/home/pi/Downloads/pi4j-1.2/lib/pi4j-device.jar:/home/pi/Downloads/pi4j-1.2/lib/pi4j-example.jar:/home/pi/Downloads/pi4j-1.2/lib/pi4j-gpio-extension.jar:/home/pi/Downloads/idea-IC-192.5728.98/lib/idea_rt.jar
Launcher Type: SUN_STANDARD

Environment Variables:
PATH=/usr/local/sbin:/usr/local/bin:/usr/sbin:/usr/bin:/sbin:/bin
SHELL=/bin/bash
DISPLAY=:0.0

Signal Handlers:
SIGSEGV: [libjvm.so+0x51776c], sa_mask[0]=11111111011111111101111111111110, sa_flags=SA_RESTART|SA_SIGINFO
SIGBUS: [libjvm.so+0x51776c], sa_mask[0]=11111111011111111101111111111110, sa_flags=SA_RESTART|SA_SIGINFO
SIGFPE: [libjvm.so+0x40b3cc], sa_mask[0]=11111111011111111101111111111110, sa_flags=SA_RESTART|SA_SIGINFO
SIGPIPE: [libjvm.so+0x40b3cc], sa_mask[0]=11111111011111111101111111111110, sa_flags=SA_RESTART|SA_SIGINFO
SIGXFSZ: [libjvm.so+0x40b3cc], sa_mask[0]=11111111011111111101111111111110, sa_flags=SA_RESTART|SA_SIGINFO
SIGILL: [libjvm.so+0x40b3cc], sa_mask[0]=11111111011111111101111111111110, sa_flags=SA_RESTART|SA_SIGINFO
SIGUSR1: SIG_DFL, sa_mask[0]=00000000000000000000000000000000, sa_flags=none
SIGUSR2: [libjvm.so+0x40b530], sa_mask[0]=00100000000000000000000000000000, sa_flags=SA_RESTART|SA_SIGINFO
SIGHUP: [libjvm.so+0x40b964], sa_mask[0]=11111111011111111101111111111110, sa_flags=SA_RESTART|SA_SIGINFO
SIGINT: [libjvm.so+0x40b964], sa_mask[0]=11111111011111111101111111111110, sa_flags=SA_RESTART|SA_SIGINFO
SIGTERM: [libjvm.so+0x40b964], sa_mask[0]=11111111011111111101111111111110, sa_flags=SA_RESTART|SA_SIGINFO
SIGQUIT: [libjvm.so+0x40b964], sa_mask[0]=11111111011111111101111111111110, sa_flags=SA_RESTART|SA_SIGINFO


---------------  S Y S T E M  ---------------

OS:PRETTY_NAME="Raspbian GNU/Linux 10 (buster)"
NAME="Raspbian GNU/Linux"
VERSION_ID="10"
VERSION="10 (buster)"
VERSION_CODENAME=buster
ID=raspbian
ID_LIKE=debian
HOME_URL="http://www.raspbian.org/"
SUPPORT_URL="http://www.raspbian.org/RaspbianForums"
BUG_REPORT_URL="http://www.raspbian.org/RaspbianBugs"

uname:Linux 4.19.50-v7+ #896 SMP Thu Jun 20 16:11:44 BST 2019 armv7l
libc:glibc 2.28 NPTL 2.28 
rlimit: STACK 8192k, CORE 0k, NPROC 6924, NOFILE 1048576, AS infinity
load average:1.81 1.89 0.95

/proc/meminfo:
MemTotal:         895524 kB
MemFree:           63804 kB
MemAvailable:     186372 kB
Buffers:            3772 kB
Cached:           160336 kB
SwapCached:          556 kB
Active:           484592 kB
Inactive:         276740 kB
Active(anon):     402216 kB
Inactive(anon):   201252 kB
Active(file):      82376 kB
Inactive(file):    75488 kB
Unevictable:          16 kB
Mlocked:              16 kB
SwapTotal:        102396 kB
SwapFree:          87036 kB
Dirty:               256 kB
Writeback:             0 kB
AnonPages:        597028 kB
Mapped:            64228 kB
Shmem:              6208 kB
Slab:              49100 kB
SReclaimable:      19432 kB
SUnreclaim:        29668 kB
KernelStack:        2416 kB
PageTables:         5388 kB
NFS_Unstable:          0 kB
Bounce:                0 kB
WritebackTmp:          0 kB
CommitLimit:      550156 kB
Committed_AS:    1468764 kB
VmallocTotal:    1163264 kB
VmallocUsed:           0 kB
VmallocChunk:          0 kB
Percpu:              656 kB
CmaTotal:           8192 kB
CmaFree:            6152 kB

container (cgroup) information:
container_type: cgroupv1
cpu_cpuset_cpus: 0-3
cpu_memory_nodes: 0
active_processor_count: 4
cpu_quota: -2
cpu_period: -2
cpu_shares: -1
memory_limit_in_bytes: -1
memory_and_swap_limit_in_bytes: -2
memory_soft_limit_in_bytes: -1
memory_usage_in_bytes: 713146368
memory_max_usage_in_bytes: 754765824


CPU:total 4 (initial active 4) (ARMv7), vfp

/proc/cpuinfo:
processor	: 0
model name	: ARMv7 Processor rev 4 (v7l)
BogoMIPS	: 89.60
Features	: half thumb fastmult vfp edsp neon vfpv3 tls vfpv4 idiva idivt vfpd32 lpae evtstrm crc32 
CPU implementer	: 0x41
CPU architecture: 7
CPU variant	: 0x0
CPU part	: 0xd03
CPU revision	: 4

processor	: 1
model name	: ARMv7 Processor rev 4 (v7l)
BogoMIPS	: 89.60
Features	: half thumb fastmult vfp edsp neon vfpv3 tls vfpv4 idiva idivt vfpd32 lpae evtstrm crc32 
CPU implementer	: 0x41
CPU architecture: 7
CPU variant	: 0x0
CPU part	: 0xd03
CPU revision	: 4

processor	: 2
model name	: ARMv7 Processor rev 4 (v7l)
BogoMIPS	: 89.60
Features	: half thumb fastmult vfp edsp neon vfpv3 tls vfpv4 idiva idivt vfpd32 lpae evtstrm crc32 
CPU implementer	: 0x41
CPU architecture: 7
CPU variant	: 0x0
CPU part	: 0xd03
CPU revision	: 4

processor	: 3
model name	: ARMv7 Processor rev 4 (v7l)
BogoMIPS	: 89.60
Features	: half thumb fastmult vfp edsp neon vfpv3 tls vfpv4 idiva idivt vfpd32 lpae evtstrm crc32 
CPU implementer	: 0x41
CPU architecture: 7
CPU variant	: 0x0
CPU part	: 0xd03
CPU revision	: 4

Hardware	: BCM2835
Revision	: a020d3
Serial		: 00000000a70cf4d8


Memory: 4k page, physical 895524k(63804k free), swap 102396k(87036k free)

vm_info: Java HotSpot(TM) Client VM (25.211-b12) for linux-arm-vfp-hflt JRE (1.8.0_211-b12), built on Apr  1 2019 22:36:07 by "fedora" with gcc 4.7.2 20120910 (prerelease)

time: Fri Nov 22 17:22:17 2019
timezone: CET
elapsed time: 2 seconds (0d 0h 0m 2s)

