#
# A fatal error has been detected by the Java Runtime Environment:
#
#  SIGSEGV (0xb) at pc=0x00000000, pid=2187, tid=0x62ef6460
#
# JRE version: Java(TM) SE Runtime Environment (8.0_211-b12) (build 1.8.0_211-b12)
# Java VM: Java HotSpot(TM) Client VM (25.211-b12 mixed mode linux-arm )
# Problematic frame:
# C  0x00000000
#
# Failed to write core dump. Core dumps have been disabled. To enable core dumping, try "ulimit -c unlimited" before starting Java again
#
# If you would like to submit a bug report, please visit:
#   http://bugreport.java.com/bugreport/crash.jsp
# The crash happened outside the Java Virtual Machine in native code.
# See problematic frame for where to report the bug.
#

---------------  T H R E A D  ---------------

Current thread (0x650d7400):  JavaThread "Event Thread" [_thread_in_native, id=2212, stack(0x62ea7000,0x62ef7000)]

siginfo: si_signo: 11 (SIGSEGV), si_code: 1 (SEGV_MAPERR), si_addr: 0x00000000

Registers:
  r0  = 0x00000000
  r1  = 0x00100000
  r2  = 0x00100000
  r3  = 0x00000000
  r4  = 0x00000000
  r5  = 0x65a0fc40
  r6  = 0x65a0fb28
  r7  = 0x00000000
  r8  = 0x62ef5784
  r9  = 0x662b69b0
  r10 = 0x650d7400
  fp  = 0x62ef56dc
  r12 = 0x65a0fc40
  sp  = 0x62ef5678
  lr  = 0x65a05a34
  pc  = 0x00000000
  cpsr = 0x60000010

Top of Stack: (sp=0x62ef5678)
0x62ef5678:   00000000 00000000 74124c80 62010000
0x62ef5688:   62ef5638 00000000 00000000 00000000
0x62ef5698:   00000000 00000000 00000000 00000000
0x62ef56a8:   00000000 64020000 00000000 00000000
0x62ef56b8:   00100000 00100000 7411d728 65a05b24
0x62ef56c8:   00000000 00000000 62ef5784 650d7400
0x62ef56d8:   62ef56e4 65a05b60 62ef5770 740eca2c
0x62ef56e8:   00000000 00000000 662b6900 00000000 

Instructions: (pc=0x00000000)
0xffffffe0:   

Register to memory mapping:

  r0  = 0x00000000
0x00000000 is an unknown value

  r1  = 0x00100000
0x00100000 is an unknown value

  r2  = 0x00100000
0x00100000 is an unknown value

  r3  = 0x00000000
0x00000000 is an unknown value

  r4  = 0x00000000
0x00000000 is an unknown value

  r5  = 0x65a0fc40
0x65a0fc40: <offset 0xcc40> in /home/pi/jdk1.8.0_211/jre/lib/arm/libglass_monocle.so at 0x65a03000

  r6  = 0x65a0fb28
0x65a0fb28: <offset 0xcb28> in /home/pi/jdk1.8.0_211/jre/lib/arm/libglass_monocle.so at 0x65a03000

  r7  = 0x00000000
0x00000000 is an unknown value

  r8  = 0x62ef5784
0x62ef5784 is pointing into the stack for thread: 0x650d7400

  r9  = 0x662b69b0
{method} {0x662b69b0} '_initDispmanCursor' '(II)V' in 'com/sun/glass/ui/monocle/DispmanCursor'

  r10 = 0x650d7400
0x650d7400 is a thread

  fp  = 0x62ef56dc
0x62ef56dc is pointing into the stack for thread: 0x650d7400

  r12 = 0x65a0fc40
0x65a0fc40: <offset 0xcc40> in /home/pi/jdk1.8.0_211/jre/lib/arm/libglass_monocle.so at 0x65a03000

  sp  = 0x62ef5678
0x62ef5678 is pointing into the stack for thread: 0x650d7400

  lr  = 0x65a05a34
0x65a05a34: <offset 0x2a34> in /home/pi/jdk1.8.0_211/jre/lib/arm/libglass_monocle.so at 0x65a03000

  pc  = 0x00000000
0x00000000 is an unknown value



Stack: [0x62ea7000,0x62ef7000],  sp=0x62ef5678,  free space=313k
Java frames: (J=compiled Java code, j=interpreted, Vv=VM code)
j  com.sun.glass.ui.monocle.DispmanCursor._initDispmanCursor(II)V+0
j  com.sun.glass.ui.monocle.DispmanCursor.<init>()V+9
j  com.sun.glass.ui.monocle.DispmanPlatform.createCursor()Lcom/sun/glass/ui/monocle/NativeCursor;+4
j  com.sun.glass.ui.monocle.NativePlatform.getCursor()Lcom/sun/glass/ui/monocle/NativeCursor;+9
j  com.sun.glass.ui.monocle.MonocleApplication.staticCursor_setVisible(Z)V+3
j  com.sun.glass.ui.monocle.MonocleApplication.updateDeviceFlags(Lcom/sun/glass/ui/monocle/InputDevice;Z)V+83
j  com.sun.glass.ui.monocle.MonocleApplication.lambda$new$107(Ljavafx/collections/SetChangeListener$Change;)V+18
j  com.sun.glass.ui.monocle.MonocleApplication$$Lambda$40.onChanged(Ljavafx/collections/SetChangeListener$Change;)V+5
j  com.sun.javafx.collections.SetListenerHelper$SingleChange.fireValueChangedEvent(Ljavafx/collections/SetChangeListener$Change;)V+5
j  com.sun.javafx.collections.SetListenerHelper.fireValueChangedEvent(Lcom/sun/javafx/collections/SetListenerHelper;Ljavafx/collections/SetChangeListener$Change;)V+6
j  com.sun.javafx.collections.ObservableSetWrapper.callObservers(Ljavafx/collections/SetChangeListener$Change;)V+5
j  com.sun.javafx.collections.ObservableSetWrapper.add(Ljava/lang/Object;)Z+25
j  com.sun.glass.ui.monocle.LinuxInputDeviceRegistry.addDeviceInternal(Lcom/sun/glass/ui/monocle/LinuxInputDevice;Ljava/lang/String;)Lcom/sun/glass/ui/monocle/LinuxInputDevice;+49
j  com.sun.glass.ui.monocle.LinuxInputDeviceRegistry.createDevice(Ljava/io/File;Ljava/io/File;Ljava/util/Map;)Lcom/sun/glass/ui/monocle/LinuxInputDevice;+37
j  com.sun.glass.ui.monocle.LinuxInputDeviceRegistry.lambda$new$97(Ljava/util/Map;Ljava/lang/String;Ljava/util/Map;)V+123
j  com.sun.glass.ui.monocle.LinuxInputDeviceRegistry$$Lambda$39.udevEvent(Ljava/lang/String;Ljava/util/Map;)V+10
j  com.sun.glass.ui.monocle.Udev$1.run()V+63
j  com.sun.glass.ui.monocle.RunnableProcessor.runLoop()Ljava/lang/Object;+36
j  com.sun.glass.ui.monocle.RunnableProcessor.run()V+1
j  java.lang.Thread.run()V+11
v  ~StubRoutines::call_stub

---------------  P R O C E S S  ---------------

Java Threads: ( => current thread )
  0x65908000 JavaThread "Linux input: /dev/input/mouse1" daemon [_thread_new, id=2217, stack(0x00000000,0x00000000)]
=>0x650d7400 JavaThread "Event Thread" [_thread_in_native, id=2212, stack(0x62ea7000,0x62ef7000)]
  0x650d4400 JavaThread "udev monitor" daemon [_thread_in_native, id=2207, stack(0x62ef7000,0x62f47000)]
  0x650bb800 JavaThread "QuantumRenderer-0" daemon [_thread_blocked, id=2206, stack(0x6308e000,0x630de000)]
  0x65800800 JavaThread "Attach Listener" daemon [_thread_blocked, id=2205, stack(0x630de000,0x6312e000)]
  0x6502d400 JavaThread "Service Thread" daemon [_thread_blocked, id=2202, stack(0x631af000,0x631ff000)]
  0x65011000 JavaThread "C1 CompilerThread0" daemon [_thread_blocked, id=2201, stack(0x65120000,0x651a0000)]
  0x6500f400 JavaThread "Monitor Ctrl-Break" daemon [_thread_in_native, id=2200, stack(0x651a0000,0x651f0000)]
  0x76181800 JavaThread "Signal Dispatcher" daemon [_thread_blocked, id=2199, stack(0x65a10000,0x65a60000)]
  0x76166400 JavaThread "Finalizer" daemon [_thread_blocked, id=2194, stack(0x65a60000,0x65ab0000)]
  0x76164400 JavaThread "Reference Handler" daemon [_thread_blocked, id=2193, stack(0x65ab0000,0x65b00000)]
  0x76108400 JavaThread "main" [_thread_blocked, id=2188, stack(0x7629c000,0x762ec000)]

Other Threads:
  0x7615ec00 VMThread [stack: 0x65c41000,0x65cc1000] [id=2191]
  0x6502ec00 WatcherThread [stack: 0x6312f000,0x631af000] [id=2203]

VM state:not at safepoint (normal execution)

VM Mutex/Monitor currently owned by a thread: None

Heap:
 def new generation   total 4352K, used 2507K [0x66400000, 0x668a0000, 0x6ad40000)
  eden space 3968K,  53% used [0x66400000, 0x66612f40, 0x667e0000)
  from space 384K, 100% used [0x667e0000, 0x66840000, 0x66840000)
  to   space 384K,   0% used [0x66840000, 0x66840000, 0x668a0000)
 tenured generation   total 9600K, used 1327K [0x6ad40000, 0x6b6a0000, 0x74000000)
   the space 9600K,  13% used [0x6ad40000, 0x6ae8bf88, 0x6ae8c000, 0x6b6a0000)
 Metaspace       used 3988K, capacity 4247K, committed 4248K, reserved 4400K

Card table byte_map: [0x66391000,0x66400000] byte_map_base: 0x6605f000

Polling page: 0x76f8a000

CodeCache: size=32768Kb used=827Kb max_used=827Kb free=31940Kb
 bounds [0x740df000, 0x741af000, 0x760df000]
 total_blobs=325 nmethods=143 adapters=114
 compilation: enabled

Compilation events (10 events):
Event: 1.885 Thread 0x65011000  139             java.util.HashMap::put (13 bytes)
Event: 1.886 Thread 0x65011000 nmethod 139 0x741a2e88 code [0x741a2f80, 0x741a3090]
Event: 1.886 Thread 0x65011000  140             java.util.HashMap$Node::<init> (26 bytes)
Event: 1.887 Thread 0x65011000 nmethod 140 0x741a3148 code [0x741a3220, 0x741a32e8]
Event: 1.887 Thread 0x65011000  141             java.lang.String::<init> (10 bytes)
Event: 1.888 Thread 0x65011000 nmethod 141 0x741a3348 code [0x741a3420, 0x741a34b8]
Event: 1.888 Thread 0x65011000  142             java.util.Properties::saveConvert (434 bytes)
Event: 1.957 Thread 0x65011000 nmethod 142 0x741a3608 code [0x741a3aa0, 0x741a8ce0]
Event: 1.957 Thread 0x65011000  143             java.lang.StringBuilder::<init> (7 bytes)
Event: 1.957 Thread 0x65011000 nmethod 143 0x741ad948 code [0x741ada30, 0x741adb38]

GC Heap History (4 events):
Event: 1.117 GC heap before
{Heap before GC invocations=0 (full 0):
 def new generation   total 4352K, used 3968K [0x66400000, 0x668a0000, 0x6ad40000)
  eden space 3968K, 100% used [0x66400000, 0x667e0000, 0x667e0000)
  from space 384K,   0% used [0x667e0000, 0x667e0000, 0x66840000)
  to   space 384K,   0% used [0x66840000, 0x66840000, 0x668a0000)
 tenured generation   total 9600K, used 0K [0x6ad40000, 0x6b6a0000, 0x74000000)
   the space 9600K,   0% used [0x6ad40000, 0x6ad40000, 0x6ad40200, 0x6b6a0000)
 Metaspace       used 2693K, capacity 2881K, committed 2968K, reserved 4400K
Event: 1.135 GC heap after
Heap after GC invocations=1 (full 0):
 def new generation   total 4352K, used 384K [0x66400000, 0x668a0000, 0x6ad40000)
  eden space 3968K,   0% used [0x66400000, 0x66400000, 0x667e0000)
  from space 384K, 100% used [0x66840000, 0x668a0000, 0x668a0000)
  to   space 384K,   0% used [0x667e0000, 0x667e0000, 0x66840000)
 tenured generation   total 9600K, used 382K [0x6ad40000, 0x6b6a0000, 0x74000000)
   the space 9600K,   3% used [0x6ad40000, 0x6ad9fb98, 0x6ad9fc00, 0x6b6a0000)
 Metaspace       used 2693K, capacity 2881K, committed 2968K, reserved 4400K
}
Event: 1.696 GC heap before
{Heap before GC invocations=1 (full 0):
 def new generation   total 4352K, used 4352K [0x66400000, 0x668a0000, 0x6ad40000)
  eden space 3968K, 100% used [0x66400000, 0x667e0000, 0x667e0000)
  from space 384K, 100% used [0x66840000, 0x668a0000, 0x668a0000)
  to   space 384K,   0% used [0x667e0000, 0x667e0000, 0x66840000)
 tenured generation   total 9600K, used 382K [0x6ad40000, 0x6b6a0000, 0x74000000)
   the space 9600K,   3% used [0x6ad40000, 0x6ad9fb98, 0x6ad9fc00, 0x6b6a0000)
 Metaspace       used 3536K, capacity 3781K, committed 3864K, reserved 4400K
Event: 1.715 GC heap after
Heap after GC invocations=2 (full 0):
 def new generation   total 4352K, used 384K [0x66400000, 0x668a0000, 0x6ad40000)
  eden space 3968K,   0% used [0x66400000, 0x66400000, 0x667e0000)
  from space 384K, 100% used [0x667e0000, 0x66840000, 0x66840000)
  to   space 384K,   0% used [0x66840000, 0x66840000, 0x668a0000)
 tenured generation   total 9600K, used 1327K [0x6ad40000, 0x6b6a0000, 0x74000000)
   the space 9600K,  13% used [0x6ad40000, 0x6ae8bf88, 0x6ae8c000, 0x6b6a0000)
 Metaspace       used 3536K, capacity 3781K, committed 3864K, reserved 4400K
}

Deoptimization events (0 events):
No events

Classes redefined (0 events):
No events

Internal exceptions (10 events):
Event: 0.110 Thread 0x76108400 Exception <a 'java/lang/NoSuchMethodError': Method sun.misc.Unsafe.defineClass(Ljava/lang/String;[BII)Ljava/lang/Class; name or signature does not match> (0x66406ea0) thrown at [/HUDSON/workspace/8-2-build-glinux-arm-vfp-hflt/jdk8u211/12973/hotspot/src/sh
Event: 0.110 Thread 0x76108400 Exception <a 'java/lang/NoSuchMethodError': Method sun.misc.Unsafe.prefetchRead(Ljava/lang/Object;J)V name or signature does not match> (0x66407170) thrown at [/HUDSON/workspace/8-2-build-glinux-arm-vfp-hflt/jdk8u211/12973/hotspot/src/share/vm/prims/jni.c
Event: 0.883 Thread 0x76108400 Exception <a 'java/lang/NoSuchFieldError': method resolution failed> (0x666bb0b0) thrown at [/HUDSON/workspace/8-2-build-glinux-arm-vfp-hflt/jdk8u211/12973/hotspot/src/share/vm/prims/methodHandles.cpp, line 1167]
Event: 0.893 Thread 0x76108400 Exception <a 'java/lang/NoSuchFieldError': method resolution failed> (0x666c7ae0) thrown at [/HUDSON/workspace/8-2-build-glinux-arm-vfp-hflt/jdk8u211/12973/hotspot/src/share/vm/prims/methodHandles.cpp, line 1167]
Event: 1.029 Thread 0x76108400 Exception <a 'java/security/PrivilegedActionException'> (0x667681a8) thrown at [/HUDSON/workspace/8-2-build-glinux-arm-vfp-hflt/jdk8u211/12973/hotspot/src/share/vm/prims/jvm.cpp, line 1502]
Event: 1.030 Thread 0x76108400 Exception <a 'java/security/PrivilegedActionException'> (0x667683a8) thrown at [/HUDSON/workspace/8-2-build-glinux-arm-vfp-hflt/jdk8u211/12973/hotspot/src/share/vm/prims/jvm.cpp, line 1502]
Event: 1.031 Thread 0x76108400 Exception <a 'java/security/PrivilegedActionException'> (0x6676a3b0) thrown at [/HUDSON/workspace/8-2-build-glinux-arm-vfp-hflt/jdk8u211/12973/hotspot/src/share/vm/prims/jvm.cpp, line 1502]
Event: 1.031 Thread 0x76108400 Exception <a 'java/security/PrivilegedActionException'> (0x6676a5b0) thrown at [/HUDSON/workspace/8-2-build-glinux-arm-vfp-hflt/jdk8u211/12973/hotspot/src/share/vm/prims/jvm.cpp, line 1502]
Event: 1.032 Thread 0x76108400 Exception <a 'java/lang/NullPointerException'> (0x6676af30) thrown at [/HUDSON/workspace/8-2-build-glinux-arm-vfp-hflt/jdk8u211/12973/hotspot/src/share/vm/interpreter/linkResolver.cpp, line 1185]
Event: 1.913 Thread 0x650d7400 Exception <a 'java/io/FileNotFoundException'> (0x665a9088) thrown at [/HUDSON/workspace/8-2-build-glinux-arm-vfp-hflt/jdk8u211/12973/hotspot/src/share/vm/prims/jni.cpp, line 710]

Events (10 events):
Event: 1.927 loading class com/sun/glass/ui/monocle/C done
Event: 1.997 loading class com/sun/glass/ui/monocle/LinuxMouseProcessor
Event: 1.997 loading class com/sun/glass/ui/monocle/LinuxMouseProcessor done
Event: 1.999 loading class com/sun/glass/ui/monocle/MouseInput
Event: 1.999 loading class com/sun/glass/ui/monocle/MouseInput done
Event: 2.003 loading class com/sun/glass/ui/monocle/MouseState
Event: 2.003 loading class com/sun/glass/ui/monocle/MouseState done
Event: 2.009 loading class com/sun/glass/ui/monocle/IntSet
Event: 2.009 loading class com/sun/glass/ui/monocle/IntSet done
Event: 2.013 Thread 0x65908000 Thread added: 0x65908000


Dynamic libraries:
00008000-00009000 r-xp 00000000 b3:02 262073     /home/pi/jdk1.8.0_211/bin/java
00010000-00011000 r--p 00000000 b3:02 262073     /home/pi/jdk1.8.0_211/bin/java
00011000-00012000 rw-p 00001000 b3:02 262073     /home/pi/jdk1.8.0_211/bin/java
01c93000-01cb4000 rw-p 00000000 00:00 0          [heap]
62d00000-62d5a000 rw-p 00000000 00:00 0 
62d5a000-62e00000 ---p 00000000 00:00 0 
62e57000-62ea7000 rw-p 00000000 00:00 0 
62ea7000-62eaa000 ---p 00000000 00:00 0 
62eaa000-62ef7000 rw-p 00000000 00:00 0 
62ef7000-62efa000 ---p 00000000 00:00 0 
62efa000-62f47000 rw-p 00000000 00:00 0 
62f47000-63075000 r-xp 00000000 b3:02 12425      /usr/lib/arm-linux-gnueabihf/libstdc++.so.6.0.25
63075000-63085000 ---p 0012e000 b3:02 12425      /usr/lib/arm-linux-gnueabihf/libstdc++.so.6.0.25
63085000-6308a000 r--p 0012e000 b3:02 12425      /usr/lib/arm-linux-gnueabihf/libstdc++.so.6.0.25
6308a000-6308c000 rw-p 00133000 b3:02 12425      /usr/lib/arm-linux-gnueabihf/libstdc++.so.6.0.25
6308c000-6308e000 rw-p 00000000 00:00 0 
6308e000-63091000 ---p 00000000 00:00 0 
63091000-630de000 rw-p 00000000 00:00 0 
630de000-630e1000 ---p 00000000 00:00 0 
630e1000-6312e000 rw-p 00000000 00:00 0 
6312e000-6312f000 ---p 00000000 00:00 0 
6312f000-631af000 rw-p 00000000 00:00 0 
631af000-631b2000 ---p 00000000 00:00 0 
631b2000-64e00000 rw-p 00000000 00:00 0 
64e00000-64e21000 rw-p 00000000 00:00 0 
64e21000-64f00000 ---p 00000000 00:00 0 
64f00000-64ffd000 rw-p 00000000 00:00 0 
64ffd000-65000000 ---p 00000000 00:00 0 
65000000-650df000 rw-p 00000000 00:00 0 
650df000-65100000 ---p 00000000 00:00 0 
6510b000-65116000 r-xp 00000000 b3:02 262664     /home/pi/jdk1.8.0_211/jre/lib/arm/libprism_sw.so
65116000-6511e000 ---p 0000b000 b3:02 262664     /home/pi/jdk1.8.0_211/jre/lib/arm/libprism_sw.so
6511e000-6511f000 rw-p 0000b000 b3:02 262664     /home/pi/jdk1.8.0_211/jre/lib/arm/libprism_sw.so
6511f000-65120000 ---p 00000000 00:00 0 
65120000-65123000 ---p 00000000 00:00 0 
65123000-651a0000 rw-p 00000000 00:00 0 
651a0000-651a3000 ---p 00000000 00:00 0 
651a3000-651f0000 rw-p 00000000 00:00 0 
651f0000-65286000 r--s 008be000 b3:02 262635     /home/pi/jdk1.8.0_211/jre/lib/ext/jfxrt.jar
65286000-65500000 r--p 0006b000 b3:02 72465      /usr/lib/locale/locale-archive
65500000-65700000 r--p 00000000 b3:02 72465      /usr/lib/locale/locale-archive
65700000-65721000 rw-p 00000000 00:00 0 
65721000-65800000 ---p 00000000 00:00 0 
65800000-65823000 rw-p 00000000 00:00 0 
65823000-65900000 ---p 00000000 00:00 0 
65900000-65921000 rw-p 00000000 00:00 0 
65921000-65a00000 ---p 00000000 00:00 0 
65a03000-65a08000 r-xp 00000000 b3:02 262652     /home/pi/jdk1.8.0_211/jre/lib/arm/libglass_monocle.so
65a08000-65a0f000 ---p 00005000 b3:02 262652     /home/pi/jdk1.8.0_211/jre/lib/arm/libglass_monocle.so
65a0f000-65a10000 rw-p 00004000 b3:02 262652     /home/pi/jdk1.8.0_211/jre/lib/arm/libglass_monocle.so
65a10000-65a13000 ---p 00000000 00:00 0 
65a13000-65a60000 rw-p 00000000 00:00 0 
65a60000-65a63000 ---p 00000000 00:00 0 
65a63000-65ab0000 rw-p 00000000 00:00 0 
65ab0000-65ab3000 ---p 00000000 00:00 0 
65ab3000-65b00000 rw-p 00000000 00:00 0 
65b00000-65b21000 rw-p 00000000 00:00 0 
65b21000-65c00000 ---p 00000000 00:00 0 
65c0a000-65c14000 r-xp 00000000 b3:02 262663     /home/pi/jdk1.8.0_211/jre/lib/arm/libprism_es2_monocle.so
65c14000-65c1b000 ---p 0000a000 b3:02 262663     /home/pi/jdk1.8.0_211/jre/lib/arm/libprism_es2_monocle.so
65c1b000-65c1c000 rw-p 00009000 b3:02 262663     /home/pi/jdk1.8.0_211/jre/lib/arm/libprism_es2_monocle.so
65c1c000-65c2f000 r-xp 00000000 b3:02 262124     /home/pi/jdk1.8.0_211/jre/lib/arm/libnet.so
65c2f000-65c36000 ---p 00013000 b3:02 262124     /home/pi/jdk1.8.0_211/jre/lib/arm/libnet.so
65c36000-65c37000 r--p 00012000 b3:02 262124     /home/pi/jdk1.8.0_211/jre/lib/arm/libnet.so
65c37000-65c38000 rw-p 00013000 b3:02 262124     /home/pi/jdk1.8.0_211/jre/lib/arm/libnet.so
65c38000-65c40000 r--s 00032000 b3:02 391730     /home/pi/Downloads/pi4j-1.2/lib/pi4j-device.jar
65c40000-65c41000 ---p 00000000 00:00 0 
65c41000-65d10000 rw-p 00000000 00:00 0 
65d10000-65eea000 r--s 03d6d000 b3:02 262233     /home/pi/jdk1.8.0_211/jre/lib/rt.jar
65eea000-6636b000 rw-p 00000000 00:00 0 
6636b000-66391000 ---p 00000000 00:00 0 
66391000-66394000 rw-p 00000000 00:00 0 
66394000-663b5000 ---p 00000000 00:00 0 
663b5000-663bb000 rw-p 00000000 00:00 0 
663bb000-663ff000 ---p 00000000 00:00 0 
663ff000-668a0000 rw-p 00000000 00:00 0 
668a0000-6ad40000 ---p 00000000 00:00 0 
6ad40000-6b6a0000 rw-p 00000000 00:00 0 
6b6a0000-74000000 ---p 00000000 00:00 0 
74002000-74015000 r--s 00345000 b3:02 262211     /home/pi/jdk1.8.0_211/jre/lib/resources.jar
74015000-7401a000 rw-p 00000000 00:00 0 
7401a000-7405f000 ---p 00000000 00:00 0 
7405f000-74063000 rw-p 00000000 00:00 0 
74063000-740df000 ---p 00000000 00:00 0 
740df000-741af000 rwxp 00000000 00:00 0 
741af000-760df000 ---p 00000000 00:00 0 
760df000-760f7000 r-xp 00000000 b3:02 262146     /home/pi/jdk1.8.0_211/jre/lib/arm/libzip.so
760f7000-760fe000 ---p 00018000 b3:02 262146     /home/pi/jdk1.8.0_211/jre/lib/arm/libzip.so
760fe000-760ff000 r--p 00017000 b3:02 262146     /home/pi/jdk1.8.0_211/jre/lib/arm/libzip.so
760ff000-76100000 rw-p 00018000 b3:02 262146     /home/pi/jdk1.8.0_211/jre/lib/arm/libzip.so
76100000-76200000 rw-p 00000000 00:00 0 
76200000-76205000 r--s 00042000 b3:02 391709     /home/pi/Downloads/pi4j-1.2/lib/pi4j-example.jar
76205000-7620c000 r--s 000a7000 b3:02 391787     /home/pi/Downloads/pi4j-1.2/lib/pi4j-core.jar
7620c000-76212000 r--s 000b4000 b3:02 391820     /home/pi/Downloads/pi4j-1.2/lib/pi4j-core-sources.jar
76212000-7621b000 r-xp 00000000 b3:02 2037       /lib/arm-linux-gnueabihf/libnss_files-2.28.so
7621b000-7622b000 ---p 00009000 b3:02 2037       /lib/arm-linux-gnueabihf/libnss_files-2.28.so
7622b000-7622c000 r--p 00009000 b3:02 2037       /lib/arm-linux-gnueabihf/libnss_files-2.28.so
7622c000-7622d000 rw-p 0000a000 b3:02 2037       /lib/arm-linux-gnueabihf/libnss_files-2.28.so
7622d000-76233000 rw-p 00000000 00:00 0 
76233000-76235000 r--s 0001b000 b3:02 254499     /home/pi/Downloads/idea-IC-192.5728.98/lib/idea_rt.jar
76235000-76237000 r--s 00016000 b3:02 391727     /home/pi/Downloads/pi4j-1.2/lib/pi4j-gpio-extension.jar
76237000-76238000 r--s 00000000 b3:02 262182     /home/pi/jdk1.8.0_211/jre/lib/management-agent.jar
76238000-7623d000 r--s 000a3000 b3:02 262178     /home/pi/jdk1.8.0_211/jre/lib/jsse.jar
7623d000-76242000 r--s 00084000 b3:02 262214     /home/pi/jdk1.8.0_211/jre/lib/jfr.jar
76242000-76247000 r--s 002f9000 b3:02 262255     /home/pi/jdk1.8.0_211/jre/lib/charsets.jar
76247000-7624f000 r-xp 00000000 b3:02 262157     /home/pi/jdk1.8.0_211/jre/lib/arm/libinstrument.so
7624f000-76256000 ---p 00008000 b3:02 262157     /home/pi/jdk1.8.0_211/jre/lib/arm/libinstrument.so
76256000-76257000 r--p 00007000 b3:02 262157     /home/pi/jdk1.8.0_211/jre/lib/arm/libinstrument.so
76257000-76258000 rw-p 00008000 b3:02 262157     /home/pi/jdk1.8.0_211/jre/lib/arm/libinstrument.so
76258000-7627b000 r-xp 00000000 b3:02 262115     /home/pi/jdk1.8.0_211/jre/lib/arm/libjava.so
7627b000-76282000 ---p 00023000 b3:02 262115     /home/pi/jdk1.8.0_211/jre/lib/arm/libjava.so
76282000-76283000 r--p 00022000 b3:02 262115     /home/pi/jdk1.8.0_211/jre/lib/arm/libjava.so
76283000-76284000 rw-p 00023000 b3:02 262115     /home/pi/jdk1.8.0_211/jre/lib/arm/libjava.so
76284000-7628a000 r-xp 00000000 b3:02 2063       /lib/arm-linux-gnueabihf/librt-2.28.so
7628a000-76299000 ---p 00006000 b3:02 2063       /lib/arm-linux-gnueabihf/librt-2.28.so
76299000-7629a000 r--p 00005000 b3:02 2063       /lib/arm-linux-gnueabihf/librt-2.28.so
7629a000-7629b000 rw-p 00006000 b3:02 2063       /lib/arm-linux-gnueabihf/librt-2.28.so
7629b000-7629c000 ---p 00000000 00:00 0 
7629c000-7629f000 ---p 00000000 00:00 0 
7629f000-762ec000 rw-p 00000000 00:00 0 
762ec000-7635d000 r-xp 00000000 b3:02 2024       /lib/arm-linux-gnueabihf/libm-2.28.so
7635d000-7636c000 ---p 00071000 b3:02 2024       /lib/arm-linux-gnueabihf/libm-2.28.so
7636c000-7636d000 r--p 00070000 b3:02 2024       /lib/arm-linux-gnueabihf/libm-2.28.so
7636d000-7636e000 rw-p 00071000 b3:02 2024       /lib/arm-linux-gnueabihf/libm-2.28.so
7636e000-76905000 r-xp 00000000 b3:02 262112     /home/pi/jdk1.8.0_211/jre/lib/arm/client/libjvm.so
76905000-7690c000 ---p 00597000 b3:02 262112     /home/pi/jdk1.8.0_211/jre/lib/arm/client/libjvm.so
7690c000-76920000 r--p 00596000 b3:02 262112     /home/pi/jdk1.8.0_211/jre/lib/arm/client/libjvm.so
76920000-76939000 rw-p 005aa000 b3:02 262112     /home/pi/jdk1.8.0_211/jre/lib/arm/client/libjvm.so
76939000-76d60000 rw-p 00000000 00:00 0 
76d60000-76d7c000 r-xp 00000000 b3:02 2014       /lib/arm-linux-gnueabihf/libgcc_s.so.1
76d7c000-76d8b000 ---p 0001c000 b3:02 2014       /lib/arm-linux-gnueabihf/libgcc_s.so.1
76d8b000-76d8c000 r--p 0001b000 b3:02 2014       /lib/arm-linux-gnueabihf/libgcc_s.so.1
76d8c000-76d8d000 rw-p 0001c000 b3:02 2014       /lib/arm-linux-gnueabihf/libgcc_s.so.1
76d8d000-76ec5000 r-xp 00000000 b3:02 1999       /lib/arm-linux-gnueabihf/libc-2.28.so
76ec5000-76ed5000 ---p 00138000 b3:02 1999       /lib/arm-linux-gnueabihf/libc-2.28.so
76ed5000-76ed7000 r--p 00138000 b3:02 1999       /lib/arm-linux-gnueabihf/libc-2.28.so
76ed7000-76ed8000 rw-p 0013a000 b3:02 1999       /lib/arm-linux-gnueabihf/libc-2.28.so
76ed8000-76edb000 rw-p 00000000 00:00 0 
76edb000-76edd000 r-xp 00000000 b3:02 2007       /lib/arm-linux-gnueabihf/libdl-2.28.so
76edd000-76eec000 ---p 00002000 b3:02 2007       /lib/arm-linux-gnueabihf/libdl-2.28.so
76eec000-76eed000 r--p 00001000 b3:02 2007       /lib/arm-linux-gnueabihf/libdl-2.28.so
76eed000-76eee000 rw-p 00002000 b3:02 2007       /lib/arm-linux-gnueabihf/libdl-2.28.so
76eee000-76f03000 r-xp 00000000 b3:02 262270     /home/pi/jdk1.8.0_211/lib/arm/jli/libjli.so
76f03000-76f0a000 ---p 00015000 b3:02 262270     /home/pi/jdk1.8.0_211/lib/arm/jli/libjli.so
76f0a000-76f0b000 r--p 00014000 b3:02 262270     /home/pi/jdk1.8.0_211/lib/arm/jli/libjli.so
76f0b000-76f0c000 rw-p 00015000 b3:02 262270     /home/pi/jdk1.8.0_211/lib/arm/jli/libjli.so
76f0c000-76f23000 r-xp 00000000 b3:02 2059       /lib/arm-linux-gnueabihf/libpthread-2.28.so
76f23000-76f32000 ---p 00017000 b3:02 2059       /lib/arm-linux-gnueabihf/libpthread-2.28.so
76f32000-76f33000 r--p 00016000 b3:02 2059       /lib/arm-linux-gnueabihf/libpthread-2.28.so
76f33000-76f34000 rw-p 00017000 b3:02 2059       /lib/arm-linux-gnueabihf/libpthread-2.28.so
76f34000-76f36000 rw-p 00000000 00:00 0 
76f36000-76f37000 r--s 00000000 b3:02 261589     /home/pi/jdk1.8.0_211/jre/lib/jfxswt.jar
76f37000-76f40000 r-xp 00000000 b3:02 262139     /home/pi/jdk1.8.0_211/jre/lib/arm/libverify.so
76f40000-76f48000 ---p 00009000 b3:02 262139     /home/pi/jdk1.8.0_211/jre/lib/arm/libverify.so
76f48000-76f49000 r--p 00009000 b3:02 262139     /home/pi/jdk1.8.0_211/jre/lib/arm/libverify.so
76f49000-76f4a000 rw-p 0000a000 b3:02 262139     /home/pi/jdk1.8.0_211/jre/lib/arm/libverify.so
76f4a000-76f4e000 r-xp 00000000 b3:02 11957      /usr/lib/arm-linux-gnueabihf/libarmmem-v7l.so
76f4e000-76f5d000 ---p 00004000 b3:02 11957      /usr/lib/arm-linux-gnueabihf/libarmmem-v7l.so
76f5d000-76f5e000 r--p 00003000 b3:02 11957      /usr/lib/arm-linux-gnueabihf/libarmmem-v7l.so
76f5e000-76f5f000 rw-p 00004000 b3:02 11957      /usr/lib/arm-linux-gnueabihf/libarmmem-v7l.so
76f5f000-76f7f000 r-xp 00000000 b3:02 1931       /lib/arm-linux-gnueabihf/ld-2.28.so
76f7f000-76f82000 r--s 0001a000 b3:02 262188     /home/pi/jdk1.8.0_211/jre/lib/jce.jar
76f82000-76f8a000 rw-s 00000000 b3:02 275803     /tmp/hsperfdata_root/2187
76f8a000-76f8b000 r--p 00000000 00:00 0 
76f8b000-76f8f000 rw-p 00000000 00:00 0 
76f8f000-76f90000 r--p 00020000 b3:02 1931       /lib/arm-linux-gnueabihf/ld-2.28.so
76f90000-76f91000 rw-p 00021000 b3:02 1931       /lib/arm-linux-gnueabihf/ld-2.28.so
7edc9000-7edea000 rw-p 00000000 00:00 0          [stack]
7eef4000-7eef5000 r-xp 00000000 00:00 0          [sigpage]
7eef5000-7eef6000 r--p 00000000 00:00 0          [vvar]
7eef6000-7eef7000 r-xp 00000000 00:00 0          [vdso]
ffff0000-ffff1000 r-xp 00000000 00:00 0          [vectors]

VM Arguments:
jvm_args: -javaagent:/home/pi/Downloads/idea-IC-192.5728.98/lib/idea_rt.jar=44053:/home/pi/Downloads/idea-IC-192.5728.98/bin -Dfile.encoding=UTF-8 
java_command: sample.Main
java_class_path (initial): /home/pi/jdk1.8.0_211/jre/lib/charsets.jar:/home/pi/jdk1.8.0_211/jre/lib/ext/cldrdata.jar:/home/pi/jdk1.8.0_211/jre/lib/ext/dnsns.jar:/home/pi/jdk1.8.0_211/jre/lib/ext/jaccess.jar:/home/pi/jdk1.8.0_211/jre/lib/ext/jfxrt.jar:/home/pi/jdk1.8.0_211/jre/lib/ext/localedata.jar:/home/pi/jdk1.8.0_211/jre/lib/ext/nashorn.jar:/home/pi/jdk1.8.0_211/jre/lib/ext/sunec.jar:/home/pi/jdk1.8.0_211/jre/lib/ext/sunjce_provider.jar:/home/pi/jdk1.8.0_211/jre/lib/ext/sunpkcs11.jar:/home/pi/jdk1.8.0_211/jre/lib/ext/zipfs.jar:/home/pi/jdk1.8.0_211/jre/lib/jce.jar:/home/pi/jdk1.8.0_211/jre/lib/jfr.jar:/home/pi/jdk1.8.0_211/jre/lib/jfxswt.jar:/home/pi/jdk1.8.0_211/jre/lib/jsse.jar:/home/pi/jdk1.8.0_211/jre/lib/management-agent.jar:/home/pi/jdk1.8.0_211/jre/lib/resources.jar:/home/pi/jdk1.8.0_211/jre/lib/rt.jar:/home/pi/Documents/Drink/out/production/Drink:/home/pi/Downloads/pi4j-1.2/lib/pi4j-core-sources.jar:/home/pi/Downloads/pi4j-1.2/lib/pi4j-core.jar:/home/pi/Downloads/pi4j-1.2/lib/pi4j-device.jar:/home/pi/Downloads/pi4j-1.2/lib/pi4j-example.jar:/home/pi/Downloads/pi4j-1.2/lib/pi4j-gpio-extension.jar:/home/pi/Downloads/idea-IC-192.5728.98/lib/idea_rt.jar
Launcher Type: SUN_STANDARD

Environment Variables:
PATH=/usr/local/sbin:/usr/local/bin:/usr/sbin:/usr/bin:/sbin:/bin
SHELL=/bin/bash
DISPLAY=:0.0

Signal Handlers:
SIGSEGV: [libjvm.so+0x51776c], sa_mask[0]=11111111011111111101111111111110, sa_flags=SA_RESTART|SA_SIGINFO
SIGBUS: [libjvm.so+0x51776c], sa_mask[0]=11111111011111111101111111111110, sa_flags=SA_RESTART|SA_SIGINFO
SIGFPE: [libjvm.so+0x40b3cc], sa_mask[0]=11111111011111111101111111111110, sa_flags=SA_RESTART|SA_SIGINFO
SIGPIPE: [libjvm.so+0x40b3cc], sa_mask[0]=11111111011111111101111111111110, sa_flags=SA_RESTART|SA_SIGINFO
SIGXFSZ: [libjvm.so+0x40b3cc], sa_mask[0]=11111111011111111101111111111110, sa_flags=SA_RESTART|SA_SIGINFO
SIGILL: [libjvm.so+0x40b3cc], sa_mask[0]=11111111011111111101111111111110, sa_flags=SA_RESTART|SA_SIGINFO
SIGUSR1: SIG_DFL, sa_mask[0]=00000000000000000000000000000000, sa_flags=none
SIGUSR2: [libjvm.so+0x40b530], sa_mask[0]=00100000000000000000000000000000, sa_flags=SA_RESTART|SA_SIGINFO
SIGHUP: [libjvm.so+0x40b964], sa_mask[0]=11111111011111111101111111111110, sa_flags=SA_RESTART|SA_SIGINFO
SIGINT: [libjvm.so+0x40b964], sa_mask[0]=11111111011111111101111111111110, sa_flags=SA_RESTART|SA_SIGINFO
SIGTERM: [libjvm.so+0x40b964], sa_mask[0]=11111111011111111101111111111110, sa_flags=SA_RESTART|SA_SIGINFO
SIGQUIT: [libjvm.so+0x40b964], sa_mask[0]=11111111011111111101111111111110, sa_flags=SA_RESTART|SA_SIGINFO


---------------  S Y S T E M  ---------------

OS:PRETTY_NAME="Raspbian GNU/Linux 10 (buster)"
NAME="Raspbian GNU/Linux"
VERSION_ID="10"
VERSION="10 (buster)"
VERSION_CODENAME=buster
ID=raspbian
ID_LIKE=debian
HOME_URL="http://www.raspbian.org/"
SUPPORT_URL="http://www.raspbian.org/RaspbianForums"
BUG_REPORT_URL="http://www.raspbian.org/RaspbianBugs"

uname:Linux 4.19.50-v7+ #896 SMP Thu Jun 20 16:11:44 BST 2019 armv7l
libc:glibc 2.28 NPTL 2.28 
rlimit: STACK 8192k, CORE 0k, NPROC 6924, NOFILE 1048576, AS infinity
load average:1.49 0.47 0.33

/proc/meminfo:
MemTotal:         895524 kB
MemFree:           72028 kB
MemAvailable:     210652 kB
Buffers:            8824 kB
Cached:           171400 kB
SwapCached:         3144 kB
Active:           385664 kB
Inactive:         370648 kB
Active(anon):     257812 kB
Inactive(anon):   322812 kB
Active(file):     127852 kB
Inactive(file):    47836 kB
Unevictable:          16 kB
Mlocked:              16 kB
SwapTotal:        102396 kB
SwapFree:          48124 kB
Dirty:             16176 kB
Writeback:             0 kB
AnonPages:        574432 kB
Mapped:            60912 kB
Shmem:              4556 kB
Slab:              46592 kB
SReclaimable:      15968 kB
SUnreclaim:        30624 kB
KernelStack:        2456 kB
PageTables:         5352 kB
NFS_Unstable:          0 kB
Bounce:                0 kB
WritebackTmp:          0 kB
CommitLimit:      550156 kB
Committed_AS:    1475676 kB
VmallocTotal:    1163264 kB
VmallocUsed:           0 kB
VmallocChunk:          0 kB
Percpu:              656 kB
CmaTotal:           8192 kB
CmaFree:            6152 kB

container (cgroup) information:
container_type: cgroupv1
cpu_cpuset_cpus: 0-3
cpu_memory_nodes: 0
active_processor_count: 4
cpu_quota: -2
cpu_period: -2
cpu_shares: -1
memory_limit_in_bytes: -1
memory_and_swap_limit_in_bytes: -2
memory_soft_limit_in_bytes: -1
memory_usage_in_bytes: 711192576
memory_max_usage_in_bytes: 770527232


CPU:total 4 (initial active 4) (ARMv7), vfp

/proc/cpuinfo:
processor	: 0
model name	: ARMv7 Processor rev 4 (v7l)
BogoMIPS	: 89.60
Features	: half thumb fastmult vfp edsp neon vfpv3 tls vfpv4 idiva idivt vfpd32 lpae evtstrm crc32 
CPU implementer	: 0x41
CPU architecture: 7
CPU variant	: 0x0
CPU part	: 0xd03
CPU revision	: 4

processor	: 1
model name	: ARMv7 Processor rev 4 (v7l)
BogoMIPS	: 89.60
Features	: half thumb fastmult vfp edsp neon vfpv3 tls vfpv4 idiva idivt vfpd32 lpae evtstrm crc32 
CPU implementer	: 0x41
CPU architecture: 7
CPU variant	: 0x0
CPU part	: 0xd03
CPU revision	: 4

processor	: 2
model name	: ARMv7 Processor rev 4 (v7l)
BogoMIPS	: 89.60
Features	: half thumb fastmult vfp edsp neon vfpv3 tls vfpv4 idiva idivt vfpd32 lpae evtstrm crc32 
CPU implementer	: 0x41
CPU architecture: 7
CPU variant	: 0x0
CPU part	: 0xd03
CPU revision	: 4

processor	: 3
model name	: ARMv7 Processor rev 4 (v7l)
BogoMIPS	: 89.60
Features	: half thumb fastmult vfp edsp neon vfpv3 tls vfpv4 idiva idivt vfpd32 lpae evtstrm crc32 
CPU implementer	: 0x41
CPU architecture: 7
CPU variant	: 0x0
CPU part	: 0xd03
CPU revision	: 4

Hardware	: BCM2835
Revision	: a020d3
Serial		: 00000000a70cf4d8


Memory: 4k page, physical 895524k(72028k free), swap 102396k(48124k free)

vm_info: Java HotSpot(TM) Client VM (25.211-b12) for linux-arm-vfp-hflt JRE (1.8.0_211-b12), built on Apr  1 2019 22:36:07 by "fedora" with gcc 4.7.2 20120910 (prerelease)

time: Fri Nov 22 18:06:16 2019
timezone: CET
elapsed time: 2 seconds (0d 0h 0m 2s)

